#! /usr/local/iverilog/bin/vvp
:ivl_version "11.0 (devel)" "(s20150603-642-g3bdb50da)";
:ivl_delay_selection "TYPICAL";
:vpi_time_precision - 12;
:vpi_module "system";
:vpi_module "vhdl_sys";
:vpi_module "vhdl_textio";
:vpi_module "v2005_math";
:vpi_module "va_math";
S_00000000010f54e0 .scope module, "compare_tb" "compare_tb" 2 3;
 .timescale -9 -12;
v000000000114e840_0 .var "a", 3 0;
v000000000114da80_0 .net "ans1", 3 0, L_000000000114e160;  1 drivers
v000000000114dda0_0 .net "ans2", 3 0, L_000000000114e200;  1 drivers
v000000000114de40_0 .net "ans3", 3 0, L_000000000114e3e0;  1 drivers
v000000000114e480_0 .var "b", 3 0;
v000000000114e8e0_0 .var "clk", 0 0;
S_0000000001105700 .scope module, "dut" "compare" 2 36, 3 2 0, S_00000000010f54e0;
 .timescale -9 -12;
    .port_info 0 /INPUT 1 "clk";
    .port_info 1 /INPUT 4 "a";
    .port_info 2 /INPUT 4 "b";
    .port_info 3 /OUTPUT 4 "ans1";
    .port_info 4 /OUTPUT 4 "ans2";
    .port_info 5 /OUTPUT 4 "ans3";
v00000000010bdee0_0 .net *"_s0", 31 0, L_000000000114dd00;  1 drivers
v0000000001105890_0 .net *"_s10", 31 0, L_000000000114e980;  1 drivers
L_000000000114ead8 .functor BUFT 1, C4<0000000000000000000000000000>, C4<0>, C4<0>, C4<0>;
v0000000001105930_0 .net *"_s3", 27 0, L_000000000114ead8;  1 drivers
v00000000011059d0_0 .net *"_s4", 31 0, L_000000000114e340;  1 drivers
v0000000001105a70_0 .net/s *"_s8", 31 0, L_000000000114dee0;  1 drivers
v000000000114d850_0 .net "a", 3 0, v000000000114e840_0;  1 drivers
v000000000114d8f0_0 .net "ans1", 3 0, L_000000000114e160;  alias, 1 drivers
v000000000114d990_0 .net "ans2", 3 0, L_000000000114e200;  alias, 1 drivers
v000000000114e2a0_0 .net "ans3", 3 0, L_000000000114e3e0;  alias, 1 drivers
v000000000114e020_0 .net "b", 3 0, v000000000114e480_0;  1 drivers
v000000000114e0c0_0 .net "clk", 0 0, v000000000114e8e0_0;  1 drivers
L_000000000114dd00 .concat [ 4 28 0 0], v000000000114e840_0, L_000000000114ead8;
L_000000000114e340 .shift/r 32, L_000000000114dd00, v000000000114e480_0;
L_000000000114e160 .part L_000000000114e340, 0, 4;
L_000000000114dee0 .extend/s 32, v000000000114e840_0;
L_000000000114e980 .shift/rs 32, L_000000000114dee0, v000000000114e480_0;
L_000000000114e200 .part L_000000000114e980, 0, 4;
L_000000000114e3e0 .shift/r 4, v000000000114e840_0, v000000000114e480_0;
    .scope S_00000000010f54e0;
T_0 ;
    %pushi/vec4 0, 0, 1;
    %store/vec4 v000000000114e8e0_0, 0, 1;
    %end;
    .thread T_0;
    .scope S_00000000010f54e0;
T_1 ;
    %delay 10000, 0;
    %load/vec4 v000000000114e8e0_0;
    %inv;
    %store/vec4 v000000000114e8e0_0, 0, 1;
    %jmp T_1;
    .thread T_1;
    .scope S_00000000010f54e0;
T_2 ;
    %pushi/vec4 0, 0, 4;
    %store/vec4 v000000000114e840_0, 0, 4;
    %pushi/vec4 0, 0, 4;
    %store/vec4 v000000000114e480_0, 0, 4;
    %delay 100000, 0;
    %pushi/vec4 3, 0, 4;
    %store/vec4 v000000000114e840_0, 0, 4;
    %pushi/vec4 1, 0, 4;
    %store/vec4 v000000000114e480_0, 0, 4;
    %vpi_call 2 23 "$display", "%b %b %b", v000000000114da80_0, v000000000114dda0_0, v000000000114de40_0 {0 0 0};
    %delay 20000, 0;
    %pushi/vec4 14, 0, 4;
    %store/vec4 v000000000114e840_0, 0, 4;
    %pushi/vec4 1, 0, 4;
    %store/vec4 v000000000114e480_0, 0, 4;
    %vpi_call 2 28 "$display", "%b %b %b", v000000000114da80_0, v000000000114dda0_0, v000000000114de40_0 {0 0 0};
    %delay 20000, 0;
    %vpi_call 2 31 "$finish" {0 0 0};
    %end;
    .thread T_2;
    .scope S_00000000010f54e0;
T_3 ;
    %vpi_call 2 39 "$dumpfile", "compare_tb.vcd" {0 0 0};
    %vpi_call 2 40 "$dumpvars", 32'sb00000000000000000000000000000000, S_00000000010f54e0 {0 0 0};
    %end;
    .thread T_3;
# The file index is used to find the file name in the following table.
:file_names 4;
    "N/A";
    "<interactive>";
    "compare_tb.v";
    "./compare.v";
