#! /usr/local/iverilog/bin/vvp
:ivl_version "11.0 (devel)" "(s20150603-642-g3bdb50da)";
:ivl_delay_selection "TYPICAL";
:vpi_time_precision + 0;
:vpi_module "system";
:vpi_module "vhdl_sys";
:vpi_module "vhdl_textio";
:vpi_module "v2005_math";
:vpi_module "va_math";
S_00000000010e2a40 .scope module, "id_fsm" "id_fsm" 2 1;
 .timescale 0 0;
    .port_info 0 /INPUT 8 "char";
    .port_info 1 /INPUT 1 "clk";
    .port_info 2 /OUTPUT 1 "out";
o0000000001116fd8 .functor BUFZ 8, C4<zzzzzzzz>; HiZ drive
v0000000001116f30_0 .net "char", 7 0, o0000000001116fd8;  0 drivers
o0000000001117008 .functor BUFZ 1, C4<z>; HiZ drive
v00000000010e2bd0_0 .net "clk", 0 0, o0000000001117008;  0 drivers
v00000000010e2c70_0 .var "flag", 0 0;
v00000000010e2d10_0 .var "out", 0 0;
E_0000000001114760 .event posedge, v00000000010e2bd0_0;
    .scope S_00000000010e2a40;
T_0 ;
    %pushi/vec4 0, 0, 1;
    %store/vec4 v00000000010e2d10_0, 0, 1;
    %end;
    .thread T_0;
    .scope S_00000000010e2a40;
T_1 ;
    %wait E_0000000001114760;
    %pushi/vec4 65, 0, 8; draw_string_vec4
    %load/vec4 v0000000001116f30_0;
    %cmp/u;
    %flag_get/vec4 4;
    %flag_get/vec4 5;
    %or;
    %load/vec4 v0000000001116f30_0;
    %pushi/vec4 90, 0, 8; draw_string_vec4
    %cmp/u;
    %flag_get/vec4 4;
    %flag_get/vec4 5;
    %or;
    %and;
    %flag_set/vec4 8;
    %pushi/vec4 65, 0, 8;
    %load/vec4 v0000000001116f30_0;
    %cmp/u;
    %flag_get/vec4 4;
    %flag_get/vec4 5;
    %or;
    %load/vec4 v0000000001116f30_0;
    %cmpi/u 90, 0, 8;
    %flag_get/vec4 4;
    %flag_get/vec4 5;
    %or;
    %and;
    %flag_set/vec4 9;
    %flag_or 9, 8;
    %jmp/0xz  T_1.0, 9;
    %pushi/vec4 1, 0, 1;
    %assign/vec4 v00000000010e2c70_0, 0;
    %pushi/vec4 0, 0, 1;
    %assign/vec4 v00000000010e2d10_0, 0;
    %jmp T_1.1;
T_1.0 ;
    %pushi/vec4 48, 0, 8;
    %load/vec4 v0000000001116f30_0;
    %cmp/u;
    %flag_get/vec4 4;
    %flag_get/vec4 5;
    %or;
    %load/vec4 v0000000001116f30_0;
    %cmpi/u 57, 0, 8;
    %flag_get/vec4 4;
    %flag_get/vec4 5;
    %or;
    %and;
    %flag_set/vec4 8;
    %jmp/0xz  T_1.2, 8;
    %load/vec4 v00000000010e2c70_0;
    %flag_set/vec4 8;
    %jmp/0xz  T_1.4, 8;
    %pushi/vec4 1, 0, 1;
    %assign/vec4 v00000000010e2d10_0, 0;
    %jmp T_1.5;
T_1.4 ;
    %pushi/vec4 0, 0, 1;
    %assign/vec4 v00000000010e2d10_0, 0;
T_1.5 ;
    %jmp T_1.3;
T_1.2 ;
    %pushi/vec4 0, 0, 1;
    %assign/vec4 v00000000010e2d10_0, 0;
    %pushi/vec4 0, 0, 1;
    %assign/vec4 v00000000010e2c70_0, 0;
T_1.3 ;
T_1.1 ;
    %jmp T_1;
    .thread T_1;
# The file index is used to find the file name in the following table.
:file_names 3;
    "N/A";
    "<interactive>";
    "id_fsm.v";
