#! /usr/local/iverilog/bin/vvp
:ivl_version "11.0 (devel)" "(s20150603-642-g3bdb50da)";
:ivl_delay_selection "TYPICAL";
:vpi_time_precision - 12;
:vpi_module "system";
:vpi_module "vhdl_sys";
:vpi_module "vhdl_textio";
:vpi_module "v2005_math";
:vpi_module "va_math";
S_000000000108e8d0 .scope module, "ALU_tb" "ALU_tb" 2 3;
 .timescale -9 -12;
v000000000111e700_0 .net "ans", 3 0, L_000000000116f370;  1 drivers
v000000000111dee0_0 .var "clk", 0 0;
v000000000111d8a0_0 .var "inA", 3 0;
v000000000111e2a0_0 .var "inB", 3 0;
v000000000111d9e0_0 .var "op", 1 0;
S_000000000108ea60 .scope module, "dut" "ALU" 2 37, 3 2 0, S_000000000108e8d0;
 .timescale -9 -12;
    .port_info 0 /INPUT 4 "inA";
    .port_info 1 /INPUT 4 "inB";
    .port_info 2 /INPUT 2 "op";
    .port_info 3 /INPUT 2 "inC";
    .port_info 4 /OUTPUT 4 "ans";
L_0000000001126878 .functor BUFT 1, C4<00>, C4<0>, C4<0>, C4<0>;
v000000000108ebf0_0 .net/2u *"_s0", 1 0, L_0000000001126878;  1 drivers
v00000000010d3e60_0 .net *"_s10", 3 0, L_000000000111e0c0;  1 drivers
L_0000000001126908 .functor BUFT 1, C4<10>, C4<0>, C4<0>, C4<0>;
v00000000010d3f00_0 .net/2u *"_s12", 1 0, L_0000000001126908;  1 drivers
v00000000010d3fa0_0 .net *"_s14", 0 0, L_000000000116fc30;  1 drivers
v00000000010d4040_0 .net *"_s16", 3 0, L_000000000116fcd0;  1 drivers
L_0000000001126950 .functor BUFT 1, C4<11>, C4<0>, C4<0>, C4<0>;
v000000000111e200_0 .net/2u *"_s18", 1 0, L_0000000001126950;  1 drivers
v000000000111dd00_0 .net *"_s2", 0 0, L_000000000111da80;  1 drivers
v000000000111de40_0 .net *"_s20", 0 0, L_000000000116f7d0;  1 drivers
v000000000111db20_0 .net *"_s22", 3 0, L_000000000116edd0;  1 drivers
L_0000000001126998 .functor BUFT 1, C4<0000>, C4<0>, C4<0>, C4<0>;
v000000000111e3e0_0 .net/2u *"_s24", 3 0, L_0000000001126998;  1 drivers
v000000000111e020_0 .net *"_s26", 3 0, L_0000000001170310;  1 drivers
v000000000111dbc0_0 .net *"_s28", 3 0, L_000000000116ef10;  1 drivers
v000000000111e480_0 .net *"_s30", 3 0, L_000000000116ee70;  1 drivers
v000000000111dda0_0 .net *"_s4", 3 0, L_000000000111dc60;  1 drivers
L_00000000011268c0 .functor BUFT 1, C4<01>, C4<0>, C4<0>, C4<0>;
v000000000111e340_0 .net/2u *"_s6", 1 0, L_00000000011268c0;  1 drivers
v000000000111e160_0 .net *"_s8", 0 0, L_000000000111df80;  1 drivers
v000000000111e7a0_0 .net "ans", 3 0, L_000000000116f370;  alias, 1 drivers
v000000000111e520_0 .net "inA", 3 0, v000000000111d8a0_0;  1 drivers
v000000000111e5c0_0 .net "inB", 3 0, v000000000111e2a0_0;  1 drivers
o00000000010d9368 .functor BUFZ 2, C4<zz>; HiZ drive
v000000000111e660_0 .net "inC", 1 0, o00000000010d9368;  0 drivers
v000000000111d940_0 .net "op", 1 0, v000000000111d9e0_0;  1 drivers
L_000000000111da80 .cmp/eq 2, v000000000111d9e0_0, L_0000000001126878;
L_000000000111dc60 .shift/rs 4, v000000000111d8a0_0, o00000000010d9368;
L_000000000111df80 .cmp/eq 2, v000000000111d9e0_0, L_00000000011268c0;
L_000000000111e0c0 .shift/r 4, v000000000111d8a0_0, o00000000010d9368;
L_000000000116fc30 .cmp/eq 2, v000000000111d9e0_0, L_0000000001126908;
L_000000000116fcd0 .arith/sub 4, v000000000111d8a0_0, v000000000111e2a0_0;
L_000000000116f7d0 .cmp/eq 2, v000000000111d9e0_0, L_0000000001126950;
L_000000000116edd0 .arith/sum 4, v000000000111d8a0_0, v000000000111e2a0_0;
L_0000000001170310 .functor MUXZ 4, L_0000000001126998, L_000000000116edd0, L_000000000116f7d0, C4<>;
L_000000000116ef10 .functor MUXZ 4, L_0000000001170310, L_000000000116fcd0, L_000000000116fc30, C4<>;
L_000000000116ee70 .functor MUXZ 4, L_000000000116ef10, L_000000000111e0c0, L_000000000111df80, C4<>;
L_000000000116f370 .functor MUXZ 4, L_000000000116ee70, L_000000000111dc60, L_000000000111da80, C4<>;
    .scope S_000000000108e8d0;
T_0 ;
    %pushi/vec4 0, 0, 1;
    %store/vec4 v000000000111dee0_0, 0, 1;
    %end;
    .thread T_0;
    .scope S_000000000108e8d0;
T_1 ;
    %delay 1000, 0;
    %load/vec4 v000000000111dee0_0;
    %inv;
    %store/vec4 v000000000111dee0_0, 0, 1;
    %jmp T_1;
    .thread T_1;
    .scope S_000000000108e8d0;
T_2 ;
    %pushi/vec4 0, 0, 4;
    %store/vec4 v000000000111d8a0_0, 0, 4;
    %pushi/vec4 0, 0, 4;
    %store/vec4 v000000000111e2a0_0, 0, 4;
    %pushi/vec4 0, 0, 2;
    %store/vec4 v000000000111d9e0_0, 0, 2;
    %delay 10000, 0;
    %pushi/vec4 2, 0, 4;
    %store/vec4 v000000000111d8a0_0, 0, 4;
    %pushi/vec4 3, 0, 4;
    %store/vec4 v000000000111e2a0_0, 0, 4;
    %pushi/vec4 2, 0, 2;
    %store/vec4 v000000000111d9e0_0, 0, 2;
    %delay 2000, 0;
    %vpi_call 2 24 "$display", "%d", v000000000111e700_0 {0 0 0};
    %pushi/vec4 2, 0, 4;
    %store/vec4 v000000000111d8a0_0, 0, 4;
    %pushi/vec4 3, 0, 4;
    %store/vec4 v000000000111e2a0_0, 0, 4;
    %pushi/vec4 3, 0, 2;
    %store/vec4 v000000000111d9e0_0, 0, 2;
    %delay 2000, 0;
    %vpi_call 2 30 "$display", "%d", v000000000111e700_0 {0 0 0};
    %delay 2000, 0;
    %vpi_call 2 33 "$finish" {0 0 0};
    %end;
    .thread T_2;
    .scope S_000000000108e8d0;
T_3 ;
    %vpi_call 2 40 "$dumpfile", "ALU_tb.vcd" {0 0 0};
    %vpi_call 2 41 "$dumpvars", 32'sb00000000000000000000000000000000, S_000000000108e8d0 {0 0 0};
    %end;
    .thread T_3;
# The file index is used to find the file name in the following table.
:file_names 4;
    "N/A";
    "<interactive>";
    "ALU_tb.v";
    "./ALU.v";
