#! /usr/local/iverilog/bin/vvp
:ivl_version "11.0 (devel)" "(s20150603-642-g3bdb50da)";
:ivl_delay_selection "TYPICAL";
:vpi_time_precision - 12;
:vpi_module "system";
:vpi_module "vhdl_sys";
:vpi_module "vhdl_textio";
:vpi_module "v2005_math";
:vpi_module "va_math";
S_00000000011d29f0 .scope module, "vote" "vote" 2 2;
 .timescale -9 -12;
    .port_info 0 /INPUT 1 "a";
    .port_info 1 /INPUT 1 "b";
    .port_info 2 /INPUT 1 "c";
    .port_info 3 /INPUT 1 "d";
    .port_info 4 /INPUT 1 "e";
    .port_info 5 /INPUT 1 "clk";
    .port_info 6 /INPUT 1 "rst";
    .port_info 7 /OUTPUT 1 "Y";
v0000000001206f00_0 .var "Y", 0 0;
o0000000001206fd8 .functor BUFZ 1, C4<z>; HiZ drive
v00000000011d2b80_0 .net "a", 0 0, o0000000001206fd8;  0 drivers
o0000000001207008 .functor BUFZ 1, C4<z>; HiZ drive
v00000000011d2c20_0 .net "b", 0 0, o0000000001207008;  0 drivers
o0000000001207038 .functor BUFZ 1, C4<z>; HiZ drive
v00000000011d2cc0_0 .net "c", 0 0, o0000000001207038;  0 drivers
o0000000001207068 .functor BUFZ 1, C4<z>; HiZ drive
v00000000011d2d60_0 .net "clk", 0 0, o0000000001207068;  0 drivers
o0000000001207098 .functor BUFZ 1, C4<z>; HiZ drive
v00000000011bdbe0_0 .net "d", 0 0, o0000000001207098;  0 drivers
o00000000012070c8 .functor BUFZ 1, C4<z>; HiZ drive
v00000000011bdc80_0 .net "e", 0 0, o00000000012070c8;  0 drivers
o00000000012070f8 .functor BUFZ 1, C4<z>; HiZ drive
v00000000011bdd20_0 .net "rst", 0 0, o00000000012070f8;  0 drivers
v00000000011bddc0_0 .var "sum", 3 0;
E_0000000001203d30 .event posedge, v00000000011d2d60_0;
    .scope S_00000000011d29f0;
T_0 ;
    %pushi/vec4 0, 0, 4;
    %store/vec4 v00000000011bddc0_0, 0, 4;
    %end;
    .thread T_0;
    .scope S_00000000011d29f0;
T_1 ;
    %pushi/vec4 0, 0, 1;
    %store/vec4 v0000000001206f00_0, 0, 1;
    %end;
    .thread T_1;
    .scope S_00000000011d29f0;
T_2 ;
    %wait E_0000000001203d30;
    %load/vec4 v00000000011bdd20_0;
    %pad/u 32;
    %cmpi/e 1, 0, 32;
    %jmp/0xz  T_2.0, 4;
    %pushi/vec4 0, 0, 1;
    %assign/vec4 v0000000001206f00_0, 0;
    %jmp T_2.1;
T_2.0 ;
    %load/vec4 v00000000011d2b80_0;
    %pad/u 4;
    %load/vec4 v00000000011d2c20_0;
    %pad/u 4;
    %add;
    %load/vec4 v00000000011d2cc0_0;
    %pad/u 4;
    %add;
    %load/vec4 v00000000011bdbe0_0;
    %pad/u 4;
    %add;
    %load/vec4 v00000000011bdc80_0;
    %pad/u 4;
    %add;
    %assign/vec4 v00000000011bddc0_0, 0;
    %load/vec4 v00000000011bddc0_0;
    %pad/u 32;
    %cmpi/u 3, 0, 32;
    %flag_inv 5; GE is !LT
    %jmp/0xz  T_2.2, 5;
    %pushi/vec4 1, 0, 1;
    %assign/vec4 v0000000001206f00_0, 0;
    %jmp T_2.3;
T_2.2 ;
    %pushi/vec4 0, 0, 1;
    %assign/vec4 v0000000001206f00_0, 0;
T_2.3 ;
T_2.1 ;
    %jmp T_2;
    .thread T_2;
# The file index is used to find the file name in the following table.
:file_names 3;
    "N/A";
    "<interactive>";
    "vote.v";
