#! /usr/local/iverilog/bin/vvp
:ivl_version "11.0 (devel)" "(s20150603-642-g3bdb50da)";
:ivl_delay_selection "TYPICAL";
:vpi_time_precision - 12;
:vpi_module "system";
:vpi_module "vhdl_sys";
:vpi_module "vhdl_textio";
:vpi_module "v2005_math";
:vpi_module "va_math";
S_000000000121c870 .scope module, "tb_recognition" "tb_recognition" 2 4;
 .timescale -9 -12;
v000000000121db40_0 .var "clk", 0 0;
v000000000121dbe0_0 .var "in", 0 0;
v000000000121dc80_0 .net "out", 0 0, v00000000011167d0_0;  1 drivers
v000000000121dd20_0 .var "reset", 0 0;
S_0000000001116500 .scope module, "u_recognition" "recognition" 2 11, 3 7 0, S_000000000121c870;
 .timescale -9 -12;
    .port_info 0 /INPUT 1 "in";
    .port_info 1 /INPUT 1 "clk";
    .port_info 2 /INPUT 1 "reset";
    .port_info 3 /OUTPUT 1 "out";
v0000000001116690_0 .net "clk", 0 0, v000000000121db40_0;  1 drivers
v0000000001116730_0 .net "in", 0 0, v000000000121dbe0_0;  1 drivers
v00000000011167d0_0 .var "out", 0 0;
v0000000001116870_0 .net "reset", 0 0, v000000000121dd20_0;  1 drivers
v000000000121daa0_0 .var "status", 1 0;
E_000000000111b070/0 .event edge, v0000000001116870_0;
E_000000000111b070/1 .event posedge, v0000000001116690_0;
E_000000000111b070 .event/or E_000000000111b070/0, E_000000000111b070/1;
    .scope S_0000000001116500;
T_0 ;
    %pushi/vec4 0, 0, 2;
    %store/vec4 v000000000121daa0_0, 0, 2;
    %end;
    .thread T_0;
    .scope S_0000000001116500;
T_1 ;
    %wait E_000000000111b070;
    %pushi/vec4 0, 0, 1;
    %assign/vec4 v00000000011167d0_0, 0;
    %load/vec4 v0000000001116870_0;
    %flag_set/vec4 8;
    %jmp/0xz  T_1.0, 8;
    %pushi/vec4 0, 0, 1;
    %assign/vec4 v00000000011167d0_0, 0;
    %pushi/vec4 0, 0, 2;
    %assign/vec4 v000000000121daa0_0, 0;
    %jmp T_1.1;
T_1.0 ;
    %load/vec4 v000000000121daa0_0;
    %pad/u 32;
    %cmpi/e 0, 0, 32;
    %jmp/0xz  T_1.2, 4;
    %load/vec4 v0000000001116730_0;
    %flag_set/vec4 8;
    %jmp/0xz  T_1.4, 8;
    %pushi/vec4 1, 0, 2;
    %assign/vec4 v000000000121daa0_0, 0;
    %jmp T_1.5;
T_1.4 ;
    %pushi/vec4 0, 0, 2;
    %assign/vec4 v000000000121daa0_0, 0;
T_1.5 ;
    %jmp T_1.3;
T_1.2 ;
    %load/vec4 v000000000121daa0_0;
    %pad/u 32;
    %cmpi/e 1, 0, 32;
    %jmp/0xz  T_1.6, 4;
    %load/vec4 v0000000001116730_0;
    %pad/u 32;
    %cmpi/e 0, 0, 32;
    %jmp/0xz  T_1.8, 4;
    %pushi/vec4 2, 0, 2;
    %assign/vec4 v000000000121daa0_0, 0;
    %jmp T_1.9;
T_1.8 ;
    %pushi/vec4 1, 0, 2;
    %assign/vec4 v000000000121daa0_0, 0;
T_1.9 ;
    %jmp T_1.7;
T_1.6 ;
    %load/vec4 v000000000121daa0_0;
    %pad/u 32;
    %cmpi/e 2, 0, 32;
    %jmp/0xz  T_1.10, 4;
    %load/vec4 v0000000001116730_0;
    %flag_set/vec4 8;
    %jmp/0xz  T_1.12, 8;
    %pushi/vec4 1, 0, 1;
    %assign/vec4 v00000000011167d0_0, 0;
    %pushi/vec4 3, 0, 2;
    %assign/vec4 v000000000121daa0_0, 0;
    %jmp T_1.13;
T_1.12 ;
    %pushi/vec4 0, 0, 2;
    %assign/vec4 v000000000121daa0_0, 0;
T_1.13 ;
    %jmp T_1.11;
T_1.10 ;
    %load/vec4 v000000000121daa0_0;
    %pad/u 32;
    %cmpi/e 3, 0, 32;
    %jmp/0xz  T_1.14, 4;
    %load/vec4 v0000000001116730_0;
    %flag_set/vec4 8;
    %jmp/0xz  T_1.16, 8;
    %pushi/vec4 1, 0, 2;
    %assign/vec4 v000000000121daa0_0, 0;
    %jmp T_1.17;
T_1.16 ;
    %pushi/vec4 2, 0, 2;
    %assign/vec4 v000000000121daa0_0, 0;
T_1.17 ;
T_1.14 ;
T_1.11 ;
T_1.7 ;
T_1.3 ;
T_1.1 ;
    %jmp T_1;
    .thread T_1;
    .scope S_000000000121c870;
T_2 ;
    %pushi/vec4 0, 0, 1;
    %store/vec4 v000000000121db40_0, 0, 1;
    %pushi/vec4 0, 0, 1;
    %store/vec4 v000000000121dd20_0, 0, 1;
    %pushi/vec4 0, 0, 1;
    %store/vec4 v000000000121dbe0_0, 0, 1;
    %end;
    .thread T_2;
    .scope S_000000000121c870;
T_3 ;
    %vpi_call 2 21 "$dumpfile", "wave.vcd" {0 0 0};
    %vpi_call 2 22 "$dumpvars" {0 0 0};
    %pushi/vec4 0, 0, 1;
    %store/vec4 v000000000121db40_0, 0, 1;
    %pushi/vec4 1, 0, 1;
    %store/vec4 v000000000121dd20_0, 0, 1;
    %pushi/vec4 0, 0, 1;
    %store/vec4 v000000000121dbe0_0, 0, 1;
    %delay 2000, 0;
    %pushi/vec4 0, 0, 1;
    %store/vec4 v000000000121dd20_0, 0, 1;
    %delay 2000, 0;
    %pushi/vec4 1, 0, 1;
    %store/vec4 v000000000121dbe0_0, 0, 1;
    %delay 2000, 0;
    %pushi/vec4 0, 0, 1;
    %store/vec4 v000000000121dbe0_0, 0, 1;
    %delay 2000, 0;
    %pushi/vec4 1, 0, 1;
    %store/vec4 v000000000121dbe0_0, 0, 1;
    %delay 2000, 0;
    %pushi/vec4 0, 0, 1;
    %store/vec4 v000000000121dbe0_0, 0, 1;
    %delay 2000, 0;
    %pushi/vec4 1, 0, 1;
    %store/vec4 v000000000121dbe0_0, 0, 1;
    %delay 10000, 0;
    %vpi_call 2 33 "$finish" {0 0 0};
    %end;
    .thread T_3;
    .scope S_000000000121c870;
T_4 ;
    %delay 1000, 0;
    %load/vec4 v000000000121db40_0;
    %inv;
    %store/vec4 v000000000121db40_0, 0, 1;
    %jmp T_4;
    .thread T_4;
# The file index is used to find the file name in the following table.
:file_names 4;
    "N/A";
    "<interactive>";
    "tb_recongnition.v";
    "./recognition.v";
