#! /usr/local/iverilog/bin/vvp
:ivl_version "11.0 (devel)" "(s20150603-642-g3bdb50da)";
:ivl_delay_selection "TYPICAL";
:vpi_time_precision - 12;
:vpi_module "system";
:vpi_module "vhdl_sys";
:vpi_module "vhdl_textio";
:vpi_module "v2005_math";
:vpi_module "va_math";
S_00000000001bb970 .scope module, "adder_tb" "adder_tb" 2 3;
 .timescale -9 -12;
v00000000001bd0d0_0 .var "a", 31 0;
v00000000001bd170_0 .var "b", 31 0;
v00000000001bc710_0 .net "c", 31 0, v00000000001bd030_0;  1 drivers
v00000000001bc7b0_0 .var "clk", 0 0;
S_00000000001bce00 .scope module, "dut" "adder" 2 30, 3 2 0, S_00000000001bb970;
 .timescale -9 -12;
    .port_info 0 /INPUT 1 "clk";
    .port_info 1 /INPUT 32 "in1";
    .port_info 2 /INPUT 32 "in2";
    .port_info 3 /OUTPUT 32 "out";
v00000000001bbb00_0 .net "clk", 0 0, v00000000001bc7b0_0;  1 drivers
v00000000001b9550_0 .net "in1", 31 0, v00000000001bd0d0_0;  1 drivers
v00000000001bcf90_0 .net "in2", 31 0, v00000000001bd170_0;  1 drivers
v00000000001bd030_0 .var "out", 31 0;
E_0000000001164bc0 .event posedge, v00000000001bbb00_0;
    .scope S_00000000001bce00;
T_0 ;
    %wait E_0000000001164bc0;
    %load/vec4 v00000000001b9550_0;
    %load/vec4 v00000000001bcf90_0;
    %add;
    %assign/vec4 v00000000001bd030_0, 0;
    %jmp T_0;
    .thread T_0;
    .scope S_00000000001bb970;
T_1 ;
    %pushi/vec4 0, 0, 1;
    %store/vec4 v00000000001bc7b0_0, 0, 1;
    %end;
    .thread T_1;
    .scope S_00000000001bb970;
T_2 ;
    %delay 10000, 0;
    %load/vec4 v00000000001bc7b0_0;
    %inv;
    %store/vec4 v00000000001bc7b0_0, 0, 1;
    %jmp T_2;
    .thread T_2;
    .scope S_00000000001bb970;
T_3 ;
    %pushi/vec4 0, 0, 32;
    %store/vec4 v00000000001bd0d0_0, 0, 32;
    %pushi/vec4 0, 0, 32;
    %store/vec4 v00000000001bd170_0, 0, 32;
    %wait E_0000000001164bc0;
    %pushi/vec4 1585, 0, 32;
    %store/vec4 v00000000001bd0d0_0, 0, 32;
    %pushi/vec4 341, 0, 32;
    %store/vec4 v00000000001bd170_0, 0, 32;
    %wait E_0000000001164bc0;
    %vpi_call 2 19 "$display", "%d + %d = %d\012", v00000000001bd0d0_0, v00000000001bd170_0, v00000000001bc710_0 {0 0 0};
    %pushi/vec4 817, 0, 32;
    %store/vec4 v00000000001bd0d0_0, 0, 32;
    %pushi/vec4 0, 0, 32;
    %store/vec4 v00000000001bd170_0, 0, 32;
    %wait E_0000000001164bc0;
    %vpi_call 2 23 "$display", "%d + %d = %d\012", v00000000001bd0d0_0, v00000000001bd170_0, v00000000001bc710_0 {0 0 0};
    %delay 20000, 0;
    %vpi_call 2 27 "$finish" {0 0 0};
    %end;
    .thread T_3;
    .scope S_00000000001bb970;
T_4 ;
    %vpi_call 2 33 "$dumpfile", "adder_tb.vcd" {0 0 0};
    %vpi_call 2 34 "$dumpvars", 32'sb00000000000000000000000000000000, S_00000000001bb970 {0 0 0};
    %end;
    .thread T_4;
# The file index is used to find the file name in the following table.
:file_names 4;
    "N/A";
    "<interactive>";
    "adder_tb.v";
    "./adder.v";
