#! /usr/local/iverilog/bin/vvp
:ivl_version "11.0 (devel)" "(s20150603-642-g3bdb50da)";
:ivl_delay_selection "TYPICAL";
:vpi_time_precision - 12;
:vpi_module "system";
:vpi_module "vhdl_sys";
:vpi_module "vhdl_textio";
:vpi_module "v2005_math";
:vpi_module "va_math";
S_0000000001123e80 .scope module, "tb_vvco" "tb_vvco" 2 3;
 .timescale -9 -12;
v00000000001cb5e0_0 .var "char", 7 0;
v00000000001cb680_0 .var "clk", 0 0;
v00000000011dcf00_0 .var "finish", 0 0;
v00000000011dd4a0_0 .net "format_type", 1 0, v00000000010f2f40_0;  1 drivers
v00000000011dd680_0 .var "freq", 15 0;
v00000000011dcdc0_0 .var "reset", 0 0;
S_00000000011a3a30 .scope module, "uut" "cpu_checker" 2 25, 3 1 0, S_0000000001123e80;
 .timescale -9 -12;
    .port_info 0 /INPUT 1 "clk";
    .port_info 1 /INPUT 1 "reset";
    .port_info 2 /INPUT 16 "freq";
    .port_info 3 /INPUT 8 "char";
    .port_info 4 /OUTPUT 2 "format_type";
    .port_info 5 /OUTPUT 4 "error_code";
v00000000011a3bc0_0 .var "addr", 31 0;
v00000000011a3c60_0 .net "char", 7 0, v00000000001cb5e0_0;  1 drivers
v00000000010f2c20_0 .net "clk", 0 0, v00000000001cb680_0;  1 drivers
v00000000010f2cc0_0 .var/i "cnt1", 31 0;
v00000000010f2d60_0 .var/i "cnt2", 31 0;
v00000000010f2e00_0 .var "error_code", 3 0;
v00000000010f2ea0_0 .var/i "flag", 31 0;
v00000000010f2f40_0 .var "format_type", 1 0;
o0000000001528218 .functor BUFZ 16, C4<zzzzzzzzzzzzzzzz>; HiZ drive
v00000000010f2fe0_0 .net "freq", 15 0, o0000000001528218;  0 drivers
v00000000001cb2c0_0 .var "grf", 31 0;
v00000000001cb360_0 .var "pc", 31 0;
v00000000001cb400_0 .net "reset", 0 0, v00000000011dcdc0_0;  1 drivers
v00000000001cb4a0_0 .var/i "state", 31 0;
v00000000001cb540_0 .var "time1", 31 0;
E_00000000011ae240 .event posedge, v00000000010f2c20_0;
    .scope S_00000000011a3a30;
T_0 ;
    %pushi/vec4 0, 0, 32;
    %store/vec4 v00000000001cb4a0_0, 0, 32;
    %pushi/vec4 0, 0, 32;
    %store/vec4 v00000000010f2cc0_0, 0, 32;
    %pushi/vec4 0, 0, 32;
    %store/vec4 v00000000010f2d60_0, 0, 32;
    %pushi/vec4 0, 0, 32;
    %store/vec4 v00000000010f2ea0_0, 0, 32;
    %end;
    .thread T_0;
    .scope S_00000000011a3a30;
T_1 ;
    %pushi/vec4 0, 0, 2;
    %store/vec4 v00000000010f2f40_0, 0, 2;
    %pushi/vec4 0, 0, 4;
    %store/vec4 v00000000010f2e00_0, 0, 4;
    %pushi/vec4 0, 0, 32;
    %store/vec4 v00000000001cb360_0, 0, 32;
    %pushi/vec4 0, 0, 32;
    %store/vec4 v00000000011a3bc0_0, 0, 32;
    %pushi/vec4 0, 0, 32;
    %store/vec4 v00000000001cb2c0_0, 0, 32;
    %pushi/vec4 0, 0, 32;
    %store/vec4 v00000000001cb540_0, 0, 32;
    %end;
    .thread T_1;
    .scope S_00000000011a3a30;
T_2 ;
    %wait E_00000000011ae240;
    %pushi/vec4 0, 0, 2;
    %store/vec4 v00000000010f2f40_0, 0, 2;
    %pushi/vec4 0, 0, 32;
    %store/vec4 v00000000010f2ea0_0, 0, 32;
    %load/vec4 v00000000001cb400_0;
    %flag_set/vec4 8;
    %jmp/0xz  T_2.0, 8;
    %pushi/vec4 0, 0, 32;
    %store/vec4 v00000000001cb4a0_0, 0, 32;
    %pushi/vec4 0, 0, 32;
    %store/vec4 v00000000010f2cc0_0, 0, 32;
    %pushi/vec4 0, 0, 2;
    %store/vec4 v00000000010f2f40_0, 0, 2;
    %pushi/vec4 0, 0, 4;
    %store/vec4 v00000000010f2e00_0, 0, 4;
    %pushi/vec4 0, 0, 32;
    %store/vec4 v00000000001cb360_0, 0, 32;
    %pushi/vec4 0, 0, 32;
    %store/vec4 v00000000011a3bc0_0, 0, 32;
    %pushi/vec4 0, 0, 32;
    %store/vec4 v00000000001cb2c0_0, 0, 32;
    %pushi/vec4 0, 0, 32;
    %store/vec4 v00000000001cb540_0, 0, 32;
    %jmp T_2.1;
T_2.0 ;
    %load/vec4 v00000000001cb4a0_0;
    %cmpi/e 0, 0, 32;
    %jmp/0xz  T_2.2, 4;
    %pushi/vec4 0, 0, 32;
    %store/vec4 v00000000010f2cc0_0, 0, 32;
    %pushi/vec4 0, 0, 2;
    %store/vec4 v00000000010f2f40_0, 0, 2;
    %pushi/vec4 0, 0, 4;
    %store/vec4 v00000000010f2e00_0, 0, 4;
    %pushi/vec4 0, 0, 32;
    %store/vec4 v00000000001cb360_0, 0, 32;
    %pushi/vec4 0, 0, 32;
    %store/vec4 v00000000011a3bc0_0, 0, 32;
    %pushi/vec4 0, 0, 32;
    %store/vec4 v00000000001cb2c0_0, 0, 32;
    %pushi/vec4 0, 0, 32;
    %store/vec4 v00000000001cb540_0, 0, 32;
    %load/vec4 v00000000011a3c60_0;
    %pushi/vec4 94, 0, 8; draw_string_vec4
    %cmp/e;
    %jmp/0xz  T_2.4, 4;
    %pushi/vec4 1, 0, 32;
    %assign/vec4 v00000000001cb4a0_0, 0;
    %jmp T_2.5;
T_2.4 ;
    %pushi/vec4 0, 0, 32;
    %assign/vec4 v00000000001cb4a0_0, 0;
T_2.5 ;
    %jmp T_2.3;
T_2.2 ;
    %load/vec4 v00000000001cb4a0_0;
    %cmpi/e 1, 0, 32;
    %jmp/0xz  T_2.6, 4;
    %pushi/vec4 48, 0, 8; draw_string_vec4
    %load/vec4 v00000000011a3c60_0;
    %cmp/u;
    %flag_get/vec4 4;
    %flag_get/vec4 5;
    %or;
    %load/vec4 v00000000011a3c60_0;
    %pushi/vec4 57, 0, 8; draw_string_vec4
    %cmp/u;
    %flag_get/vec4 4;
    %flag_get/vec4 5;
    %or;
    %and;
    %flag_set/vec4 8;
    %jmp/0xz  T_2.8, 8;
    %pushi/vec4 2, 0, 32;
    %assign/vec4 v00000000001cb4a0_0, 0;
    %load/vec4 v00000000001cb540_0;
    %muli 10, 0, 32;
    %load/vec4 v00000000011a3c60_0;
    %pad/u 32;
    %add;
    %pushi/vec4 48, 0, 32; draw_string_vec4
    %sub;
    %store/vec4 v00000000001cb540_0, 0, 32;
    %jmp T_2.9;
T_2.8 ;
    %pushi/vec4 0, 0, 32;
    %assign/vec4 v00000000001cb4a0_0, 0;
T_2.9 ;
    %jmp T_2.7;
T_2.6 ;
    %load/vec4 v00000000001cb4a0_0;
    %cmpi/e 2, 0, 32;
    %jmp/0xz  T_2.10, 4;
    %pushi/vec4 48, 0, 8; draw_string_vec4
    %load/vec4 v00000000011a3c60_0;
    %cmp/u;
    %flag_get/vec4 4;
    %flag_get/vec4 5;
    %or;
    %load/vec4 v00000000011a3c60_0;
    %pushi/vec4 57, 0, 8; draw_string_vec4
    %cmp/u;
    %flag_get/vec4 4;
    %flag_get/vec4 5;
    %or;
    %and;
    %flag_set/vec4 8;
    %jmp/0xz  T_2.12, 8;
    %load/vec4 v00000000010f2cc0_0;
    %addi 1, 0, 32;
    %store/vec4 v00000000010f2cc0_0, 0, 32;
    %load/vec4 v00000000001cb540_0;
    %muli 10, 0, 32;
    %load/vec4 v00000000011a3c60_0;
    %pad/u 32;
    %add;
    %pushi/vec4 48, 0, 32; draw_string_vec4
    %sub;
    %store/vec4 v00000000001cb540_0, 0, 32;
    %load/vec4 v00000000010f2cc0_0;
    %cmpi/s 3, 0, 32;
    %flag_or 5, 4; GT is !LE
    %flag_inv 5;
    %jmp/0xz  T_2.14, 5;
    %pushi/vec4 0, 0, 32;
    %store/vec4 v00000000010f2cc0_0, 0, 32;
    %pushi/vec4 0, 0, 32;
    %assign/vec4 v00000000001cb4a0_0, 0;
    %jmp T_2.15;
T_2.14 ;
    %pushi/vec4 2, 0, 32;
    %assign/vec4 v00000000001cb4a0_0, 0;
T_2.15 ;
    %jmp T_2.13;
T_2.12 ;
    %load/vec4 v00000000011a3c60_0;
    %pushi/vec4 64, 0, 8; draw_string_vec4
    %cmp/e;
    %jmp/0xz  T_2.16, 4;
    %pushi/vec4 3, 0, 32;
    %assign/vec4 v00000000001cb4a0_0, 0;
    %pushi/vec4 0, 0, 32;
    %store/vec4 v00000000010f2cc0_0, 0, 32;
    %jmp T_2.17;
T_2.16 ;
    %pushi/vec4 0, 0, 32;
    %assign/vec4 v00000000001cb4a0_0, 0;
T_2.17 ;
T_2.13 ;
    %jmp T_2.11;
T_2.10 ;
    %load/vec4 v00000000001cb4a0_0;
    %cmpi/e 3, 0, 32;
    %jmp/0xz  T_2.18, 4;
    %pushi/vec4 48, 0, 8; draw_string_vec4
    %load/vec4 v00000000011a3c60_0;
    %cmp/u;
    %flag_get/vec4 4;
    %flag_get/vec4 5;
    %or;
    %load/vec4 v00000000011a3c60_0;
    %pushi/vec4 57, 0, 8; draw_string_vec4
    %cmp/u;
    %flag_get/vec4 4;
    %flag_get/vec4 5;
    %or;
    %and;
    %flag_set/vec4 8;
    %pushi/vec4 97, 0, 8; draw_string_vec4
    %load/vec4 v00000000011a3c60_0;
    %cmp/u;
    %flag_get/vec4 4;
    %flag_get/vec4 5;
    %or;
    %load/vec4 v00000000011a3c60_0;
    %pushi/vec4 102, 0, 8; draw_string_vec4
    %cmp/u;
    %flag_get/vec4 4;
    %flag_get/vec4 5;
    %or;
    %and;
    %flag_set/vec4 9;
    %flag_or 9, 8;
    %jmp/0xz  T_2.20, 9;
    %pushi/vec4 48, 0, 8; draw_string_vec4
    %load/vec4 v00000000011a3c60_0;
    %cmp/u;
    %flag_get/vec4 4;
    %flag_get/vec4 5;
    %or;
    %load/vec4 v00000000011a3c60_0;
    %pushi/vec4 57, 0, 8; draw_string_vec4
    %cmp/u;
    %flag_get/vec4 4;
    %flag_get/vec4 5;
    %or;
    %and;
    %flag_set/vec4 8;
    %jmp/0xz  T_2.22, 8;
    %load/vec4 v00000000001cb360_0;
    %muli 16, 0, 32;
    %load/vec4 v00000000011a3c60_0;
    %pad/u 32;
    %add;
    %pushi/vec4 48, 0, 32; draw_string_vec4
    %sub;
    %store/vec4 v00000000001cb360_0, 0, 32;
    %jmp T_2.23;
T_2.22 ;
    %load/vec4 v00000000001cb360_0;
    %muli 16, 0, 32;
    %load/vec4 v00000000011a3c60_0;
    %pad/u 32;
    %add;
    %addi 4294967209, 0, 32;
    %store/vec4 v00000000001cb360_0, 0, 32;
T_2.23 ;
    %load/vec4 v00000000010f2cc0_0;
    %addi 1, 0, 32;
    %store/vec4 v00000000010f2cc0_0, 0, 32;
    %load/vec4 v00000000010f2cc0_0;
    %cmpi/s 8, 0, 32;
    %jmp/0xz  T_2.24, 5;
    %pushi/vec4 3, 0, 32;
    %assign/vec4 v00000000001cb4a0_0, 0;
    %jmp T_2.25;
T_2.24 ;
    %pushi/vec4 0, 0, 32;
    %store/vec4 v00000000010f2cc0_0, 0, 32;
    %pushi/vec4 4, 0, 32;
    %assign/vec4 v00000000001cb4a0_0, 0;
T_2.25 ;
    %jmp T_2.21;
T_2.20 ;
    %pushi/vec4 0, 0, 32;
    %assign/vec4 v00000000001cb4a0_0, 0;
T_2.21 ;
    %jmp T_2.19;
T_2.18 ;
    %load/vec4 v00000000001cb4a0_0;
    %cmpi/e 4, 0, 32;
    %jmp/0xz  T_2.26, 4;
    %load/vec4 v00000000011a3c60_0;
    %pushi/vec4 58, 0, 8; draw_string_vec4
    %cmp/e;
    %jmp/0xz  T_2.28, 4;
    %pushi/vec4 5, 0, 32;
    %assign/vec4 v00000000001cb4a0_0, 0;
    %jmp T_2.29;
T_2.28 ;
    %pushi/vec4 0, 0, 32;
    %assign/vec4 v00000000001cb4a0_0, 0;
T_2.29 ;
    %jmp T_2.27;
T_2.26 ;
    %load/vec4 v00000000001cb4a0_0;
    %cmpi/e 5, 0, 32;
    %jmp/0xz  T_2.30, 4;
    %load/vec4 v00000000011a3c60_0;
    %pushi/vec4 32, 0, 8; draw_string_vec4
    %cmp/e;
    %jmp/0xz  T_2.32, 4;
    %pushi/vec4 5, 0, 32;
    %assign/vec4 v00000000001cb4a0_0, 0;
    %jmp T_2.33;
T_2.32 ;
    %load/vec4 v00000000011a3c60_0;
    %pushi/vec4 36, 0, 8; draw_string_vec4
    %cmp/e;
    %jmp/0xz  T_2.34, 4;
    %pushi/vec4 6, 0, 32;
    %assign/vec4 v00000000001cb4a0_0, 0;
    %jmp T_2.35;
T_2.34 ;
    %load/vec4 v00000000011a3c60_0;
    %cmpi/e 42, 0, 8;
    %jmp/0xz  T_2.36, 4;
    %pushi/vec4 12, 0, 32;
    %assign/vec4 v00000000001cb4a0_0, 0;
    %jmp T_2.37;
T_2.36 ;
    %pushi/vec4 0, 0, 32;
    %assign/vec4 v00000000001cb4a0_0, 0;
T_2.37 ;
T_2.35 ;
T_2.33 ;
    %jmp T_2.31;
T_2.30 ;
    %load/vec4 v00000000001cb4a0_0;
    %cmpi/e 6, 0, 32;
    %jmp/0xz  T_2.38, 4;
    %pushi/vec4 48, 0, 8; draw_string_vec4
    %load/vec4 v00000000011a3c60_0;
    %cmp/u;
    %flag_get/vec4 4;
    %flag_get/vec4 5;
    %or;
    %load/vec4 v00000000011a3c60_0;
    %pushi/vec4 57, 0, 8; draw_string_vec4
    %cmp/u;
    %flag_get/vec4 4;
    %flag_get/vec4 5;
    %or;
    %and;
    %flag_set/vec4 8;
    %jmp/0xz  T_2.40, 8;
    %pushi/vec4 7, 0, 32;
    %assign/vec4 v00000000001cb4a0_0, 0;
    %load/vec4 v00000000001cb2c0_0;
    %muli 10, 0, 32;
    %load/vec4 v00000000011a3c60_0;
    %pad/u 32;
    %add;
    %pushi/vec4 48, 0, 32; draw_string_vec4
    %sub;
    %store/vec4 v00000000001cb2c0_0, 0, 32;
    %jmp T_2.41;
T_2.40 ;
    %pushi/vec4 0, 0, 32;
    %assign/vec4 v00000000001cb4a0_0, 0;
T_2.41 ;
    %jmp T_2.39;
T_2.38 ;
    %load/vec4 v00000000001cb4a0_0;
    %cmpi/e 7, 0, 32;
    %jmp/0xz  T_2.42, 4;
    %pushi/vec4 48, 0, 8; draw_string_vec4
    %load/vec4 v00000000011a3c60_0;
    %cmp/u;
    %flag_get/vec4 4;
    %flag_get/vec4 5;
    %or;
    %load/vec4 v00000000011a3c60_0;
    %pushi/vec4 57, 0, 8; draw_string_vec4
    %cmp/u;
    %flag_get/vec4 4;
    %flag_get/vec4 5;
    %or;
    %and;
    %flag_set/vec4 8;
    %jmp/0xz  T_2.44, 8;
    %load/vec4 v00000000010f2ea0_0;
    %cmpi/e 0, 0, 32;
    %jmp/0xz  T_2.46, 4;
    %load/vec4 v00000000001cb2c0_0;
    %muli 10, 0, 32;
    %load/vec4 v00000000011a3c60_0;
    %pad/u 32;
    %add;
    %pushi/vec4 48, 0, 32; draw_string_vec4
    %sub;
    %store/vec4 v00000000001cb2c0_0, 0, 32;
    %load/vec4 v00000000010f2cc0_0;
    %addi 1, 0, 32;
    %store/vec4 v00000000010f2cc0_0, 0, 32;
    %load/vec4 v00000000010f2cc0_0;
    %cmpi/s 3, 0, 32;
    %flag_or 5, 4; GT is !LE
    %flag_inv 5;
    %jmp/0xz  T_2.48, 5;
    %pushi/vec4 0, 0, 32;
    %store/vec4 v00000000010f2cc0_0, 0, 32;
    %pushi/vec4 0, 0, 32;
    %assign/vec4 v00000000001cb4a0_0, 0;
    %jmp T_2.49;
T_2.48 ;
    %pushi/vec4 7, 0, 32;
    %assign/vec4 v00000000001cb4a0_0, 0;
T_2.49 ;
    %jmp T_2.47;
T_2.46 ;
    %pushi/vec4 0, 0, 32;
    %assign/vec4 v00000000001cb4a0_0, 0;
T_2.47 ;
    %jmp T_2.45;
T_2.44 ;
    %load/vec4 v00000000011a3c60_0;
    %pushi/vec4 32, 0, 8; draw_string_vec4
    %cmp/e;
    %jmp/0xz  T_2.50, 4;
    %pushi/vec4 7, 0, 32;
    %assign/vec4 v00000000001cb4a0_0, 0;
    %pushi/vec4 1, 0, 32;
    %store/vec4 v00000000010f2ea0_0, 0, 32;
    %pushi/vec4 0, 0, 32;
    %store/vec4 v00000000010f2cc0_0, 0, 32;
    %jmp T_2.51;
T_2.50 ;
    %load/vec4 v00000000011a3c60_0;
    %pushi/vec4 60, 0, 8; draw_string_vec4
    %cmp/e;
    %jmp/0xz  T_2.52, 4;
    %pushi/vec4 8, 0, 32;
    %assign/vec4 v00000000001cb4a0_0, 0;
    %pushi/vec4 0, 0, 32;
    %store/vec4 v00000000010f2cc0_0, 0, 32;
    %jmp T_2.53;
T_2.52 ;
    %pushi/vec4 0, 0, 32;
    %assign/vec4 v00000000001cb4a0_0, 0;
T_2.53 ;
T_2.51 ;
T_2.45 ;
    %jmp T_2.43;
T_2.42 ;
    %load/vec4 v00000000001cb4a0_0;
    %cmpi/e 8, 0, 32;
    %jmp/0xz  T_2.54, 4;
    %load/vec4 v00000000011a3c60_0;
    %pushi/vec4 61, 0, 8; draw_string_vec4
    %cmp/e;
    %jmp/0xz  T_2.56, 4;
    %pushi/vec4 9, 0, 32;
    %assign/vec4 v00000000001cb4a0_0, 0;
    %jmp T_2.57;
T_2.56 ;
    %pushi/vec4 0, 0, 32;
    %assign/vec4 v00000000001cb4a0_0, 0;
T_2.57 ;
    %jmp T_2.55;
T_2.54 ;
    %load/vec4 v00000000001cb4a0_0;
    %cmpi/e 9, 0, 32;
    %jmp/0xz  T_2.58, 4;
    %load/vec4 v00000000011a3c60_0;
    %pushi/vec4 32, 0, 8; draw_string_vec4
    %cmp/e;
    %jmp/0xz  T_2.60, 4;
    %pushi/vec4 9, 0, 32;
    %assign/vec4 v00000000001cb4a0_0, 0;
    %jmp T_2.61;
T_2.60 ;
    %pushi/vec4 48, 0, 8; draw_string_vec4
    %load/vec4 v00000000011a3c60_0;
    %cmp/u;
    %flag_get/vec4 4;
    %flag_get/vec4 5;
    %or;
    %load/vec4 v00000000011a3c60_0;
    %pushi/vec4 57, 0, 8; draw_string_vec4
    %cmp/u;
    %flag_get/vec4 4;
    %flag_get/vec4 5;
    %or;
    %and;
    %flag_set/vec4 8;
    %pushi/vec4 97, 0, 8; draw_string_vec4
    %load/vec4 v00000000011a3c60_0;
    %cmp/u;
    %flag_get/vec4 4;
    %flag_get/vec4 5;
    %or;
    %load/vec4 v00000000011a3c60_0;
    %pushi/vec4 102, 0, 8; draw_string_vec4
    %cmp/u;
    %flag_get/vec4 4;
    %flag_get/vec4 5;
    %or;
    %and;
    %flag_set/vec4 9;
    %flag_or 9, 8;
    %jmp/0xz  T_2.62, 9;
    %pushi/vec4 10, 0, 32;
    %assign/vec4 v00000000001cb4a0_0, 0;
    %jmp T_2.63;
T_2.62 ;
    %pushi/vec4 0, 0, 32;
    %assign/vec4 v00000000001cb4a0_0, 0;
T_2.63 ;
T_2.61 ;
    %jmp T_2.59;
T_2.58 ;
    %load/vec4 v00000000001cb4a0_0;
    %cmpi/e 10, 0, 32;
    %jmp/0xz  T_2.64, 4;
    %pushi/vec4 48, 0, 8; draw_string_vec4
    %load/vec4 v00000000011a3c60_0;
    %cmp/u;
    %flag_get/vec4 4;
    %flag_get/vec4 5;
    %or;
    %load/vec4 v00000000011a3c60_0;
    %pushi/vec4 57, 0, 8; draw_string_vec4
    %cmp/u;
    %flag_get/vec4 4;
    %flag_get/vec4 5;
    %or;
    %and;
    %flag_set/vec4 8;
    %pushi/vec4 97, 0, 8; draw_string_vec4
    %load/vec4 v00000000011a3c60_0;
    %cmp/u;
    %flag_get/vec4 4;
    %flag_get/vec4 5;
    %or;
    %load/vec4 v00000000011a3c60_0;
    %pushi/vec4 102, 0, 8; draw_string_vec4
    %cmp/u;
    %flag_get/vec4 4;
    %flag_get/vec4 5;
    %or;
    %and;
    %flag_set/vec4 9;
    %flag_or 9, 8;
    %jmp/0xz  T_2.66, 9;
    %load/vec4 v00000000010f2cc0_0;
    %addi 1, 0, 32;
    %store/vec4 v00000000010f2cc0_0, 0, 32;
    %load/vec4 v00000000010f2cc0_0;
    %cmpi/e 7, 0, 32;
    %jmp/0xz  T_2.68, 4;
    %pushi/vec4 11, 0, 32;
    %assign/vec4 v00000000001cb4a0_0, 0;
    %pushi/vec4 0, 0, 32;
    %store/vec4 v00000000010f2cc0_0, 0, 32;
    %jmp T_2.69;
T_2.68 ;
    %pushi/vec4 10, 0, 32;
    %assign/vec4 v00000000001cb4a0_0, 0;
T_2.69 ;
    %jmp T_2.67;
T_2.66 ;
    %pushi/vec4 0, 0, 32;
    %assign/vec4 v00000000001cb4a0_0, 0;
T_2.67 ;
    %jmp T_2.65;
T_2.64 ;
    %load/vec4 v00000000001cb4a0_0;
    %cmpi/e 11, 0, 32;
    %jmp/0xz  T_2.70, 4;
    %load/vec4 v00000000011a3c60_0;
    %pushi/vec4 35, 0, 8; draw_string_vec4
    %cmp/e;
    %jmp/0xz  T_2.72, 4;
    %pushi/vec4 1, 0, 2;
    %assign/vec4 v00000000010f2f40_0, 0;
    %pushi/vec4 0, 0, 32;
    %assign/vec4 v00000000001cb4a0_0, 0;
    %jmp T_2.73;
T_2.72 ;
    %pushi/vec4 0, 0, 32;
    %assign/vec4 v00000000001cb4a0_0, 0;
T_2.73 ;
    %jmp T_2.71;
T_2.70 ;
    %load/vec4 v00000000001cb4a0_0;
    %cmpi/e 12, 0, 32;
    %jmp/0xz  T_2.74, 4;
    %pushi/vec4 48, 0, 8; draw_string_vec4
    %load/vec4 v00000000011a3c60_0;
    %cmp/u;
    %flag_get/vec4 4;
    %flag_get/vec4 5;
    %or;
    %load/vec4 v00000000011a3c60_0;
    %pushi/vec4 57, 0, 8; draw_string_vec4
    %cmp/u;
    %flag_get/vec4 4;
    %flag_get/vec4 5;
    %or;
    %and;
    %flag_set/vec4 8;
    %pushi/vec4 97, 0, 8; draw_string_vec4
    %load/vec4 v00000000011a3c60_0;
    %cmp/u;
    %flag_get/vec4 4;
    %flag_get/vec4 5;
    %or;
    %load/vec4 v00000000011a3c60_0;
    %pushi/vec4 102, 0, 8; draw_string_vec4
    %cmp/u;
    %flag_get/vec4 4;
    %flag_get/vec4 5;
    %or;
    %and;
    %flag_set/vec4 9;
    %flag_or 9, 8;
    %jmp/0xz  T_2.76, 9;
    %pushi/vec4 48, 0, 8; draw_string_vec4
    %load/vec4 v00000000011a3c60_0;
    %cmp/u;
    %flag_get/vec4 4;
    %flag_get/vec4 5;
    %or;
    %load/vec4 v00000000011a3c60_0;
    %pushi/vec4 57, 0, 8; draw_string_vec4
    %cmp/u;
    %flag_get/vec4 4;
    %flag_get/vec4 5;
    %or;
    %and;
    %flag_set/vec4 8;
    %jmp/0xz  T_2.78, 8;
    %load/vec4 v00000000011a3bc0_0;
    %muli 16, 0, 32;
    %load/vec4 v00000000011a3c60_0;
    %pad/u 32;
    %add;
    %pushi/vec4 48, 0, 32; draw_string_vec4
    %sub;
    %store/vec4 v00000000011a3bc0_0, 0, 32;
    %jmp T_2.79;
T_2.78 ;
    %load/vec4 v00000000011a3bc0_0;
    %muli 16, 0, 32;
    %load/vec4 v00000000011a3c60_0;
    %pad/u 32;
    %add;
    %addi 4294967209, 0, 32;
    %store/vec4 v00000000011a3bc0_0, 0, 32;
T_2.79 ;
    %load/vec4 v00000000010f2cc0_0;
    %addi 1, 0, 32;
    %store/vec4 v00000000010f2cc0_0, 0, 32;
    %load/vec4 v00000000010f2cc0_0;
    %cmpi/e 8, 0, 32;
    %jmp/0xz  T_2.80, 4;
    %pushi/vec4 0, 0, 32;
    %store/vec4 v00000000010f2cc0_0, 0, 32;
    %pushi/vec4 13, 0, 32;
    %assign/vec4 v00000000001cb4a0_0, 0;
    %jmp T_2.81;
T_2.80 ;
    %pushi/vec4 12, 0, 32;
    %assign/vec4 v00000000001cb4a0_0, 0;
T_2.81 ;
    %jmp T_2.77;
T_2.76 ;
    %pushi/vec4 0, 0, 32;
    %assign/vec4 v00000000001cb4a0_0, 0;
T_2.77 ;
    %jmp T_2.75;
T_2.74 ;
    %load/vec4 v00000000001cb4a0_0;
    %cmpi/e 13, 0, 32;
    %jmp/0xz  T_2.82, 4;
    %load/vec4 v00000000011a3c60_0;
    %pushi/vec4 32, 0, 8; draw_string_vec4
    %cmp/e;
    %jmp/0xz  T_2.84, 4;
    %pushi/vec4 13, 0, 32;
    %assign/vec4 v00000000001cb4a0_0, 0;
    %jmp T_2.85;
T_2.84 ;
    %load/vec4 v00000000011a3c60_0;
    %pushi/vec4 60, 0, 8; draw_string_vec4
    %cmp/e;
    %jmp/0xz  T_2.86, 4;
    %pushi/vec4 14, 0, 32;
    %assign/vec4 v00000000001cb4a0_0, 0;
    %jmp T_2.87;
T_2.86 ;
    %pushi/vec4 0, 0, 32;
    %assign/vec4 v00000000001cb4a0_0, 0;
T_2.87 ;
T_2.85 ;
    %jmp T_2.83;
T_2.82 ;
    %load/vec4 v00000000001cb4a0_0;
    %cmpi/e 14, 0, 32;
    %jmp/0xz  T_2.88, 4;
    %load/vec4 v00000000011a3c60_0;
    %pushi/vec4 61, 0, 8; draw_string_vec4
    %cmp/e;
    %jmp/0xz  T_2.90, 4;
    %pushi/vec4 15, 0, 32;
    %assign/vec4 v00000000001cb4a0_0, 0;
    %jmp T_2.91;
T_2.90 ;
    %pushi/vec4 0, 0, 32;
    %assign/vec4 v00000000001cb4a0_0, 0;
T_2.91 ;
    %jmp T_2.89;
T_2.88 ;
    %load/vec4 v00000000001cb4a0_0;
    %cmpi/e 15, 0, 32;
    %jmp/0xz  T_2.92, 4;
    %load/vec4 v00000000011a3c60_0;
    %pushi/vec4 32, 0, 8; draw_string_vec4
    %cmp/e;
    %jmp/0xz  T_2.94, 4;
    %pushi/vec4 15, 0, 32;
    %assign/vec4 v00000000001cb4a0_0, 0;
    %jmp T_2.95;
T_2.94 ;
    %pushi/vec4 48, 0, 8; draw_string_vec4
    %load/vec4 v00000000011a3c60_0;
    %cmp/u;
    %flag_get/vec4 4;
    %flag_get/vec4 5;
    %or;
    %load/vec4 v00000000011a3c60_0;
    %pushi/vec4 57, 0, 8; draw_string_vec4
    %cmp/u;
    %flag_get/vec4 4;
    %flag_get/vec4 5;
    %or;
    %and;
    %flag_set/vec4 8;
    %pushi/vec4 97, 0, 8; draw_string_vec4
    %load/vec4 v00000000011a3c60_0;
    %cmp/u;
    %flag_get/vec4 4;
    %flag_get/vec4 5;
    %or;
    %load/vec4 v00000000011a3c60_0;
    %pushi/vec4 102, 0, 8; draw_string_vec4
    %cmp/u;
    %flag_get/vec4 4;
    %flag_get/vec4 5;
    %or;
    %and;
    %flag_set/vec4 9;
    %flag_or 9, 8;
    %jmp/0xz  T_2.96, 9;
    %pushi/vec4 16, 0, 32;
    %assign/vec4 v00000000001cb4a0_0, 0;
    %jmp T_2.97;
T_2.96 ;
    %pushi/vec4 0, 0, 32;
    %assign/vec4 v00000000001cb4a0_0, 0;
T_2.97 ;
T_2.95 ;
    %jmp T_2.93;
T_2.92 ;
    %load/vec4 v00000000001cb4a0_0;
    %cmpi/e 16, 0, 32;
    %jmp/0xz  T_2.98, 4;
    %pushi/vec4 48, 0, 8; draw_string_vec4
    %load/vec4 v00000000011a3c60_0;
    %cmp/u;
    %flag_get/vec4 4;
    %flag_get/vec4 5;
    %or;
    %load/vec4 v00000000011a3c60_0;
    %pushi/vec4 57, 0, 8; draw_string_vec4
    %cmp/u;
    %flag_get/vec4 4;
    %flag_get/vec4 5;
    %or;
    %and;
    %flag_set/vec4 8;
    %pushi/vec4 97, 0, 8; draw_string_vec4
    %load/vec4 v00000000011a3c60_0;
    %cmp/u;
    %flag_get/vec4 4;
    %flag_get/vec4 5;
    %or;
    %load/vec4 v00000000011a3c60_0;
    %pushi/vec4 102, 0, 8; draw_string_vec4
    %cmp/u;
    %flag_get/vec4 4;
    %flag_get/vec4 5;
    %or;
    %and;
    %flag_set/vec4 9;
    %flag_or 9, 8;
    %jmp/0xz  T_2.100, 9;
    %load/vec4 v00000000010f2cc0_0;
    %addi 1, 0, 32;
    %store/vec4 v00000000010f2cc0_0, 0, 32;
    %load/vec4 v00000000010f2cc0_0;
    %cmpi/e 7, 0, 32;
    %jmp/0xz  T_2.102, 4;
    %pushi/vec4 17, 0, 32;
    %assign/vec4 v00000000001cb4a0_0, 0;
    %pushi/vec4 0, 0, 32;
    %store/vec4 v00000000010f2cc0_0, 0, 32;
    %jmp T_2.103;
T_2.102 ;
    %pushi/vec4 16, 0, 32;
    %assign/vec4 v00000000001cb4a0_0, 0;
T_2.103 ;
    %jmp T_2.101;
T_2.100 ;
    %pushi/vec4 0, 0, 32;
    %assign/vec4 v00000000001cb4a0_0, 0;
T_2.101 ;
    %jmp T_2.99;
T_2.98 ;
    %load/vec4 v00000000001cb4a0_0;
    %cmpi/e 17, 0, 32;
    %jmp/0xz  T_2.104, 4;
    %load/vec4 v00000000011a3c60_0;
    %pushi/vec4 35, 0, 8; draw_string_vec4
    %cmp/e;
    %jmp/0xz  T_2.106, 4;
    %pushi/vec4 2, 0, 2;
    %assign/vec4 v00000000010f2f40_0, 0;
    %pushi/vec4 0, 0, 32;
    %assign/vec4 v00000000001cb4a0_0, 0;
    %jmp T_2.107;
T_2.106 ;
    %pushi/vec4 0, 0, 32;
    %assign/vec4 v00000000001cb4a0_0, 0;
T_2.107 ;
T_2.104 ;
T_2.99 ;
T_2.93 ;
T_2.89 ;
T_2.83 ;
T_2.75 ;
T_2.71 ;
T_2.65 ;
T_2.59 ;
T_2.55 ;
T_2.43 ;
T_2.39 ;
T_2.31 ;
T_2.27 ;
T_2.19 ;
T_2.11 ;
T_2.7 ;
T_2.3 ;
    %load/vec4 v00000000010f2f40_0;
    %pad/u 32;
    %cmpi/e 1, 0, 32;
    %jmp/0xz  T_2.108, 4;
T_2.108 ;
T_2.1 ;
    %jmp T_2;
    .thread T_2;
    .scope S_0000000001123e80;
T_3 ;
    %wait E_00000000011ae240;
    %load/vec4 v00000000011dcdc0_0;
    %nor/r;
    %load/vec4 v00000000011dcf00_0;
    %nor/r;
    %and;
    %flag_set/vec4 8;
    %jmp/0xz  T_3.0, 8;
    %vpi_call 2 20 "$display", "%d", v00000000011dd4a0_0 {0 0 0};
T_3.0 ;
    %jmp T_3;
    .thread T_3;
    .scope S_0000000001123e80;
T_4 ;
    %pushi/vec4 0, 0, 1;
    %store/vec4 v00000000001cb680_0, 0, 1;
    %pushi/vec4 1, 0, 1;
    %store/vec4 v00000000011dcdc0_0, 0, 1;
    %pushi/vec4 0, 0, 8;
    %store/vec4 v00000000001cb5e0_0, 0, 8;
    %pushi/vec4 2, 0, 16;
    %store/vec4 v00000000011dd680_0, 0, 16;
    %pushi/vec4 0, 0, 1;
    %store/vec4 v00000000011dcf00_0, 0, 1;
    %delay 10000, 0;
    %pushi/vec4 0, 0, 1;
    %store/vec4 v00000000011dcdc0_0, 0, 1;
    %delay 2000, 0;
    %pushi/vec4 94, 0, 8; draw_string_vec4
    %store/vec4 v00000000001cb5e0_0, 0, 8;
    %delay 2000, 0;
    %pushi/vec4 50, 0, 8; draw_string_vec4
    %store/vec4 v00000000001cb5e0_0, 0, 8;
    %delay 2000, 0;
    %pushi/vec4 52, 0, 8; draw_string_vec4
    %store/vec4 v00000000001cb5e0_0, 0, 8;
    %delay 2000, 0;
    %pushi/vec4 50, 0, 8; draw_string_vec4
    %store/vec4 v00000000001cb5e0_0, 0, 8;
    %delay 2000, 0;
    %pushi/vec4 64, 0, 8; draw_string_vec4
    %store/vec4 v00000000001cb5e0_0, 0, 8;
    %delay 2000, 0;
    %pushi/vec4 48, 0, 8; draw_string_vec4
    %store/vec4 v00000000001cb5e0_0, 0, 8;
    %delay 2000, 0;
    %pushi/vec4 48, 0, 8; draw_string_vec4
    %store/vec4 v00000000001cb5e0_0, 0, 8;
    %delay 2000, 0;
    %pushi/vec4 48, 0, 8; draw_string_vec4
    %store/vec4 v00000000001cb5e0_0, 0, 8;
    %delay 2000, 0;
    %pushi/vec4 48, 0, 8; draw_string_vec4
    %store/vec4 v00000000001cb5e0_0, 0, 8;
    %delay 2000, 0;
    %pushi/vec4 51, 0, 8; draw_string_vec4
    %store/vec4 v00000000001cb5e0_0, 0, 8;
    %delay 2000, 0;
    %pushi/vec4 48, 0, 8; draw_string_vec4
    %store/vec4 v00000000001cb5e0_0, 0, 8;
    %delay 2000, 0;
    %pushi/vec4 102, 0, 8; draw_string_vec4
    %store/vec4 v00000000001cb5e0_0, 0, 8;
    %delay 2000, 0;
    %pushi/vec4 52, 0, 8; draw_string_vec4
    %store/vec4 v00000000001cb5e0_0, 0, 8;
    %delay 2000, 0;
    %pushi/vec4 58, 0, 8; draw_string_vec4
    %store/vec4 v00000000001cb5e0_0, 0, 8;
    %delay 2000, 0;
    %pushi/vec4 32, 0, 8; draw_string_vec4
    %store/vec4 v00000000001cb5e0_0, 0, 8;
    %delay 2000, 0;
    %pushi/vec4 36, 0, 8; draw_string_vec4
    %store/vec4 v00000000001cb5e0_0, 0, 8;
    %delay 2000, 0;
    %pushi/vec4 51, 0, 8; draw_string_vec4
    %store/vec4 v00000000001cb5e0_0, 0, 8;
    %delay 2000, 0;
    %pushi/vec4 49, 0, 8; draw_string_vec4
    %store/vec4 v00000000001cb5e0_0, 0, 8;
    %delay 2000, 0;
    %pushi/vec4 32, 0, 8; draw_string_vec4
    %store/vec4 v00000000001cb5e0_0, 0, 8;
    %delay 2000, 0;
    %pushi/vec4 60, 0, 8; draw_string_vec4
    %store/vec4 v00000000001cb5e0_0, 0, 8;
    %delay 2000, 0;
    %pushi/vec4 61, 0, 8; draw_string_vec4
    %store/vec4 v00000000001cb5e0_0, 0, 8;
    %delay 2000, 0;
    %pushi/vec4 49, 0, 8; draw_string_vec4
    %store/vec4 v00000000001cb5e0_0, 0, 8;
    %delay 2000, 0;
    %pushi/vec4 50, 0, 8; draw_string_vec4
    %store/vec4 v00000000001cb5e0_0, 0, 8;
    %delay 2000, 0;
    %pushi/vec4 51, 0, 8; draw_string_vec4
    %store/vec4 v00000000001cb5e0_0, 0, 8;
    %delay 2000, 0;
    %pushi/vec4 52, 0, 8; draw_string_vec4
    %store/vec4 v00000000001cb5e0_0, 0, 8;
    %delay 2000, 0;
    %pushi/vec4 53, 0, 8; draw_string_vec4
    %store/vec4 v00000000001cb5e0_0, 0, 8;
    %delay 2000, 0;
    %pushi/vec4 54, 0, 8; draw_string_vec4
    %store/vec4 v00000000001cb5e0_0, 0, 8;
    %delay 2000, 0;
    %pushi/vec4 55, 0, 8; draw_string_vec4
    %store/vec4 v00000000001cb5e0_0, 0, 8;
    %delay 2000, 0;
    %pushi/vec4 56, 0, 8; draw_string_vec4
    %store/vec4 v00000000001cb5e0_0, 0, 8;
    %delay 2000, 0;
    %pushi/vec4 35, 0, 8; draw_string_vec4
    %store/vec4 v00000000001cb5e0_0, 0, 8;
    %delay 2000, 0;
    %pushi/vec4 94, 0, 8; draw_string_vec4
    %store/vec4 v00000000001cb5e0_0, 0, 8;
    %delay 2000, 0;
    %pushi/vec4 50, 0, 8; draw_string_vec4
    %store/vec4 v00000000001cb5e0_0, 0, 8;
    %delay 2000, 0;
    %pushi/vec4 52, 0, 8; draw_string_vec4
    %store/vec4 v00000000001cb5e0_0, 0, 8;
    %delay 2000, 0;
    %pushi/vec4 50, 0, 8; draw_string_vec4
    %store/vec4 v00000000001cb5e0_0, 0, 8;
    %delay 2000, 0;
    %pushi/vec4 64, 0, 8; draw_string_vec4
    %store/vec4 v00000000001cb5e0_0, 0, 8;
    %delay 2000, 0;
    %pushi/vec4 48, 0, 8; draw_string_vec4
    %store/vec4 v00000000001cb5e0_0, 0, 8;
    %delay 2000, 0;
    %pushi/vec4 48, 0, 8; draw_string_vec4
    %store/vec4 v00000000001cb5e0_0, 0, 8;
    %delay 2000, 0;
    %pushi/vec4 48, 0, 8; draw_string_vec4
    %store/vec4 v00000000001cb5e0_0, 0, 8;
    %delay 2000, 0;
    %pushi/vec4 48, 0, 8; draw_string_vec4
    %store/vec4 v00000000001cb5e0_0, 0, 8;
    %delay 2000, 0;
    %pushi/vec4 51, 0, 8; draw_string_vec4
    %store/vec4 v00000000001cb5e0_0, 0, 8;
    %delay 2000, 0;
    %pushi/vec4 48, 0, 8; draw_string_vec4
    %store/vec4 v00000000001cb5e0_0, 0, 8;
    %delay 2000, 0;
    %pushi/vec4 102, 0, 8; draw_string_vec4
    %store/vec4 v00000000001cb5e0_0, 0, 8;
    %delay 2000, 0;
    %pushi/vec4 52, 0, 8; draw_string_vec4
    %store/vec4 v00000000001cb5e0_0, 0, 8;
    %delay 2000, 0;
    %pushi/vec4 58, 0, 8; draw_string_vec4
    %store/vec4 v00000000001cb5e0_0, 0, 8;
    %delay 2000, 0;
    %pushi/vec4 32, 0, 8; draw_string_vec4
    %store/vec4 v00000000001cb5e0_0, 0, 8;
    %delay 2000, 0;
    %pushi/vec4 36, 0, 8; draw_string_vec4
    %store/vec4 v00000000001cb5e0_0, 0, 8;
    %delay 2000, 0;
    %pushi/vec4 51, 0, 8; draw_string_vec4
    %store/vec4 v00000000001cb5e0_0, 0, 8;
    %delay 2000, 0;
    %pushi/vec4 49, 0, 8; draw_string_vec4
    %store/vec4 v00000000001cb5e0_0, 0, 8;
    %delay 2000, 0;
    %pushi/vec4 32, 0, 8; draw_string_vec4
    %store/vec4 v00000000001cb5e0_0, 0, 8;
    %delay 2000, 0;
    %pushi/vec4 60, 0, 8; draw_string_vec4
    %store/vec4 v00000000001cb5e0_0, 0, 8;
    %delay 2000, 0;
    %pushi/vec4 61, 0, 8; draw_string_vec4
    %store/vec4 v00000000001cb5e0_0, 0, 8;
    %delay 2000, 0;
    %pushi/vec4 49, 0, 8; draw_string_vec4
    %store/vec4 v00000000001cb5e0_0, 0, 8;
    %delay 2000, 0;
    %pushi/vec4 50, 0, 8; draw_string_vec4
    %store/vec4 v00000000001cb5e0_0, 0, 8;
    %delay 2000, 0;
    %pushi/vec4 51, 0, 8; draw_string_vec4
    %store/vec4 v00000000001cb5e0_0, 0, 8;
    %delay 2000, 0;
    %pushi/vec4 50, 0, 8; draw_string_vec4
    %store/vec4 v00000000001cb5e0_0, 0, 8;
    %delay 2000, 0;
    %pushi/vec4 49, 0, 8; draw_string_vec4
    %store/vec4 v00000000001cb5e0_0, 0, 8;
    %delay 2000, 0;
    %pushi/vec4 53, 0, 8; draw_string_vec4
    %store/vec4 v00000000001cb5e0_0, 0, 8;
    %delay 2000, 0;
    %pushi/vec4 35, 0, 8; draw_string_vec4
    %store/vec4 v00000000001cb5e0_0, 0, 8;
    %delay 2000, 0;
    %pushi/vec4 94, 0, 8; draw_string_vec4
    %store/vec4 v00000000001cb5e0_0, 0, 8;
    %delay 2000, 0;
    %pushi/vec4 50, 0, 8; draw_string_vec4
    %store/vec4 v00000000001cb5e0_0, 0, 8;
    %delay 2000, 0;
    %pushi/vec4 52, 0, 8; draw_string_vec4
    %store/vec4 v00000000001cb5e0_0, 0, 8;
    %delay 2000, 0;
    %pushi/vec4 50, 0, 8; draw_string_vec4
    %store/vec4 v00000000001cb5e0_0, 0, 8;
    %delay 2000, 0;
    %pushi/vec4 64, 0, 8; draw_string_vec4
    %store/vec4 v00000000001cb5e0_0, 0, 8;
    %delay 2000, 0;
    %pushi/vec4 48, 0, 8; draw_string_vec4
    %store/vec4 v00000000001cb5e0_0, 0, 8;
    %delay 2000, 0;
    %pushi/vec4 48, 0, 8; draw_string_vec4
    %store/vec4 v00000000001cb5e0_0, 0, 8;
    %delay 2000, 0;
    %pushi/vec4 48, 0, 8; draw_string_vec4
    %store/vec4 v00000000001cb5e0_0, 0, 8;
    %delay 2000, 0;
    %pushi/vec4 48, 0, 8; draw_string_vec4
    %store/vec4 v00000000001cb5e0_0, 0, 8;
    %delay 2000, 0;
    %pushi/vec4 51, 0, 8; draw_string_vec4
    %store/vec4 v00000000001cb5e0_0, 0, 8;
    %delay 2000, 0;
    %pushi/vec4 48, 0, 8; draw_string_vec4
    %store/vec4 v00000000001cb5e0_0, 0, 8;
    %delay 2000, 0;
    %pushi/vec4 102, 0, 8; draw_string_vec4
    %store/vec4 v00000000001cb5e0_0, 0, 8;
    %delay 2000, 0;
    %pushi/vec4 52, 0, 8; draw_string_vec4
    %store/vec4 v00000000001cb5e0_0, 0, 8;
    %delay 2000, 0;
    %pushi/vec4 58, 0, 8; draw_string_vec4
    %store/vec4 v00000000001cb5e0_0, 0, 8;
    %delay 2000, 0;
    %pushi/vec4 32, 0, 8; draw_string_vec4
    %store/vec4 v00000000001cb5e0_0, 0, 8;
    %delay 2000, 0;
    %pushi/vec4 36, 0, 8; draw_string_vec4
    %store/vec4 v00000000001cb5e0_0, 0, 8;
    %delay 2000, 0;
    %pushi/vec4 51, 0, 8; draw_string_vec4
    %store/vec4 v00000000001cb5e0_0, 0, 8;
    %delay 2000, 0;
    %pushi/vec4 49, 0, 8; draw_string_vec4
    %store/vec4 v00000000001cb5e0_0, 0, 8;
    %delay 2000, 0;
    %pushi/vec4 32, 0, 8; draw_string_vec4
    %store/vec4 v00000000001cb5e0_0, 0, 8;
    %delay 2000, 0;
    %pushi/vec4 60, 0, 8; draw_string_vec4
    %store/vec4 v00000000001cb5e0_0, 0, 8;
    %delay 2000, 0;
    %pushi/vec4 61, 0, 8; draw_string_vec4
    %store/vec4 v00000000001cb5e0_0, 0, 8;
    %delay 2000, 0;
    %pushi/vec4 49, 0, 8; draw_string_vec4
    %store/vec4 v00000000001cb5e0_0, 0, 8;
    %delay 2000, 0;
    %pushi/vec4 50, 0, 8; draw_string_vec4
    %store/vec4 v00000000001cb5e0_0, 0, 8;
    %delay 2000, 0;
    %pushi/vec4 51, 0, 8; draw_string_vec4
    %store/vec4 v00000000001cb5e0_0, 0, 8;
    %delay 2000, 0;
    %pushi/vec4 50, 0, 8; draw_string_vec4
    %store/vec4 v00000000001cb5e0_0, 0, 8;
    %delay 2000, 0;
    %pushi/vec4 49, 0, 8; draw_string_vec4
    %store/vec4 v00000000001cb5e0_0, 0, 8;
    %delay 2000, 0;
    %pushi/vec4 53, 0, 8; draw_string_vec4
    %store/vec4 v00000000001cb5e0_0, 0, 8;
    %delay 2000, 0;
    %pushi/vec4 56, 0, 8; draw_string_vec4
    %store/vec4 v00000000001cb5e0_0, 0, 8;
    %delay 2000, 0;
    %pushi/vec4 57, 0, 8; draw_string_vec4
    %store/vec4 v00000000001cb5e0_0, 0, 8;
    %delay 2000, 0;
    %pushi/vec4 57, 0, 8; draw_string_vec4
    %store/vec4 v00000000001cb5e0_0, 0, 8;
    %delay 2000, 0;
    %pushi/vec4 56, 0, 8; draw_string_vec4
    %store/vec4 v00000000001cb5e0_0, 0, 8;
    %delay 2000, 0;
    %pushi/vec4 35, 0, 8; draw_string_vec4
    %store/vec4 v00000000001cb5e0_0, 0, 8;
    %delay 2000, 0;
    %pushi/vec4 94, 0, 8; draw_string_vec4
    %store/vec4 v00000000001cb5e0_0, 0, 8;
    %delay 2000, 0;
    %pushi/vec4 50, 0, 8; draw_string_vec4
    %store/vec4 v00000000001cb5e0_0, 0, 8;
    %delay 2000, 0;
    %pushi/vec4 52, 0, 8; draw_string_vec4
    %store/vec4 v00000000001cb5e0_0, 0, 8;
    %delay 2000, 0;
    %pushi/vec4 50, 0, 8; draw_string_vec4
    %store/vec4 v00000000001cb5e0_0, 0, 8;
    %delay 2000, 0;
    %pushi/vec4 64, 0, 8; draw_string_vec4
    %store/vec4 v00000000001cb5e0_0, 0, 8;
    %delay 2000, 0;
    %pushi/vec4 48, 0, 8; draw_string_vec4
    %store/vec4 v00000000001cb5e0_0, 0, 8;
    %delay 2000, 0;
    %pushi/vec4 48, 0, 8; draw_string_vec4
    %store/vec4 v00000000001cb5e0_0, 0, 8;
    %delay 2000, 0;
    %pushi/vec4 48, 0, 8; draw_string_vec4
    %store/vec4 v00000000001cb5e0_0, 0, 8;
    %delay 2000, 0;
    %pushi/vec4 48, 0, 8; draw_string_vec4
    %store/vec4 v00000000001cb5e0_0, 0, 8;
    %delay 2000, 0;
    %pushi/vec4 51, 0, 8; draw_string_vec4
    %store/vec4 v00000000001cb5e0_0, 0, 8;
    %delay 2000, 0;
    %pushi/vec4 48, 0, 8; draw_string_vec4
    %store/vec4 v00000000001cb5e0_0, 0, 8;
    %delay 2000, 0;
    %pushi/vec4 102, 0, 8; draw_string_vec4
    %store/vec4 v00000000001cb5e0_0, 0, 8;
    %delay 2000, 0;
    %pushi/vec4 52, 0, 8; draw_string_vec4
    %store/vec4 v00000000001cb5e0_0, 0, 8;
    %delay 2000, 0;
    %pushi/vec4 58, 0, 8; draw_string_vec4
    %store/vec4 v00000000001cb5e0_0, 0, 8;
    %delay 2000, 0;
    %pushi/vec4 32, 0, 8; draw_string_vec4
    %store/vec4 v00000000001cb5e0_0, 0, 8;
    %delay 2000, 0;
    %pushi/vec4 36, 0, 8; draw_string_vec4
    %store/vec4 v00000000001cb5e0_0, 0, 8;
    %delay 2000, 0;
    %pushi/vec4 51, 0, 8; draw_string_vec4
    %store/vec4 v00000000001cb5e0_0, 0, 8;
    %delay 2000, 0;
    %pushi/vec4 49, 0, 8; draw_string_vec4
    %store/vec4 v00000000001cb5e0_0, 0, 8;
    %delay 2000, 0;
    %pushi/vec4 32, 0, 8; draw_string_vec4
    %store/vec4 v00000000001cb5e0_0, 0, 8;
    %delay 2000, 0;
    %pushi/vec4 60, 0, 8; draw_string_vec4
    %store/vec4 v00000000001cb5e0_0, 0, 8;
    %delay 2000, 0;
    %pushi/vec4 61, 0, 8; draw_string_vec4
    %store/vec4 v00000000001cb5e0_0, 0, 8;
    %delay 2000, 0;
    %pushi/vec4 35, 0, 8; draw_string_vec4
    %store/vec4 v00000000001cb5e0_0, 0, 8;
    %delay 2000, 0;
    %pushi/vec4 94, 0, 8; draw_string_vec4
    %store/vec4 v00000000001cb5e0_0, 0, 8;
    %delay 2000, 0;
    %pushi/vec4 50, 0, 8; draw_string_vec4
    %store/vec4 v00000000001cb5e0_0, 0, 8;
    %delay 2000, 0;
    %pushi/vec4 52, 0, 8; draw_string_vec4
    %store/vec4 v00000000001cb5e0_0, 0, 8;
    %delay 2000, 0;
    %pushi/vec4 50, 0, 8; draw_string_vec4
    %store/vec4 v00000000001cb5e0_0, 0, 8;
    %delay 2000, 0;
    %pushi/vec4 64, 0, 8; draw_string_vec4
    %store/vec4 v00000000001cb5e0_0, 0, 8;
    %delay 2000, 0;
    %pushi/vec4 48, 0, 8; draw_string_vec4
    %store/vec4 v00000000001cb5e0_0, 0, 8;
    %delay 2000, 0;
    %pushi/vec4 48, 0, 8; draw_string_vec4
    %store/vec4 v00000000001cb5e0_0, 0, 8;
    %delay 2000, 0;
    %pushi/vec4 48, 0, 8; draw_string_vec4
    %store/vec4 v00000000001cb5e0_0, 0, 8;
    %delay 2000, 0;
    %pushi/vec4 48, 0, 8; draw_string_vec4
    %store/vec4 v00000000001cb5e0_0, 0, 8;
    %delay 2000, 0;
    %pushi/vec4 51, 0, 8; draw_string_vec4
    %store/vec4 v00000000001cb5e0_0, 0, 8;
    %delay 2000, 0;
    %pushi/vec4 48, 0, 8; draw_string_vec4
    %store/vec4 v00000000001cb5e0_0, 0, 8;
    %delay 2000, 0;
    %pushi/vec4 102, 0, 8; draw_string_vec4
    %store/vec4 v00000000001cb5e0_0, 0, 8;
    %delay 2000, 0;
    %pushi/vec4 52, 0, 8; draw_string_vec4
    %store/vec4 v00000000001cb5e0_0, 0, 8;
    %delay 2000, 0;
    %pushi/vec4 58, 0, 8; draw_string_vec4
    %store/vec4 v00000000001cb5e0_0, 0, 8;
    %delay 2000, 0;
    %pushi/vec4 32, 0, 8; draw_string_vec4
    %store/vec4 v00000000001cb5e0_0, 0, 8;
    %delay 2000, 0;
    %pushi/vec4 36, 0, 8; draw_string_vec4
    %store/vec4 v00000000001cb5e0_0, 0, 8;
    %delay 2000, 0;
    %pushi/vec4 51, 0, 8; draw_string_vec4
    %store/vec4 v00000000001cb5e0_0, 0, 8;
    %delay 2000, 0;
    %pushi/vec4 49, 0, 8; draw_string_vec4
    %store/vec4 v00000000001cb5e0_0, 0, 8;
    %delay 2000, 0;
    %pushi/vec4 32, 0, 8; draw_string_vec4
    %store/vec4 v00000000001cb5e0_0, 0, 8;
    %delay 2000, 0;
    %pushi/vec4 60, 0, 8; draw_string_vec4
    %store/vec4 v00000000001cb5e0_0, 0, 8;
    %delay 2000, 0;
    %pushi/vec4 61, 0, 8; draw_string_vec4
    %store/vec4 v00000000001cb5e0_0, 0, 8;
    %delay 2000, 0;
    %pushi/vec4 32, 0, 8; draw_string_vec4
    %store/vec4 v00000000001cb5e0_0, 0, 8;
    %delay 2000, 0;
    %pushi/vec4 32, 0, 8; draw_string_vec4
    %store/vec4 v00000000001cb5e0_0, 0, 8;
    %delay 2000, 0;
    %pushi/vec4 32, 0, 8; draw_string_vec4
    %store/vec4 v00000000001cb5e0_0, 0, 8;
    %delay 2000, 0;
    %pushi/vec4 49, 0, 8; draw_string_vec4
    %store/vec4 v00000000001cb5e0_0, 0, 8;
    %delay 2000, 0;
    %pushi/vec4 50, 0, 8; draw_string_vec4
    %store/vec4 v00000000001cb5e0_0, 0, 8;
    %delay 2000, 0;
    %pushi/vec4 51, 0, 8; draw_string_vec4
    %store/vec4 v00000000001cb5e0_0, 0, 8;
    %delay 2000, 0;
    %pushi/vec4 50, 0, 8; draw_string_vec4
    %store/vec4 v00000000001cb5e0_0, 0, 8;
    %delay 2000, 0;
    %pushi/vec4 49, 0, 8; draw_string_vec4
    %store/vec4 v00000000001cb5e0_0, 0, 8;
    %delay 2000, 0;
    %pushi/vec4 53, 0, 8; draw_string_vec4
    %store/vec4 v00000000001cb5e0_0, 0, 8;
    %delay 2000, 0;
    %pushi/vec4 32, 0, 8; draw_string_vec4
    %store/vec4 v00000000001cb5e0_0, 0, 8;
    %delay 2000, 0;
    %pushi/vec4 35, 0, 8; draw_string_vec4
    %store/vec4 v00000000001cb5e0_0, 0, 8;
    %delay 2000, 0;
    %pushi/vec4 94, 0, 8; draw_string_vec4
    %store/vec4 v00000000001cb5e0_0, 0, 8;
    %delay 2000, 0;
    %pushi/vec4 50, 0, 8; draw_string_vec4
    %store/vec4 v00000000001cb5e0_0, 0, 8;
    %delay 2000, 0;
    %pushi/vec4 52, 0, 8; draw_string_vec4
    %store/vec4 v00000000001cb5e0_0, 0, 8;
    %delay 2000, 0;
    %pushi/vec4 50, 0, 8; draw_string_vec4
    %store/vec4 v00000000001cb5e0_0, 0, 8;
    %delay 2000, 0;
    %pushi/vec4 64, 0, 8; draw_string_vec4
    %store/vec4 v00000000001cb5e0_0, 0, 8;
    %delay 2000, 0;
    %pushi/vec4 48, 0, 8; draw_string_vec4
    %store/vec4 v00000000001cb5e0_0, 0, 8;
    %delay 2000, 0;
    %pushi/vec4 48, 0, 8; draw_string_vec4
    %store/vec4 v00000000001cb5e0_0, 0, 8;
    %delay 2000, 0;
    %pushi/vec4 48, 0, 8; draw_string_vec4
    %store/vec4 v00000000001cb5e0_0, 0, 8;
    %delay 2000, 0;
    %pushi/vec4 48, 0, 8; draw_string_vec4
    %store/vec4 v00000000001cb5e0_0, 0, 8;
    %delay 2000, 0;
    %pushi/vec4 51, 0, 8; draw_string_vec4
    %store/vec4 v00000000001cb5e0_0, 0, 8;
    %delay 2000, 0;
    %pushi/vec4 48, 0, 8; draw_string_vec4
    %store/vec4 v00000000001cb5e0_0, 0, 8;
    %delay 2000, 0;
    %pushi/vec4 102, 0, 8; draw_string_vec4
    %store/vec4 v00000000001cb5e0_0, 0, 8;
    %delay 2000, 0;
    %pushi/vec4 52, 0, 8; draw_string_vec4
    %store/vec4 v00000000001cb5e0_0, 0, 8;
    %delay 2000, 0;
    %pushi/vec4 58, 0, 8; draw_string_vec4
    %store/vec4 v00000000001cb5e0_0, 0, 8;
    %delay 2000, 0;
    %pushi/vec4 32, 0, 8; draw_string_vec4
    %store/vec4 v00000000001cb5e0_0, 0, 8;
    %delay 2000, 0;
    %pushi/vec4 36, 0, 8; draw_string_vec4
    %store/vec4 v00000000001cb5e0_0, 0, 8;
    %delay 2000, 0;
    %pushi/vec4 51, 0, 8; draw_string_vec4
    %store/vec4 v00000000001cb5e0_0, 0, 8;
    %delay 2000, 0;
    %pushi/vec4 49, 0, 8; draw_string_vec4
    %store/vec4 v00000000001cb5e0_0, 0, 8;
    %delay 2000, 0;
    %pushi/vec4 32, 0, 8; draw_string_vec4
    %store/vec4 v00000000001cb5e0_0, 0, 8;
    %delay 2000, 0;
    %pushi/vec4 60, 0, 8; draw_string_vec4
    %store/vec4 v00000000001cb5e0_0, 0, 8;
    %delay 2000, 0;
    %pushi/vec4 61, 0, 8; draw_string_vec4
    %store/vec4 v00000000001cb5e0_0, 0, 8;
    %delay 2000, 0;
    %pushi/vec4 32, 0, 8; draw_string_vec4
    %store/vec4 v00000000001cb5e0_0, 0, 8;
    %delay 2000, 0;
    %pushi/vec4 32, 0, 8; draw_string_vec4
    %store/vec4 v00000000001cb5e0_0, 0, 8;
    %delay 2000, 0;
    %pushi/vec4 32, 0, 8; draw_string_vec4
    %store/vec4 v00000000001cb5e0_0, 0, 8;
    %delay 2000, 0;
    %pushi/vec4 97, 0, 8; draw_string_vec4
    %store/vec4 v00000000001cb5e0_0, 0, 8;
    %delay 2000, 0;
    %pushi/vec4 98, 0, 8; draw_string_vec4
    %store/vec4 v00000000001cb5e0_0, 0, 8;
    %delay 2000, 0;
    %pushi/vec4 49, 0, 8; draw_string_vec4
    %store/vec4 v00000000001cb5e0_0, 0, 8;
    %delay 2000, 0;
    %pushi/vec4 50, 0, 8; draw_string_vec4
    %store/vec4 v00000000001cb5e0_0, 0, 8;
    %delay 2000, 0;
    %pushi/vec4 51, 0, 8; draw_string_vec4
    %store/vec4 v00000000001cb5e0_0, 0, 8;
    %delay 2000, 0;
    %pushi/vec4 50, 0, 8; draw_string_vec4
    %store/vec4 v00000000001cb5e0_0, 0, 8;
    %delay 2000, 0;
    %pushi/vec4 49, 0, 8; draw_string_vec4
    %store/vec4 v00000000001cb5e0_0, 0, 8;
    %delay 2000, 0;
    %pushi/vec4 53, 0, 8; draw_string_vec4
    %store/vec4 v00000000001cb5e0_0, 0, 8;
    %delay 2000, 0;
    %pushi/vec4 32, 0, 8; draw_string_vec4
    %store/vec4 v00000000001cb5e0_0, 0, 8;
    %delay 2000, 0;
    %pushi/vec4 35, 0, 8; draw_string_vec4
    %store/vec4 v00000000001cb5e0_0, 0, 8;
    %delay 2000, 0;
    %pushi/vec4 94, 0, 8; draw_string_vec4
    %store/vec4 v00000000001cb5e0_0, 0, 8;
    %delay 2000, 0;
    %pushi/vec4 50, 0, 8; draw_string_vec4
    %store/vec4 v00000000001cb5e0_0, 0, 8;
    %delay 2000, 0;
    %pushi/vec4 52, 0, 8; draw_string_vec4
    %store/vec4 v00000000001cb5e0_0, 0, 8;
    %delay 2000, 0;
    %pushi/vec4 50, 0, 8; draw_string_vec4
    %store/vec4 v00000000001cb5e0_0, 0, 8;
    %delay 2000, 0;
    %pushi/vec4 64, 0, 8; draw_string_vec4
    %store/vec4 v00000000001cb5e0_0, 0, 8;
    %delay 2000, 0;
    %pushi/vec4 48, 0, 8; draw_string_vec4
    %store/vec4 v00000000001cb5e0_0, 0, 8;
    %delay 2000, 0;
    %pushi/vec4 48, 0, 8; draw_string_vec4
    %store/vec4 v00000000001cb5e0_0, 0, 8;
    %delay 2000, 0;
    %pushi/vec4 48, 0, 8; draw_string_vec4
    %store/vec4 v00000000001cb5e0_0, 0, 8;
    %delay 2000, 0;
    %pushi/vec4 48, 0, 8; draw_string_vec4
    %store/vec4 v00000000001cb5e0_0, 0, 8;
    %delay 2000, 0;
    %pushi/vec4 51, 0, 8; draw_string_vec4
    %store/vec4 v00000000001cb5e0_0, 0, 8;
    %delay 2000, 0;
    %pushi/vec4 48, 0, 8; draw_string_vec4
    %store/vec4 v00000000001cb5e0_0, 0, 8;
    %delay 2000, 0;
    %pushi/vec4 102, 0, 8; draw_string_vec4
    %store/vec4 v00000000001cb5e0_0, 0, 8;
    %delay 2000, 0;
    %pushi/vec4 52, 0, 8; draw_string_vec4
    %store/vec4 v00000000001cb5e0_0, 0, 8;
    %delay 2000, 0;
    %pushi/vec4 58, 0, 8; draw_string_vec4
    %store/vec4 v00000000001cb5e0_0, 0, 8;
    %delay 2000, 0;
    %pushi/vec4 32, 0, 8; draw_string_vec4
    %store/vec4 v00000000001cb5e0_0, 0, 8;
    %delay 2000, 0;
    %pushi/vec4 36, 0, 8; draw_string_vec4
    %store/vec4 v00000000001cb5e0_0, 0, 8;
    %delay 2000, 0;
    %pushi/vec4 51, 0, 8; draw_string_vec4
    %store/vec4 v00000000001cb5e0_0, 0, 8;
    %delay 2000, 0;
    %pushi/vec4 49, 0, 8; draw_string_vec4
    %store/vec4 v00000000001cb5e0_0, 0, 8;
    %delay 2000, 0;
    %pushi/vec4 32, 0, 8; draw_string_vec4
    %store/vec4 v00000000001cb5e0_0, 0, 8;
    %delay 2000, 0;
    %pushi/vec4 60, 0, 8; draw_string_vec4
    %store/vec4 v00000000001cb5e0_0, 0, 8;
    %delay 2000, 0;
    %pushi/vec4 61, 0, 8; draw_string_vec4
    %store/vec4 v00000000001cb5e0_0, 0, 8;
    %delay 2000, 0;
    %pushi/vec4 32, 0, 8; draw_string_vec4
    %store/vec4 v00000000001cb5e0_0, 0, 8;
    %delay 2000, 0;
    %pushi/vec4 32, 0, 8; draw_string_vec4
    %store/vec4 v00000000001cb5e0_0, 0, 8;
    %delay 2000, 0;
    %pushi/vec4 32, 0, 8; draw_string_vec4
    %store/vec4 v00000000001cb5e0_0, 0, 8;
    %delay 2000, 0;
    %pushi/vec4 65, 0, 8; draw_string_vec4
    %store/vec4 v00000000001cb5e0_0, 0, 8;
    %delay 2000, 0;
    %pushi/vec4 98, 0, 8; draw_string_vec4
    %store/vec4 v00000000001cb5e0_0, 0, 8;
    %delay 2000, 0;
    %pushi/vec4 49, 0, 8; draw_string_vec4
    %store/vec4 v00000000001cb5e0_0, 0, 8;
    %delay 2000, 0;
    %pushi/vec4 50, 0, 8; draw_string_vec4
    %store/vec4 v00000000001cb5e0_0, 0, 8;
    %delay 2000, 0;
    %pushi/vec4 51, 0, 8; draw_string_vec4
    %store/vec4 v00000000001cb5e0_0, 0, 8;
    %delay 2000, 0;
    %pushi/vec4 50, 0, 8; draw_string_vec4
    %store/vec4 v00000000001cb5e0_0, 0, 8;
    %delay 2000, 0;
    %pushi/vec4 49, 0, 8; draw_string_vec4
    %store/vec4 v00000000001cb5e0_0, 0, 8;
    %delay 2000, 0;
    %pushi/vec4 53, 0, 8; draw_string_vec4
    %store/vec4 v00000000001cb5e0_0, 0, 8;
    %delay 2000, 0;
    %pushi/vec4 32, 0, 8; draw_string_vec4
    %store/vec4 v00000000001cb5e0_0, 0, 8;
    %delay 2000, 0;
    %pushi/vec4 35, 0, 8; draw_string_vec4
    %store/vec4 v00000000001cb5e0_0, 0, 8;
    %delay 2000, 0;
    %pushi/vec4 94, 0, 8; draw_string_vec4
    %store/vec4 v00000000001cb5e0_0, 0, 8;
    %delay 2000, 0;
    %pushi/vec4 51, 0, 8; draw_string_vec4
    %store/vec4 v00000000001cb5e0_0, 0, 8;
    %delay 2000, 0;
    %pushi/vec4 51, 0, 8; draw_string_vec4
    %store/vec4 v00000000001cb5e0_0, 0, 8;
    %delay 2000, 0;
    %pushi/vec4 56, 0, 8; draw_string_vec4
    %store/vec4 v00000000001cb5e0_0, 0, 8;
    %delay 2000, 0;
    %pushi/vec4 64, 0, 8; draw_string_vec4
    %store/vec4 v00000000001cb5e0_0, 0, 8;
    %delay 2000, 0;
    %pushi/vec4 48, 0, 8; draw_string_vec4
    %store/vec4 v00000000001cb5e0_0, 0, 8;
    %delay 2000, 0;
    %pushi/vec4 48, 0, 8; draw_string_vec4
    %store/vec4 v00000000001cb5e0_0, 0, 8;
    %delay 2000, 0;
    %pushi/vec4 48, 0, 8; draw_string_vec4
    %store/vec4 v00000000001cb5e0_0, 0, 8;
    %delay 2000, 0;
    %pushi/vec4 48, 0, 8; draw_string_vec4
    %store/vec4 v00000000001cb5e0_0, 0, 8;
    %delay 2000, 0;
    %pushi/vec4 51, 0, 8; draw_string_vec4
    %store/vec4 v00000000001cb5e0_0, 0, 8;
    %delay 2000, 0;
    %pushi/vec4 49, 0, 8; draw_string_vec4
    %store/vec4 v00000000001cb5e0_0, 0, 8;
    %delay 2000, 0;
    %pushi/vec4 51, 0, 8; draw_string_vec4
    %store/vec4 v00000000001cb5e0_0, 0, 8;
    %delay 2000, 0;
    %pushi/vec4 48, 0, 8; draw_string_vec4
    %store/vec4 v00000000001cb5e0_0, 0, 8;
    %delay 2000, 0;
    %pushi/vec4 58, 0, 8; draw_string_vec4
    %store/vec4 v00000000001cb5e0_0, 0, 8;
    %delay 2000, 0;
    %pushi/vec4 32, 0, 8; draw_string_vec4
    %store/vec4 v00000000001cb5e0_0, 0, 8;
    %delay 2000, 0;
    %pushi/vec4 42, 0, 8; draw_string_vec4
    %store/vec4 v00000000001cb5e0_0, 0, 8;
    %delay 2000, 0;
    %pushi/vec4 48, 0, 8; draw_string_vec4
    %store/vec4 v00000000001cb5e0_0, 0, 8;
    %delay 2000, 0;
    %pushi/vec4 48, 0, 8; draw_string_vec4
    %store/vec4 v00000000001cb5e0_0, 0, 8;
    %delay 2000, 0;
    %pushi/vec4 48, 0, 8; draw_string_vec4
    %store/vec4 v00000000001cb5e0_0, 0, 8;
    %delay 2000, 0;
    %pushi/vec4 48, 0, 8; draw_string_vec4
    %store/vec4 v00000000001cb5e0_0, 0, 8;
    %delay 2000, 0;
    %pushi/vec4 48, 0, 8; draw_string_vec4
    %store/vec4 v00000000001cb5e0_0, 0, 8;
    %delay 2000, 0;
    %pushi/vec4 48, 0, 8; draw_string_vec4
    %store/vec4 v00000000001cb5e0_0, 0, 8;
    %delay 2000, 0;
    %pushi/vec4 56, 0, 8; draw_string_vec4
    %store/vec4 v00000000001cb5e0_0, 0, 8;
    %delay 2000, 0;
    %pushi/vec4 56, 0, 8; draw_string_vec4
    %store/vec4 v00000000001cb5e0_0, 0, 8;
    %delay 2000, 0;
    %pushi/vec4 32, 0, 8; draw_string_vec4
    %store/vec4 v00000000001cb5e0_0, 0, 8;
    %delay 2000, 0;
    %pushi/vec4 60, 0, 8; draw_string_vec4
    %store/vec4 v00000000001cb5e0_0, 0, 8;
    %delay 2000, 0;
    %pushi/vec4 61, 0, 8; draw_string_vec4
    %store/vec4 v00000000001cb5e0_0, 0, 8;
    %delay 2000, 0;
    %pushi/vec4 32, 0, 8; draw_string_vec4
    %store/vec4 v00000000001cb5e0_0, 0, 8;
    %delay 2000, 0;
    %pushi/vec4 70, 0, 8; draw_string_vec4
    %store/vec4 v00000000001cb5e0_0, 0, 8;
    %delay 2000, 0;
    %pushi/vec4 102, 0, 8; draw_string_vec4
    %store/vec4 v00000000001cb5e0_0, 0, 8;
    %delay 2000, 0;
    %pushi/vec4 102, 0, 8; draw_string_vec4
    %store/vec4 v00000000001cb5e0_0, 0, 8;
    %delay 2000, 0;
    %pushi/vec4 102, 0, 8; draw_string_vec4
    %store/vec4 v00000000001cb5e0_0, 0, 8;
    %delay 2000, 0;
    %pushi/vec4 98, 0, 8; draw_string_vec4
    %store/vec4 v00000000001cb5e0_0, 0, 8;
    %delay 2000, 0;
    %pushi/vec4 53, 0, 8; draw_string_vec4
    %store/vec4 v00000000001cb5e0_0, 0, 8;
    %delay 2000, 0;
    %pushi/vec4 50, 0, 8; draw_string_vec4
    %store/vec4 v00000000001cb5e0_0, 0, 8;
    %delay 2000, 0;
    %pushi/vec4 56, 0, 8; draw_string_vec4
    %store/vec4 v00000000001cb5e0_0, 0, 8;
    %delay 2000, 0;
    %pushi/vec4 35, 0, 8; draw_string_vec4
    %store/vec4 v00000000001cb5e0_0, 0, 8;
    %delay 2000, 0;
    %pushi/vec4 94, 0, 8; draw_string_vec4
    %store/vec4 v00000000001cb5e0_0, 0, 8;
    %delay 2000, 0;
    %pushi/vec4 51, 0, 8; draw_string_vec4
    %store/vec4 v00000000001cb5e0_0, 0, 8;
    %delay 2000, 0;
    %pushi/vec4 51, 0, 8; draw_string_vec4
    %store/vec4 v00000000001cb5e0_0, 0, 8;
    %delay 2000, 0;
    %pushi/vec4 56, 0, 8; draw_string_vec4
    %store/vec4 v00000000001cb5e0_0, 0, 8;
    %delay 2000, 0;
    %pushi/vec4 64, 0, 8; draw_string_vec4
    %store/vec4 v00000000001cb5e0_0, 0, 8;
    %delay 2000, 0;
    %pushi/vec4 48, 0, 8; draw_string_vec4
    %store/vec4 v00000000001cb5e0_0, 0, 8;
    %delay 2000, 0;
    %pushi/vec4 48, 0, 8; draw_string_vec4
    %store/vec4 v00000000001cb5e0_0, 0, 8;
    %delay 2000, 0;
    %pushi/vec4 48, 0, 8; draw_string_vec4
    %store/vec4 v00000000001cb5e0_0, 0, 8;
    %delay 2000, 0;
    %pushi/vec4 48, 0, 8; draw_string_vec4
    %store/vec4 v00000000001cb5e0_0, 0, 8;
    %delay 2000, 0;
    %pushi/vec4 51, 0, 8; draw_string_vec4
    %store/vec4 v00000000001cb5e0_0, 0, 8;
    %delay 2000, 0;
    %pushi/vec4 49, 0, 8; draw_string_vec4
    %store/vec4 v00000000001cb5e0_0, 0, 8;
    %delay 2000, 0;
    %pushi/vec4 51, 0, 8; draw_string_vec4
    %store/vec4 v00000000001cb5e0_0, 0, 8;
    %delay 2000, 0;
    %pushi/vec4 48, 0, 8; draw_string_vec4
    %store/vec4 v00000000001cb5e0_0, 0, 8;
    %delay 2000, 0;
    %pushi/vec4 58, 0, 8; draw_string_vec4
    %store/vec4 v00000000001cb5e0_0, 0, 8;
    %delay 2000, 0;
    %pushi/vec4 32, 0, 8; draw_string_vec4
    %store/vec4 v00000000001cb5e0_0, 0, 8;
    %delay 2000, 0;
    %pushi/vec4 42, 0, 8; draw_string_vec4
    %store/vec4 v00000000001cb5e0_0, 0, 8;
    %delay 2000, 0;
    %pushi/vec4 48, 0, 8; draw_string_vec4
    %store/vec4 v00000000001cb5e0_0, 0, 8;
    %delay 2000, 0;
    %pushi/vec4 48, 0, 8; draw_string_vec4
    %store/vec4 v00000000001cb5e0_0, 0, 8;
    %delay 2000, 0;
    %pushi/vec4 48, 0, 8; draw_string_vec4
    %store/vec4 v00000000001cb5e0_0, 0, 8;
    %delay 2000, 0;
    %pushi/vec4 48, 0, 8; draw_string_vec4
    %store/vec4 v00000000001cb5e0_0, 0, 8;
    %delay 2000, 0;
    %pushi/vec4 48, 0, 8; draw_string_vec4
    %store/vec4 v00000000001cb5e0_0, 0, 8;
    %delay 2000, 0;
    %pushi/vec4 48, 0, 8; draw_string_vec4
    %store/vec4 v00000000001cb5e0_0, 0, 8;
    %delay 2000, 0;
    %pushi/vec4 56, 0, 8; draw_string_vec4
    %store/vec4 v00000000001cb5e0_0, 0, 8;
    %delay 2000, 0;
    %pushi/vec4 56, 0, 8; draw_string_vec4
    %store/vec4 v00000000001cb5e0_0, 0, 8;
    %delay 2000, 0;
    %pushi/vec4 32, 0, 8; draw_string_vec4
    %store/vec4 v00000000001cb5e0_0, 0, 8;
    %delay 2000, 0;
    %pushi/vec4 60, 0, 8; draw_string_vec4
    %store/vec4 v00000000001cb5e0_0, 0, 8;
    %delay 2000, 0;
    %pushi/vec4 61, 0, 8; draw_string_vec4
    %store/vec4 v00000000001cb5e0_0, 0, 8;
    %delay 2000, 0;
    %pushi/vec4 32, 0, 8; draw_string_vec4
    %store/vec4 v00000000001cb5e0_0, 0, 8;
    %delay 2000, 0;
    %pushi/vec4 102, 0, 8; draw_string_vec4
    %store/vec4 v00000000001cb5e0_0, 0, 8;
    %delay 2000, 0;
    %pushi/vec4 102, 0, 8; draw_string_vec4
    %store/vec4 v00000000001cb5e0_0, 0, 8;
    %delay 2000, 0;
    %pushi/vec4 102, 0, 8; draw_string_vec4
    %store/vec4 v00000000001cb5e0_0, 0, 8;
    %delay 2000, 0;
    %pushi/vec4 102, 0, 8; draw_string_vec4
    %store/vec4 v00000000001cb5e0_0, 0, 8;
    %delay 2000, 0;
    %pushi/vec4 98, 0, 8; draw_string_vec4
    %store/vec4 v00000000001cb5e0_0, 0, 8;
    %delay 2000, 0;
    %pushi/vec4 53, 0, 8; draw_string_vec4
    %store/vec4 v00000000001cb5e0_0, 0, 8;
    %delay 2000, 0;
    %pushi/vec4 50, 0, 8; draw_string_vec4
    %store/vec4 v00000000001cb5e0_0, 0, 8;
    %delay 2000, 0;
    %pushi/vec4 56, 0, 8; draw_string_vec4
    %store/vec4 v00000000001cb5e0_0, 0, 8;
    %delay 2000, 0;
    %pushi/vec4 35, 0, 8; draw_string_vec4
    %store/vec4 v00000000001cb5e0_0, 0, 8;
    %delay 2000, 0;
    %pushi/vec4 94, 0, 8; draw_string_vec4
    %store/vec4 v00000000001cb5e0_0, 0, 8;
    %delay 2000, 0;
    %pushi/vec4 51, 0, 8; draw_string_vec4
    %store/vec4 v00000000001cb5e0_0, 0, 8;
    %delay 2000, 0;
    %pushi/vec4 51, 0, 8; draw_string_vec4
    %store/vec4 v00000000001cb5e0_0, 0, 8;
    %delay 2000, 0;
    %pushi/vec4 56, 0, 8; draw_string_vec4
    %store/vec4 v00000000001cb5e0_0, 0, 8;
    %delay 2000, 0;
    %pushi/vec4 64, 0, 8; draw_string_vec4
    %store/vec4 v00000000001cb5e0_0, 0, 8;
    %delay 2000, 0;
    %pushi/vec4 48, 0, 8; draw_string_vec4
    %store/vec4 v00000000001cb5e0_0, 0, 8;
    %delay 2000, 0;
    %pushi/vec4 48, 0, 8; draw_string_vec4
    %store/vec4 v00000000001cb5e0_0, 0, 8;
    %delay 2000, 0;
    %pushi/vec4 48, 0, 8; draw_string_vec4
    %store/vec4 v00000000001cb5e0_0, 0, 8;
    %delay 2000, 0;
    %pushi/vec4 48, 0, 8; draw_string_vec4
    %store/vec4 v00000000001cb5e0_0, 0, 8;
    %delay 2000, 0;
    %pushi/vec4 51, 0, 8; draw_string_vec4
    %store/vec4 v00000000001cb5e0_0, 0, 8;
    %delay 2000, 0;
    %pushi/vec4 49, 0, 8; draw_string_vec4
    %store/vec4 v00000000001cb5e0_0, 0, 8;
    %delay 2000, 0;
    %pushi/vec4 51, 0, 8; draw_string_vec4
    %store/vec4 v00000000001cb5e0_0, 0, 8;
    %delay 2000, 0;
    %pushi/vec4 48, 0, 8; draw_string_vec4
    %store/vec4 v00000000001cb5e0_0, 0, 8;
    %delay 2000, 0;
    %pushi/vec4 58, 0, 8; draw_string_vec4
    %store/vec4 v00000000001cb5e0_0, 0, 8;
    %delay 2000, 0;
    %pushi/vec4 32, 0, 8; draw_string_vec4
    %store/vec4 v00000000001cb5e0_0, 0, 8;
    %delay 2000, 0;
    %pushi/vec4 42, 0, 8; draw_string_vec4
    %store/vec4 v00000000001cb5e0_0, 0, 8;
    %delay 2000, 0;
    %pushi/vec4 48, 0, 8; draw_string_vec4
    %store/vec4 v00000000001cb5e0_0, 0, 8;
    %delay 2000, 0;
    %pushi/vec4 48, 0, 8; draw_string_vec4
    %store/vec4 v00000000001cb5e0_0, 0, 8;
    %delay 2000, 0;
    %pushi/vec4 48, 0, 8; draw_string_vec4
    %store/vec4 v00000000001cb5e0_0, 0, 8;
    %delay 2000, 0;
    %pushi/vec4 48, 0, 8; draw_string_vec4
    %store/vec4 v00000000001cb5e0_0, 0, 8;
    %delay 2000, 0;
    %pushi/vec4 48, 0, 8; draw_string_vec4
    %store/vec4 v00000000001cb5e0_0, 0, 8;
    %delay 2000, 0;
    %pushi/vec4 48, 0, 8; draw_string_vec4
    %store/vec4 v00000000001cb5e0_0, 0, 8;
    %delay 2000, 0;
    %pushi/vec4 56, 0, 8; draw_string_vec4
    %store/vec4 v00000000001cb5e0_0, 0, 8;
    %delay 2000, 0;
    %pushi/vec4 56, 0, 8; draw_string_vec4
    %store/vec4 v00000000001cb5e0_0, 0, 8;
    %delay 2000, 0;
    %pushi/vec4 32, 0, 8; draw_string_vec4
    %store/vec4 v00000000001cb5e0_0, 0, 8;
    %delay 2000, 0;
    %pushi/vec4 60, 0, 8; draw_string_vec4
    %store/vec4 v00000000001cb5e0_0, 0, 8;
    %delay 2000, 0;
    %pushi/vec4 61, 0, 8; draw_string_vec4
    %store/vec4 v00000000001cb5e0_0, 0, 8;
    %delay 2000, 0;
    %pushi/vec4 35, 0, 8; draw_string_vec4
    %store/vec4 v00000000001cb5e0_0, 0, 8;
    %delay 2000, 0;
    %pushi/vec4 94, 0, 8; draw_string_vec4
    %store/vec4 v00000000001cb5e0_0, 0, 8;
    %delay 2000, 0;
    %pushi/vec4 51, 0, 8; draw_string_vec4
    %store/vec4 v00000000001cb5e0_0, 0, 8;
    %delay 2000, 0;
    %pushi/vec4 51, 0, 8; draw_string_vec4
    %store/vec4 v00000000001cb5e0_0, 0, 8;
    %delay 2000, 0;
    %pushi/vec4 56, 0, 8; draw_string_vec4
    %store/vec4 v00000000001cb5e0_0, 0, 8;
    %delay 2000, 0;
    %pushi/vec4 64, 0, 8; draw_string_vec4
    %store/vec4 v00000000001cb5e0_0, 0, 8;
    %delay 2000, 0;
    %pushi/vec4 48, 0, 8; draw_string_vec4
    %store/vec4 v00000000001cb5e0_0, 0, 8;
    %delay 2000, 0;
    %pushi/vec4 48, 0, 8; draw_string_vec4
    %store/vec4 v00000000001cb5e0_0, 0, 8;
    %delay 2000, 0;
    %pushi/vec4 48, 0, 8; draw_string_vec4
    %store/vec4 v00000000001cb5e0_0, 0, 8;
    %delay 2000, 0;
    %pushi/vec4 48, 0, 8; draw_string_vec4
    %store/vec4 v00000000001cb5e0_0, 0, 8;
    %delay 2000, 0;
    %pushi/vec4 51, 0, 8; draw_string_vec4
    %store/vec4 v00000000001cb5e0_0, 0, 8;
    %delay 2000, 0;
    %pushi/vec4 49, 0, 8; draw_string_vec4
    %store/vec4 v00000000001cb5e0_0, 0, 8;
    %delay 2000, 0;
    %pushi/vec4 51, 0, 8; draw_string_vec4
    %store/vec4 v00000000001cb5e0_0, 0, 8;
    %delay 2000, 0;
    %pushi/vec4 48, 0, 8; draw_string_vec4
    %store/vec4 v00000000001cb5e0_0, 0, 8;
    %delay 2000, 0;
    %pushi/vec4 58, 0, 8; draw_string_vec4
    %store/vec4 v00000000001cb5e0_0, 0, 8;
    %delay 2000, 0;
    %pushi/vec4 32, 0, 8; draw_string_vec4
    %store/vec4 v00000000001cb5e0_0, 0, 8;
    %delay 2000, 0;
    %pushi/vec4 42, 0, 8; draw_string_vec4
    %store/vec4 v00000000001cb5e0_0, 0, 8;
    %delay 2000, 0;
    %pushi/vec4 48, 0, 8; draw_string_vec4
    %store/vec4 v00000000001cb5e0_0, 0, 8;
    %delay 2000, 0;
    %pushi/vec4 48, 0, 8; draw_string_vec4
    %store/vec4 v00000000001cb5e0_0, 0, 8;
    %delay 2000, 0;
    %pushi/vec4 48, 0, 8; draw_string_vec4
    %store/vec4 v00000000001cb5e0_0, 0, 8;
    %delay 2000, 0;
    %pushi/vec4 48, 0, 8; draw_string_vec4
    %store/vec4 v00000000001cb5e0_0, 0, 8;
    %delay 2000, 0;
    %pushi/vec4 48, 0, 8; draw_string_vec4
    %store/vec4 v00000000001cb5e0_0, 0, 8;
    %delay 2000, 0;
    %pushi/vec4 48, 0, 8; draw_string_vec4
    %store/vec4 v00000000001cb5e0_0, 0, 8;
    %delay 2000, 0;
    %pushi/vec4 56, 0, 8; draw_string_vec4
    %store/vec4 v00000000001cb5e0_0, 0, 8;
    %delay 2000, 0;
    %pushi/vec4 56, 0, 8; draw_string_vec4
    %store/vec4 v00000000001cb5e0_0, 0, 8;
    %delay 2000, 0;
    %pushi/vec4 32, 0, 8; draw_string_vec4
    %store/vec4 v00000000001cb5e0_0, 0, 8;
    %delay 2000, 0;
    %pushi/vec4 60, 0, 8; draw_string_vec4
    %store/vec4 v00000000001cb5e0_0, 0, 8;
    %delay 2000, 0;
    %pushi/vec4 61, 0, 8; draw_string_vec4
    %store/vec4 v00000000001cb5e0_0, 0, 8;
    %delay 2000, 0;
    %pushi/vec4 32, 0, 8; draw_string_vec4
    %store/vec4 v00000000001cb5e0_0, 0, 8;
    %delay 2000, 0;
    %pushi/vec4 102, 0, 8; draw_string_vec4
    %store/vec4 v00000000001cb5e0_0, 0, 8;
    %delay 2000, 0;
    %pushi/vec4 102, 0, 8; draw_string_vec4
    %store/vec4 v00000000001cb5e0_0, 0, 8;
    %delay 2000, 0;
    %pushi/vec4 102, 0, 8; draw_string_vec4
    %store/vec4 v00000000001cb5e0_0, 0, 8;
    %delay 2000, 0;
    %pushi/vec4 102, 0, 8; draw_string_vec4
    %store/vec4 v00000000001cb5e0_0, 0, 8;
    %delay 2000, 0;
    %pushi/vec4 98, 0, 8; draw_string_vec4
    %store/vec4 v00000000001cb5e0_0, 0, 8;
    %delay 2000, 0;
    %pushi/vec4 53, 0, 8; draw_string_vec4
    %store/vec4 v00000000001cb5e0_0, 0, 8;
    %delay 2000, 0;
    %pushi/vec4 50, 0, 8; draw_string_vec4
    %store/vec4 v00000000001cb5e0_0, 0, 8;
    %delay 2000, 0;
    %pushi/vec4 56, 0, 8; draw_string_vec4
    %store/vec4 v00000000001cb5e0_0, 0, 8;
    %delay 2000, 0;
    %pushi/vec4 49, 0, 8; draw_string_vec4
    %store/vec4 v00000000001cb5e0_0, 0, 8;
    %delay 2000, 0;
    %pushi/vec4 50, 0, 8; draw_string_vec4
    %store/vec4 v00000000001cb5e0_0, 0, 8;
    %delay 2000, 0;
    %pushi/vec4 35, 0, 8; draw_string_vec4
    %store/vec4 v00000000001cb5e0_0, 0, 8;
    %delay 2000, 0;
    %pushi/vec4 94, 0, 8; draw_string_vec4
    %store/vec4 v00000000001cb5e0_0, 0, 8;
    %delay 2000, 0;
    %pushi/vec4 51, 0, 8; draw_string_vec4
    %store/vec4 v00000000001cb5e0_0, 0, 8;
    %delay 2000, 0;
    %pushi/vec4 51, 0, 8; draw_string_vec4
    %store/vec4 v00000000001cb5e0_0, 0, 8;
    %delay 2000, 0;
    %pushi/vec4 56, 0, 8; draw_string_vec4
    %store/vec4 v00000000001cb5e0_0, 0, 8;
    %delay 2000, 0;
    %pushi/vec4 64, 0, 8; draw_string_vec4
    %store/vec4 v00000000001cb5e0_0, 0, 8;
    %delay 2000, 0;
    %pushi/vec4 48, 0, 8; draw_string_vec4
    %store/vec4 v00000000001cb5e0_0, 0, 8;
    %delay 2000, 0;
    %pushi/vec4 48, 0, 8; draw_string_vec4
    %store/vec4 v00000000001cb5e0_0, 0, 8;
    %delay 2000, 0;
    %pushi/vec4 48, 0, 8; draw_string_vec4
    %store/vec4 v00000000001cb5e0_0, 0, 8;
    %delay 2000, 0;
    %pushi/vec4 48, 0, 8; draw_string_vec4
    %store/vec4 v00000000001cb5e0_0, 0, 8;
    %delay 2000, 0;
    %pushi/vec4 51, 0, 8; draw_string_vec4
    %store/vec4 v00000000001cb5e0_0, 0, 8;
    %delay 2000, 0;
    %pushi/vec4 49, 0, 8; draw_string_vec4
    %store/vec4 v00000000001cb5e0_0, 0, 8;
    %delay 2000, 0;
    %pushi/vec4 51, 0, 8; draw_string_vec4
    %store/vec4 v00000000001cb5e0_0, 0, 8;
    %delay 2000, 0;
    %pushi/vec4 48, 0, 8; draw_string_vec4
    %store/vec4 v00000000001cb5e0_0, 0, 8;
    %delay 2000, 0;
    %pushi/vec4 58, 0, 8; draw_string_vec4
    %store/vec4 v00000000001cb5e0_0, 0, 8;
    %delay 2000, 0;
    %pushi/vec4 32, 0, 8; draw_string_vec4
    %store/vec4 v00000000001cb5e0_0, 0, 8;
    %delay 2000, 0;
    %pushi/vec4 42, 0, 8; draw_string_vec4
    %store/vec4 v00000000001cb5e0_0, 0, 8;
    %delay 2000, 0;
    %pushi/vec4 48, 0, 8; draw_string_vec4
    %store/vec4 v00000000001cb5e0_0, 0, 8;
    %delay 2000, 0;
    %pushi/vec4 48, 0, 8; draw_string_vec4
    %store/vec4 v00000000001cb5e0_0, 0, 8;
    %delay 2000, 0;
    %pushi/vec4 48, 0, 8; draw_string_vec4
    %store/vec4 v00000000001cb5e0_0, 0, 8;
    %delay 2000, 0;
    %pushi/vec4 48, 0, 8; draw_string_vec4
    %store/vec4 v00000000001cb5e0_0, 0, 8;
    %delay 2000, 0;
    %pushi/vec4 48, 0, 8; draw_string_vec4
    %store/vec4 v00000000001cb5e0_0, 0, 8;
    %delay 2000, 0;
    %pushi/vec4 48, 0, 8; draw_string_vec4
    %store/vec4 v00000000001cb5e0_0, 0, 8;
    %delay 2000, 0;
    %pushi/vec4 56, 0, 8; draw_string_vec4
    %store/vec4 v00000000001cb5e0_0, 0, 8;
    %delay 2000, 0;
    %pushi/vec4 56, 0, 8; draw_string_vec4
    %store/vec4 v00000000001cb5e0_0, 0, 8;
    %delay 2000, 0;
    %pushi/vec4 32, 0, 8; draw_string_vec4
    %store/vec4 v00000000001cb5e0_0, 0, 8;
    %delay 2000, 0;
    %pushi/vec4 60, 0, 8; draw_string_vec4
    %store/vec4 v00000000001cb5e0_0, 0, 8;
    %delay 2000, 0;
    %pushi/vec4 61, 0, 8; draw_string_vec4
    %store/vec4 v00000000001cb5e0_0, 0, 8;
    %delay 2000, 0;
    %pushi/vec4 32, 0, 8; draw_string_vec4
    %store/vec4 v00000000001cb5e0_0, 0, 8;
    %delay 2000, 0;
    %pushi/vec4 102, 0, 8; draw_string_vec4
    %store/vec4 v00000000001cb5e0_0, 0, 8;
    %delay 2000, 0;
    %pushi/vec4 102, 0, 8; draw_string_vec4
    %store/vec4 v00000000001cb5e0_0, 0, 8;
    %delay 2000, 0;
    %pushi/vec4 102, 0, 8; draw_string_vec4
    %store/vec4 v00000000001cb5e0_0, 0, 8;
    %delay 2000, 0;
    %pushi/vec4 102, 0, 8; draw_string_vec4
    %store/vec4 v00000000001cb5e0_0, 0, 8;
    %delay 2000, 0;
    %pushi/vec4 98, 0, 8; draw_string_vec4
    %store/vec4 v00000000001cb5e0_0, 0, 8;
    %delay 2000, 0;
    %pushi/vec4 53, 0, 8; draw_string_vec4
    %store/vec4 v00000000001cb5e0_0, 0, 8;
    %delay 2000, 0;
    %pushi/vec4 50, 0, 8; draw_string_vec4
    %store/vec4 v00000000001cb5e0_0, 0, 8;
    %delay 2000, 0;
    %pushi/vec4 35, 0, 8; draw_string_vec4
    %store/vec4 v00000000001cb5e0_0, 0, 8;
    %delay 2000, 0;
    %pushi/vec4 94, 0, 8; draw_string_vec4
    %store/vec4 v00000000001cb5e0_0, 0, 8;
    %delay 2000, 0;
    %pushi/vec4 51, 0, 8; draw_string_vec4
    %store/vec4 v00000000001cb5e0_0, 0, 8;
    %delay 2000, 0;
    %pushi/vec4 51, 0, 8; draw_string_vec4
    %store/vec4 v00000000001cb5e0_0, 0, 8;
    %delay 2000, 0;
    %pushi/vec4 56, 0, 8; draw_string_vec4
    %store/vec4 v00000000001cb5e0_0, 0, 8;
    %delay 2000, 0;
    %pushi/vec4 64, 0, 8; draw_string_vec4
    %store/vec4 v00000000001cb5e0_0, 0, 8;
    %delay 2000, 0;
    %pushi/vec4 48, 0, 8; draw_string_vec4
    %store/vec4 v00000000001cb5e0_0, 0, 8;
    %delay 2000, 0;
    %pushi/vec4 48, 0, 8; draw_string_vec4
    %store/vec4 v00000000001cb5e0_0, 0, 8;
    %delay 2000, 0;
    %pushi/vec4 48, 0, 8; draw_string_vec4
    %store/vec4 v00000000001cb5e0_0, 0, 8;
    %delay 2000, 0;
    %pushi/vec4 48, 0, 8; draw_string_vec4
    %store/vec4 v00000000001cb5e0_0, 0, 8;
    %delay 2000, 0;
    %pushi/vec4 51, 0, 8; draw_string_vec4
    %store/vec4 v00000000001cb5e0_0, 0, 8;
    %delay 2000, 0;
    %pushi/vec4 49, 0, 8; draw_string_vec4
    %store/vec4 v00000000001cb5e0_0, 0, 8;
    %delay 2000, 0;
    %pushi/vec4 51, 0, 8; draw_string_vec4
    %store/vec4 v00000000001cb5e0_0, 0, 8;
    %delay 2000, 0;
    %pushi/vec4 48, 0, 8; draw_string_vec4
    %store/vec4 v00000000001cb5e0_0, 0, 8;
    %delay 2000, 0;
    %pushi/vec4 58, 0, 8; draw_string_vec4
    %store/vec4 v00000000001cb5e0_0, 0, 8;
    %delay 2000, 0;
    %pushi/vec4 32, 0, 8; draw_string_vec4
    %store/vec4 v00000000001cb5e0_0, 0, 8;
    %delay 2000, 0;
    %pushi/vec4 42, 0, 8; draw_string_vec4
    %store/vec4 v00000000001cb5e0_0, 0, 8;
    %delay 2000, 0;
    %pushi/vec4 48, 0, 8; draw_string_vec4
    %store/vec4 v00000000001cb5e0_0, 0, 8;
    %delay 2000, 0;
    %pushi/vec4 48, 0, 8; draw_string_vec4
    %store/vec4 v00000000001cb5e0_0, 0, 8;
    %delay 2000, 0;
    %pushi/vec4 48, 0, 8; draw_string_vec4
    %store/vec4 v00000000001cb5e0_0, 0, 8;
    %delay 2000, 0;
    %pushi/vec4 48, 0, 8; draw_string_vec4
    %store/vec4 v00000000001cb5e0_0, 0, 8;
    %delay 2000, 0;
    %pushi/vec4 48, 0, 8; draw_string_vec4
    %store/vec4 v00000000001cb5e0_0, 0, 8;
    %delay 2000, 0;
    %pushi/vec4 48, 0, 8; draw_string_vec4
    %store/vec4 v00000000001cb5e0_0, 0, 8;
    %delay 2000, 0;
    %pushi/vec4 56, 0, 8; draw_string_vec4
    %store/vec4 v00000000001cb5e0_0, 0, 8;
    %delay 2000, 0;
    %pushi/vec4 56, 0, 8; draw_string_vec4
    %store/vec4 v00000000001cb5e0_0, 0, 8;
    %delay 2000, 0;
    %pushi/vec4 32, 0, 8; draw_string_vec4
    %store/vec4 v00000000001cb5e0_0, 0, 8;
    %delay 2000, 0;
    %pushi/vec4 60, 0, 8; draw_string_vec4
    %store/vec4 v00000000001cb5e0_0, 0, 8;
    %delay 2000, 0;
    %pushi/vec4 61, 0, 8; draw_string_vec4
    %store/vec4 v00000000001cb5e0_0, 0, 8;
    %delay 2000, 0;
    %pushi/vec4 32, 0, 8; draw_string_vec4
    %store/vec4 v00000000001cb5e0_0, 0, 8;
    %delay 2000, 0;
    %pushi/vec4 102, 0, 8; draw_string_vec4
    %store/vec4 v00000000001cb5e0_0, 0, 8;
    %delay 2000, 0;
    %pushi/vec4 102, 0, 8; draw_string_vec4
    %store/vec4 v00000000001cb5e0_0, 0, 8;
    %delay 2000, 0;
    %pushi/vec4 102, 0, 8; draw_string_vec4
    %store/vec4 v00000000001cb5e0_0, 0, 8;
    %delay 2000, 0;
    %pushi/vec4 102, 0, 8; draw_string_vec4
    %store/vec4 v00000000001cb5e0_0, 0, 8;
    %delay 2000, 0;
    %pushi/vec4 66, 0, 8; draw_string_vec4
    %store/vec4 v00000000001cb5e0_0, 0, 8;
    %delay 2000, 0;
    %pushi/vec4 53, 0, 8; draw_string_vec4
    %store/vec4 v00000000001cb5e0_0, 0, 8;
    %delay 2000, 0;
    %pushi/vec4 50, 0, 8; draw_string_vec4
    %store/vec4 v00000000001cb5e0_0, 0, 8;
    %delay 2000, 0;
    %pushi/vec4 56, 0, 8; draw_string_vec4
    %store/vec4 v00000000001cb5e0_0, 0, 8;
    %delay 2000, 0;
    %pushi/vec4 35, 0, 8; draw_string_vec4
    %store/vec4 v00000000001cb5e0_0, 0, 8;
    %delay 2000, 0;
    %pushi/vec4 94, 0, 8; draw_string_vec4
    %store/vec4 v00000000001cb5e0_0, 0, 8;
    %delay 2000, 0;
    %pushi/vec4 51, 0, 8; draw_string_vec4
    %store/vec4 v00000000001cb5e0_0, 0, 8;
    %delay 2000, 0;
    %pushi/vec4 51, 0, 8; draw_string_vec4
    %store/vec4 v00000000001cb5e0_0, 0, 8;
    %delay 2000, 0;
    %pushi/vec4 56, 0, 8; draw_string_vec4
    %store/vec4 v00000000001cb5e0_0, 0, 8;
    %delay 2000, 0;
    %pushi/vec4 64, 0, 8; draw_string_vec4
    %store/vec4 v00000000001cb5e0_0, 0, 8;
    %delay 2000, 0;
    %pushi/vec4 48, 0, 8; draw_string_vec4
    %store/vec4 v00000000001cb5e0_0, 0, 8;
    %delay 2000, 0;
    %pushi/vec4 48, 0, 8; draw_string_vec4
    %store/vec4 v00000000001cb5e0_0, 0, 8;
    %delay 2000, 0;
    %pushi/vec4 48, 0, 8; draw_string_vec4
    %store/vec4 v00000000001cb5e0_0, 0, 8;
    %delay 2000, 0;
    %pushi/vec4 48, 0, 8; draw_string_vec4
    %store/vec4 v00000000001cb5e0_0, 0, 8;
    %delay 2000, 0;
    %pushi/vec4 51, 0, 8; draw_string_vec4
    %store/vec4 v00000000001cb5e0_0, 0, 8;
    %delay 2000, 0;
    %pushi/vec4 49, 0, 8; draw_string_vec4
    %store/vec4 v00000000001cb5e0_0, 0, 8;
    %delay 2000, 0;
    %pushi/vec4 51, 0, 8; draw_string_vec4
    %store/vec4 v00000000001cb5e0_0, 0, 8;
    %delay 2000, 0;
    %pushi/vec4 48, 0, 8; draw_string_vec4
    %store/vec4 v00000000001cb5e0_0, 0, 8;
    %delay 2000, 0;
    %pushi/vec4 58, 0, 8; draw_string_vec4
    %store/vec4 v00000000001cb5e0_0, 0, 8;
    %delay 2000, 0;
    %pushi/vec4 32, 0, 8; draw_string_vec4
    %store/vec4 v00000000001cb5e0_0, 0, 8;
    %delay 2000, 0;
    %pushi/vec4 42, 0, 8; draw_string_vec4
    %store/vec4 v00000000001cb5e0_0, 0, 8;
    %delay 2000, 0;
    %pushi/vec4 48, 0, 8; draw_string_vec4
    %store/vec4 v00000000001cb5e0_0, 0, 8;
    %delay 2000, 0;
    %pushi/vec4 48, 0, 8; draw_string_vec4
    %store/vec4 v00000000001cb5e0_0, 0, 8;
    %delay 2000, 0;
    %pushi/vec4 48, 0, 8; draw_string_vec4
    %store/vec4 v00000000001cb5e0_0, 0, 8;
    %delay 2000, 0;
    %pushi/vec4 48, 0, 8; draw_string_vec4
    %store/vec4 v00000000001cb5e0_0, 0, 8;
    %delay 2000, 0;
    %pushi/vec4 48, 0, 8; draw_string_vec4
    %store/vec4 v00000000001cb5e0_0, 0, 8;
    %delay 2000, 0;
    %pushi/vec4 48, 0, 8; draw_string_vec4
    %store/vec4 v00000000001cb5e0_0, 0, 8;
    %delay 2000, 0;
    %pushi/vec4 56, 0, 8; draw_string_vec4
    %store/vec4 v00000000001cb5e0_0, 0, 8;
    %delay 2000, 0;
    %pushi/vec4 56, 0, 8; draw_string_vec4
    %store/vec4 v00000000001cb5e0_0, 0, 8;
    %delay 2000, 0;
    %pushi/vec4 32, 0, 8; draw_string_vec4
    %store/vec4 v00000000001cb5e0_0, 0, 8;
    %delay 2000, 0;
    %pushi/vec4 60, 0, 8; draw_string_vec4
    %store/vec4 v00000000001cb5e0_0, 0, 8;
    %delay 2000, 0;
    %pushi/vec4 61, 0, 8; draw_string_vec4
    %store/vec4 v00000000001cb5e0_0, 0, 8;
    %delay 2000, 0;
    %pushi/vec4 32, 0, 8; draw_string_vec4
    %store/vec4 v00000000001cb5e0_0, 0, 8;
    %delay 2000, 0;
    %pushi/vec4 102, 0, 8; draw_string_vec4
    %store/vec4 v00000000001cb5e0_0, 0, 8;
    %delay 2000, 0;
    %pushi/vec4 102, 0, 8; draw_string_vec4
    %store/vec4 v00000000001cb5e0_0, 0, 8;
    %delay 2000, 0;
    %pushi/vec4 102, 0, 8; draw_string_vec4
    %store/vec4 v00000000001cb5e0_0, 0, 8;
    %delay 2000, 0;
    %pushi/vec4 102, 0, 8; draw_string_vec4
    %store/vec4 v00000000001cb5e0_0, 0, 8;
    %delay 2000, 0;
    %pushi/vec4 98, 0, 8; draw_string_vec4
    %store/vec4 v00000000001cb5e0_0, 0, 8;
    %delay 2000, 0;
    %pushi/vec4 53, 0, 8; draw_string_vec4
    %store/vec4 v00000000001cb5e0_0, 0, 8;
    %delay 2000, 0;
    %pushi/vec4 50, 0, 8; draw_string_vec4
    %store/vec4 v00000000001cb5e0_0, 0, 8;
    %delay 2000, 0;
    %pushi/vec4 66, 0, 8; draw_string_vec4
    %store/vec4 v00000000001cb5e0_0, 0, 8;
    %delay 2000, 0;
    %pushi/vec4 35, 0, 8; draw_string_vec4
    %store/vec4 v00000000001cb5e0_0, 0, 8;
    %delay 2000, 0;
    %pushi/vec4 94, 0, 8; draw_string_vec4
    %store/vec4 v00000000001cb5e0_0, 0, 8;
    %delay 2000, 0;
    %pushi/vec4 51, 0, 8; draw_string_vec4
    %store/vec4 v00000000001cb5e0_0, 0, 8;
    %delay 2000, 0;
    %pushi/vec4 51, 0, 8; draw_string_vec4
    %store/vec4 v00000000001cb5e0_0, 0, 8;
    %delay 2000, 0;
    %pushi/vec4 56, 0, 8; draw_string_vec4
    %store/vec4 v00000000001cb5e0_0, 0, 8;
    %delay 2000, 0;
    %pushi/vec4 64, 0, 8; draw_string_vec4
    %store/vec4 v00000000001cb5e0_0, 0, 8;
    %delay 2000, 0;
    %pushi/vec4 48, 0, 8; draw_string_vec4
    %store/vec4 v00000000001cb5e0_0, 0, 8;
    %delay 2000, 0;
    %pushi/vec4 48, 0, 8; draw_string_vec4
    %store/vec4 v00000000001cb5e0_0, 0, 8;
    %delay 2000, 0;
    %pushi/vec4 48, 0, 8; draw_string_vec4
    %store/vec4 v00000000001cb5e0_0, 0, 8;
    %delay 2000, 0;
    %pushi/vec4 48, 0, 8; draw_string_vec4
    %store/vec4 v00000000001cb5e0_0, 0, 8;
    %delay 2000, 0;
    %pushi/vec4 51, 0, 8; draw_string_vec4
    %store/vec4 v00000000001cb5e0_0, 0, 8;
    %delay 2000, 0;
    %pushi/vec4 49, 0, 8; draw_string_vec4
    %store/vec4 v00000000001cb5e0_0, 0, 8;
    %delay 2000, 0;
    %pushi/vec4 51, 0, 8; draw_string_vec4
    %store/vec4 v00000000001cb5e0_0, 0, 8;
    %delay 2000, 0;
    %pushi/vec4 48, 0, 8; draw_string_vec4
    %store/vec4 v00000000001cb5e0_0, 0, 8;
    %delay 2000, 0;
    %pushi/vec4 58, 0, 8; draw_string_vec4
    %store/vec4 v00000000001cb5e0_0, 0, 8;
    %delay 2000, 0;
    %pushi/vec4 32, 0, 8; draw_string_vec4
    %store/vec4 v00000000001cb5e0_0, 0, 8;
    %delay 2000, 0;
    %pushi/vec4 42, 0, 8; draw_string_vec4
    %store/vec4 v00000000001cb5e0_0, 0, 8;
    %delay 2000, 0;
    %pushi/vec4 48, 0, 8; draw_string_vec4
    %store/vec4 v00000000001cb5e0_0, 0, 8;
    %delay 2000, 0;
    %pushi/vec4 48, 0, 8; draw_string_vec4
    %store/vec4 v00000000001cb5e0_0, 0, 8;
    %delay 2000, 0;
    %pushi/vec4 48, 0, 8; draw_string_vec4
    %store/vec4 v00000000001cb5e0_0, 0, 8;
    %delay 2000, 0;
    %pushi/vec4 48, 0, 8; draw_string_vec4
    %store/vec4 v00000000001cb5e0_0, 0, 8;
    %delay 2000, 0;
    %pushi/vec4 48, 0, 8; draw_string_vec4
    %store/vec4 v00000000001cb5e0_0, 0, 8;
    %delay 2000, 0;
    %pushi/vec4 48, 0, 8; draw_string_vec4
    %store/vec4 v00000000001cb5e0_0, 0, 8;
    %delay 2000, 0;
    %pushi/vec4 56, 0, 8; draw_string_vec4
    %store/vec4 v00000000001cb5e0_0, 0, 8;
    %delay 2000, 0;
    %pushi/vec4 56, 0, 8; draw_string_vec4
    %store/vec4 v00000000001cb5e0_0, 0, 8;
    %delay 2000, 0;
    %pushi/vec4 32, 0, 8; draw_string_vec4
    %store/vec4 v00000000001cb5e0_0, 0, 8;
    %delay 2000, 0;
    %pushi/vec4 60, 0, 8; draw_string_vec4
    %store/vec4 v00000000001cb5e0_0, 0, 8;
    %delay 2000, 0;
    %pushi/vec4 61, 0, 8; draw_string_vec4
    %store/vec4 v00000000001cb5e0_0, 0, 8;
    %delay 2000, 0;
    %pushi/vec4 32, 0, 8; draw_string_vec4
    %store/vec4 v00000000001cb5e0_0, 0, 8;
    %delay 2000, 0;
    %pushi/vec4 102, 0, 8; draw_string_vec4
    %store/vec4 v00000000001cb5e0_0, 0, 8;
    %delay 2000, 0;
    %pushi/vec4 102, 0, 8; draw_string_vec4
    %store/vec4 v00000000001cb5e0_0, 0, 8;
    %delay 2000, 0;
    %pushi/vec4 102, 0, 8; draw_string_vec4
    %store/vec4 v00000000001cb5e0_0, 0, 8;
    %delay 2000, 0;
    %pushi/vec4 102, 0, 8; draw_string_vec4
    %store/vec4 v00000000001cb5e0_0, 0, 8;
    %delay 2000, 0;
    %pushi/vec4 98, 0, 8; draw_string_vec4
    %store/vec4 v00000000001cb5e0_0, 0, 8;
    %delay 2000, 0;
    %pushi/vec4 53, 0, 8; draw_string_vec4
    %store/vec4 v00000000001cb5e0_0, 0, 8;
    %delay 2000, 0;
    %pushi/vec4 50, 0, 8; draw_string_vec4
    %store/vec4 v00000000001cb5e0_0, 0, 8;
    %delay 2000, 0;
    %pushi/vec4 66, 0, 8; draw_string_vec4
    %store/vec4 v00000000001cb5e0_0, 0, 8;
    %delay 2000, 0;
    %pushi/vec4 35, 0, 8; draw_string_vec4
    %store/vec4 v00000000001cb5e0_0, 0, 8;
    %delay 2000, 0;
    %pushi/vec4 94, 0, 8; draw_string_vec4
    %store/vec4 v00000000001cb5e0_0, 0, 8;
    %delay 2000, 0;
    %pushi/vec4 51, 0, 8; draw_string_vec4
    %store/vec4 v00000000001cb5e0_0, 0, 8;
    %delay 2000, 0;
    %pushi/vec4 51, 0, 8; draw_string_vec4
    %store/vec4 v00000000001cb5e0_0, 0, 8;
    %delay 2000, 0;
    %pushi/vec4 56, 0, 8; draw_string_vec4
    %store/vec4 v00000000001cb5e0_0, 0, 8;
    %delay 2000, 0;
    %pushi/vec4 64, 0, 8; draw_string_vec4
    %store/vec4 v00000000001cb5e0_0, 0, 8;
    %delay 2000, 0;
    %pushi/vec4 48, 0, 8; draw_string_vec4
    %store/vec4 v00000000001cb5e0_0, 0, 8;
    %delay 2000, 0;
    %pushi/vec4 48, 0, 8; draw_string_vec4
    %store/vec4 v00000000001cb5e0_0, 0, 8;
    %delay 2000, 0;
    %pushi/vec4 48, 0, 8; draw_string_vec4
    %store/vec4 v00000000001cb5e0_0, 0, 8;
    %delay 2000, 0;
    %pushi/vec4 48, 0, 8; draw_string_vec4
    %store/vec4 v00000000001cb5e0_0, 0, 8;
    %delay 2000, 0;
    %pushi/vec4 51, 0, 8; draw_string_vec4
    %store/vec4 v00000000001cb5e0_0, 0, 8;
    %delay 2000, 0;
    %pushi/vec4 49, 0, 8; draw_string_vec4
    %store/vec4 v00000000001cb5e0_0, 0, 8;
    %delay 2000, 0;
    %pushi/vec4 51, 0, 8; draw_string_vec4
    %store/vec4 v00000000001cb5e0_0, 0, 8;
    %delay 2000, 0;
    %pushi/vec4 48, 0, 8; draw_string_vec4
    %store/vec4 v00000000001cb5e0_0, 0, 8;
    %delay 2000, 0;
    %pushi/vec4 58, 0, 8; draw_string_vec4
    %store/vec4 v00000000001cb5e0_0, 0, 8;
    %delay 2000, 0;
    %pushi/vec4 32, 0, 8; draw_string_vec4
    %store/vec4 v00000000001cb5e0_0, 0, 8;
    %delay 2000, 0;
    %pushi/vec4 42, 0, 8; draw_string_vec4
    %store/vec4 v00000000001cb5e0_0, 0, 8;
    %delay 2000, 0;
    %pushi/vec4 48, 0, 8; draw_string_vec4
    %store/vec4 v00000000001cb5e0_0, 0, 8;
    %delay 2000, 0;
    %pushi/vec4 48, 0, 8; draw_string_vec4
    %store/vec4 v00000000001cb5e0_0, 0, 8;
    %delay 2000, 0;
    %pushi/vec4 48, 0, 8; draw_string_vec4
    %store/vec4 v00000000001cb5e0_0, 0, 8;
    %delay 2000, 0;
    %pushi/vec4 48, 0, 8; draw_string_vec4
    %store/vec4 v00000000001cb5e0_0, 0, 8;
    %delay 2000, 0;
    %pushi/vec4 48, 0, 8; draw_string_vec4
    %store/vec4 v00000000001cb5e0_0, 0, 8;
    %delay 2000, 0;
    %pushi/vec4 48, 0, 8; draw_string_vec4
    %store/vec4 v00000000001cb5e0_0, 0, 8;
    %delay 2000, 0;
    %pushi/vec4 56, 0, 8; draw_string_vec4
    %store/vec4 v00000000001cb5e0_0, 0, 8;
    %delay 2000, 0;
    %pushi/vec4 56, 0, 8; draw_string_vec4
    %store/vec4 v00000000001cb5e0_0, 0, 8;
    %delay 2000, 0;
    %pushi/vec4 32, 0, 8; draw_string_vec4
    %store/vec4 v00000000001cb5e0_0, 0, 8;
    %delay 2000, 0;
    %pushi/vec4 60, 0, 8; draw_string_vec4
    %store/vec4 v00000000001cb5e0_0, 0, 8;
    %delay 2000, 0;
    %pushi/vec4 61, 0, 8; draw_string_vec4
    %store/vec4 v00000000001cb5e0_0, 0, 8;
    %delay 2000, 0;
    %pushi/vec4 32, 0, 8; draw_string_vec4
    %store/vec4 v00000000001cb5e0_0, 0, 8;
    %delay 2000, 0;
    %pushi/vec4 102, 0, 8; draw_string_vec4
    %store/vec4 v00000000001cb5e0_0, 0, 8;
    %delay 2000, 0;
    %pushi/vec4 102, 0, 8; draw_string_vec4
    %store/vec4 v00000000001cb5e0_0, 0, 8;
    %delay 2000, 0;
    %pushi/vec4 102, 0, 8; draw_string_vec4
    %store/vec4 v00000000001cb5e0_0, 0, 8;
    %delay 2000, 0;
    %pushi/vec4 102, 0, 8; draw_string_vec4
    %store/vec4 v00000000001cb5e0_0, 0, 8;
    %delay 2000, 0;
    %pushi/vec4 98, 0, 8; draw_string_vec4
    %store/vec4 v00000000001cb5e0_0, 0, 8;
    %delay 2000, 0;
    %pushi/vec4 53, 0, 8; draw_string_vec4
    %store/vec4 v00000000001cb5e0_0, 0, 8;
    %delay 2000, 0;
    %pushi/vec4 50, 0, 8; draw_string_vec4
    %store/vec4 v00000000001cb5e0_0, 0, 8;
    %delay 2000, 0;
    %pushi/vec4 66, 0, 8; draw_string_vec4
    %store/vec4 v00000000001cb5e0_0, 0, 8;
    %delay 2000, 0;
    %pushi/vec4 32, 0, 8; draw_string_vec4
    %store/vec4 v00000000001cb5e0_0, 0, 8;
    %delay 2000, 0;
    %pushi/vec4 35, 0, 8; draw_string_vec4
    %store/vec4 v00000000001cb5e0_0, 0, 8;
    %delay 20000, 0;
    %pushi/vec4 1, 0, 1;
    %store/vec4 v00000000011dcf00_0, 0, 1;
    %end;
    .thread T_4;
    .scope S_0000000001123e80;
T_5 ;
    %delay 1000, 0;
    %load/vec4 v00000000001cb680_0;
    %inv;
    %store/vec4 v00000000001cb680_0, 0, 1;
    %jmp T_5;
    .thread T_5;
    .scope S_0000000001123e80;
T_6 ;
    %vpi_call 2 587 "$dumpfile", "tb_vvco.vcd" {0 0 0};
    %vpi_call 2 588 "$dumpvars", 32'sb00000000000000000000000000000000, S_0000000001123e80 {0 0 0};
    %end;
    .thread T_6;
# The file index is used to find the file name in the following table.
:file_names 4;
    "N/A";
    "<interactive>";
    "tb_vvco.v";
    "./vvco.v";
