#! /usr/local/iverilog/bin/vvp
:ivl_version "11.0 (devel)" "(s20150603-642-g3bdb50da)";
:ivl_delay_selection "TYPICAL";
:vpi_time_precision + 0;
:vpi_module "system";
:vpi_module "vhdl_sys";
:vpi_module "vhdl_textio";
:vpi_module "v2005_math";
:vpi_module "va_math";
S_00000000010bcbc0 .scope module, "cpu_checker" "cpu_checker" 2 1;
 .timescale 0 0;
    .port_info 0 /INPUT 1 "clk";
    .port_info 1 /INPUT 1 "reset";
    .port_info 2 /INPUT 16 "freq";
    .port_info 3 /INPUT 8 "char";
    .port_info 4 /OUTPUT 2 "format_type";
    .port_info 5 /OUTPUT 4 "error_code";
v00000000010d2d20_0 .var "adder", 7 0;
o0000000001124b68 .functor BUFZ 8, C4<zzzzzzzz>; HiZ drive
v00000000011041b0_0 .net "char", 7 0, o0000000001124b68;  0 drivers
o0000000001124b98 .functor BUFZ 1, C4<z>; HiZ drive
v0000000001104250_0 .net "clk", 0 0, o0000000001124b98;  0 drivers
v00000000011042f0_0 .var/i "cnt1", 31 0;
v0000000001104390_0 .var/i "cnt2", 31 0;
v0000000001104430_0 .var "error_code", 3 0;
v00000000010d2dc0_0 .var/i "flag", 31 0;
v00000000010d2e60_0 .var "format_type", 1 0;
o0000000001124cb8 .functor BUFZ 16, C4<zzzzzzzzzzzzzzzz>; HiZ drive
v00000000010d2f00_0 .net "freq", 15 0, o0000000001124cb8;  0 drivers
v00000000010d2fa0_0 .var "grf", 0 0;
v00000000010d3040_0 .var "pc", 7 0;
o0000000001124d48 .functor BUFZ 1, C4<z>; HiZ drive
v00000000010d30e0_0 .net "reset", 0 0, o0000000001124d48;  0 drivers
v0000000001176810_0 .var/i "state", 31 0;
v00000000011768b0_0 .var "time1", 0 0;
E_0000000001100fd0 .event posedge, v0000000001104250_0;
    .scope S_00000000010bcbc0;
T_0 ;
    %pushi/vec4 0, 0, 32;
    %store/vec4 v0000000001176810_0, 0, 32;
    %pushi/vec4 0, 0, 32;
    %store/vec4 v00000000011042f0_0, 0, 32;
    %pushi/vec4 0, 0, 32;
    %store/vec4 v0000000001104390_0, 0, 32;
    %pushi/vec4 0, 0, 32;
    %store/vec4 v00000000010d2dc0_0, 0, 32;
    %end;
    .thread T_0;
    .scope S_00000000010bcbc0;
T_1 ;
    %pushi/vec4 0, 0, 2;
    %store/vec4 v00000000010d2e60_0, 0, 2;
    %pushi/vec4 0, 0, 4;
    %store/vec4 v0000000001104430_0, 0, 4;
    %pushi/vec4 0, 0, 8;
    %store/vec4 v00000000010d3040_0, 0, 8;
    %pushi/vec4 0, 0, 8;
    %store/vec4 v00000000010d2d20_0, 0, 8;
    %pushi/vec4 0, 0, 1;
    %store/vec4 v00000000010d2fa0_0, 0, 1;
    %pushi/vec4 0, 0, 1;
    %store/vec4 v00000000011768b0_0, 0, 1;
    %end;
    .thread T_1;
    .scope S_00000000010bcbc0;
T_2 ;
    %wait E_0000000001100fd0;
    %pushi/vec4 0, 0, 2;
    %store/vec4 v00000000010d2e60_0, 0, 2;
    %pushi/vec4 0, 0, 32;
    %store/vec4 v00000000010d2dc0_0, 0, 32;
    %load/vec4 v00000000010d30e0_0;
    %flag_set/vec4 8;
    %jmp/0xz  T_2.0, 8;
    %pushi/vec4 0, 0, 32;
    %store/vec4 v0000000001176810_0, 0, 32;
    %pushi/vec4 0, 0, 32;
    %store/vec4 v00000000011042f0_0, 0, 32;
    %pushi/vec4 0, 0, 2;
    %store/vec4 v00000000010d2e60_0, 0, 2;
    %pushi/vec4 0, 0, 4;
    %store/vec4 v0000000001104430_0, 0, 4;
    %pushi/vec4 0, 0, 8;
    %store/vec4 v00000000010d3040_0, 0, 8;
    %pushi/vec4 0, 0, 8;
    %store/vec4 v00000000010d2d20_0, 0, 8;
    %pushi/vec4 0, 0, 1;
    %store/vec4 v00000000010d2fa0_0, 0, 1;
    %pushi/vec4 0, 0, 1;
    %store/vec4 v00000000011768b0_0, 0, 1;
    %jmp T_2.1;
T_2.0 ;
    %load/vec4 v0000000001176810_0;
    %cmpi/e 0, 0, 32;
    %jmp/0xz  T_2.2, 4;
    %pushi/vec4 0, 0, 32;
    %store/vec4 v00000000011042f0_0, 0, 32;
    %pushi/vec4 0, 0, 2;
    %store/vec4 v00000000010d2e60_0, 0, 2;
    %pushi/vec4 0, 0, 4;
    %store/vec4 v0000000001104430_0, 0, 4;
    %pushi/vec4 0, 0, 8;
    %store/vec4 v00000000010d3040_0, 0, 8;
    %pushi/vec4 0, 0, 8;
    %store/vec4 v00000000010d2d20_0, 0, 8;
    %pushi/vec4 0, 0, 1;
    %store/vec4 v00000000010d2fa0_0, 0, 1;
    %pushi/vec4 0, 0, 1;
    %store/vec4 v00000000011768b0_0, 0, 1;
    %load/vec4 v00000000011041b0_0;
    %pushi/vec4 94, 0, 8; draw_string_vec4
    %cmp/e;
    %jmp/0xz  T_2.4, 4;
    %pushi/vec4 1, 0, 32;
    %assign/vec4 v0000000001176810_0, 0;
    %jmp T_2.5;
T_2.4 ;
    %pushi/vec4 0, 0, 32;
    %assign/vec4 v0000000001176810_0, 0;
T_2.5 ;
    %jmp T_2.3;
T_2.2 ;
    %load/vec4 v0000000001176810_0;
    %cmpi/e 1, 0, 32;
    %jmp/0xz  T_2.6, 4;
    %pushi/vec4 48, 0, 8; draw_string_vec4
    %load/vec4 v00000000011041b0_0;
    %cmp/u;
    %flag_get/vec4 4;
    %flag_get/vec4 5;
    %or;
    %load/vec4 v00000000011041b0_0;
    %pushi/vec4 57, 0, 8; draw_string_vec4
    %cmp/u;
    %flag_get/vec4 4;
    %flag_get/vec4 5;
    %or;
    %and;
    %flag_set/vec4 8;
    %jmp/0xz  T_2.8, 8;
    %pushi/vec4 2, 0, 32;
    %assign/vec4 v0000000001176810_0, 0;
    %jmp T_2.9;
T_2.8 ;
    %pushi/vec4 0, 0, 32;
    %assign/vec4 v0000000001176810_0, 0;
T_2.9 ;
    %jmp T_2.7;
T_2.6 ;
    %load/vec4 v0000000001176810_0;
    %cmpi/e 2, 0, 32;
    %jmp/0xz  T_2.10, 4;
    %pushi/vec4 48, 0, 8; draw_string_vec4
    %load/vec4 v00000000011041b0_0;
    %cmp/u;
    %flag_get/vec4 4;
    %flag_get/vec4 5;
    %or;
    %load/vec4 v00000000011041b0_0;
    %pushi/vec4 57, 0, 8; draw_string_vec4
    %cmp/u;
    %flag_get/vec4 4;
    %flag_get/vec4 5;
    %or;
    %and;
    %flag_set/vec4 8;
    %jmp/0xz  T_2.12, 8;
    %load/vec4 v00000000011042f0_0;
    %addi 1, 0, 32;
    %store/vec4 v00000000011042f0_0, 0, 32;
    %load/vec4 v00000000011768b0_0;
    %pad/u 8;
    %muli 10, 0, 8;
    %load/vec4 v00000000011041b0_0;
    %add;
    %pushi/vec4 48, 0, 8; draw_string_vec4
    %sub;
    %pad/u 1;
    %store/vec4 v00000000011768b0_0, 0, 1;
    %load/vec4 v00000000011042f0_0;
    %cmpi/s 3, 0, 32;
    %flag_or 5, 4; GT is !LE
    %flag_inv 5;
    %jmp/0xz  T_2.14, 5;
    %pushi/vec4 0, 0, 32;
    %store/vec4 v00000000011042f0_0, 0, 32;
    %pushi/vec4 0, 0, 32;
    %assign/vec4 v0000000001176810_0, 0;
    %jmp T_2.15;
T_2.14 ;
    %pushi/vec4 2, 0, 32;
    %assign/vec4 v0000000001176810_0, 0;
T_2.15 ;
    %jmp T_2.13;
T_2.12 ;
    %load/vec4 v00000000011041b0_0;
    %pushi/vec4 64, 0, 8; draw_string_vec4
    %cmp/e;
    %jmp/0xz  T_2.16, 4;
    %pushi/vec4 3, 0, 32;
    %assign/vec4 v0000000001176810_0, 0;
    %pushi/vec4 0, 0, 32;
    %store/vec4 v00000000011042f0_0, 0, 32;
    %jmp T_2.17;
T_2.16 ;
    %pushi/vec4 0, 0, 32;
    %assign/vec4 v0000000001176810_0, 0;
T_2.17 ;
T_2.13 ;
    %jmp T_2.11;
T_2.10 ;
    %load/vec4 v0000000001176810_0;
    %cmpi/e 3, 0, 32;
    %jmp/0xz  T_2.18, 4;
    %pushi/vec4 48, 0, 8; draw_string_vec4
    %load/vec4 v00000000011041b0_0;
    %cmp/u;
    %flag_get/vec4 4;
    %flag_get/vec4 5;
    %or;
    %load/vec4 v00000000011041b0_0;
    %pushi/vec4 57, 0, 8; draw_string_vec4
    %cmp/u;
    %flag_get/vec4 4;
    %flag_get/vec4 5;
    %or;
    %and;
    %flag_set/vec4 8;
    %pushi/vec4 97, 0, 8; draw_string_vec4
    %load/vec4 v00000000011041b0_0;
    %cmp/u;
    %flag_get/vec4 4;
    %flag_get/vec4 5;
    %or;
    %load/vec4 v00000000011041b0_0;
    %pushi/vec4 102, 0, 8; draw_string_vec4
    %cmp/u;
    %flag_get/vec4 4;
    %flag_get/vec4 5;
    %or;
    %and;
    %flag_set/vec4 9;
    %flag_or 9, 8;
    %jmp/0xz  T_2.20, 9;
    %load/vec4 v00000000011042f0_0;
    %addi 1, 0, 32;
    %store/vec4 v00000000011042f0_0, 0, 32;
    %load/vec4 v00000000011042f0_0;
    %cmpi/s 8, 0, 32;
    %jmp/0xz  T_2.22, 5;
    %pushi/vec4 3, 0, 32;
    %assign/vec4 v0000000001176810_0, 0;
    %jmp T_2.23;
T_2.22 ;
    %pushi/vec4 0, 0, 32;
    %store/vec4 v00000000011042f0_0, 0, 32;
    %pushi/vec4 4, 0, 32;
    %assign/vec4 v0000000001176810_0, 0;
T_2.23 ;
    %jmp T_2.21;
T_2.20 ;
    %pushi/vec4 0, 0, 32;
    %assign/vec4 v0000000001176810_0, 0;
T_2.21 ;
    %jmp T_2.19;
T_2.18 ;
    %load/vec4 v0000000001176810_0;
    %cmpi/e 4, 0, 32;
    %jmp/0xz  T_2.24, 4;
    %load/vec4 v00000000011041b0_0;
    %pushi/vec4 58, 0, 8; draw_string_vec4
    %cmp/e;
    %jmp/0xz  T_2.26, 4;
    %pushi/vec4 5, 0, 32;
    %assign/vec4 v0000000001176810_0, 0;
    %jmp T_2.27;
T_2.26 ;
    %pushi/vec4 0, 0, 32;
    %assign/vec4 v0000000001176810_0, 0;
T_2.27 ;
    %jmp T_2.25;
T_2.24 ;
    %load/vec4 v0000000001176810_0;
    %cmpi/e 5, 0, 32;
    %jmp/0xz  T_2.28, 4;
    %load/vec4 v00000000011041b0_0;
    %pushi/vec4 32, 0, 8; draw_string_vec4
    %cmp/e;
    %jmp/0xz  T_2.30, 4;
    %pushi/vec4 5, 0, 32;
    %assign/vec4 v0000000001176810_0, 0;
    %jmp T_2.31;
T_2.30 ;
    %load/vec4 v00000000011041b0_0;
    %pushi/vec4 36, 0, 8; draw_string_vec4
    %cmp/e;
    %jmp/0xz  T_2.32, 4;
    %pushi/vec4 6, 0, 32;
    %assign/vec4 v0000000001176810_0, 0;
    %jmp T_2.33;
T_2.32 ;
    %load/vec4 v00000000011041b0_0;
    %cmpi/e 42, 0, 8;
    %jmp/0xz  T_2.34, 4;
    %pushi/vec4 12, 0, 32;
    %assign/vec4 v0000000001176810_0, 0;
    %jmp T_2.35;
T_2.34 ;
    %pushi/vec4 0, 0, 32;
    %assign/vec4 v0000000001176810_0, 0;
T_2.35 ;
T_2.33 ;
T_2.31 ;
    %jmp T_2.29;
T_2.28 ;
    %load/vec4 v0000000001176810_0;
    %cmpi/e 6, 0, 32;
    %jmp/0xz  T_2.36, 4;
    %pushi/vec4 48, 0, 8; draw_string_vec4
    %load/vec4 v00000000011041b0_0;
    %cmp/u;
    %flag_get/vec4 4;
    %flag_get/vec4 5;
    %or;
    %load/vec4 v00000000011041b0_0;
    %pushi/vec4 57, 0, 8; draw_string_vec4
    %cmp/u;
    %flag_get/vec4 4;
    %flag_get/vec4 5;
    %or;
    %and;
    %flag_set/vec4 8;
    %jmp/0xz  T_2.38, 8;
    %pushi/vec4 7, 0, 32;
    %assign/vec4 v0000000001176810_0, 0;
    %jmp T_2.39;
T_2.38 ;
    %pushi/vec4 0, 0, 32;
    %assign/vec4 v0000000001176810_0, 0;
T_2.39 ;
    %jmp T_2.37;
T_2.36 ;
    %load/vec4 v0000000001176810_0;
    %cmpi/e 7, 0, 32;
    %jmp/0xz  T_2.40, 4;
    %pushi/vec4 48, 0, 8; draw_string_vec4
    %load/vec4 v00000000011041b0_0;
    %cmp/u;
    %flag_get/vec4 4;
    %flag_get/vec4 5;
    %or;
    %load/vec4 v00000000011041b0_0;
    %pushi/vec4 57, 0, 8; draw_string_vec4
    %cmp/u;
    %flag_get/vec4 4;
    %flag_get/vec4 5;
    %or;
    %and;
    %flag_set/vec4 8;
    %jmp/0xz  T_2.42, 8;
    %load/vec4 v00000000010d2dc0_0;
    %cmpi/e 0, 0, 32;
    %jmp/0xz  T_2.44, 4;
    %load/vec4 v00000000011042f0_0;
    %addi 1, 0, 32;
    %store/vec4 v00000000011042f0_0, 0, 32;
    %load/vec4 v00000000011042f0_0;
    %cmpi/s 3, 0, 32;
    %flag_or 5, 4; GT is !LE
    %flag_inv 5;
    %jmp/0xz  T_2.46, 5;
    %pushi/vec4 0, 0, 32;
    %store/vec4 v00000000011042f0_0, 0, 32;
    %pushi/vec4 0, 0, 32;
    %assign/vec4 v0000000001176810_0, 0;
    %jmp T_2.47;
T_2.46 ;
    %pushi/vec4 7, 0, 32;
    %assign/vec4 v0000000001176810_0, 0;
T_2.47 ;
    %jmp T_2.45;
T_2.44 ;
    %pushi/vec4 0, 0, 32;
    %assign/vec4 v0000000001176810_0, 0;
T_2.45 ;
    %jmp T_2.43;
T_2.42 ;
    %load/vec4 v00000000011041b0_0;
    %pushi/vec4 32, 0, 8; draw_string_vec4
    %cmp/e;
    %jmp/0xz  T_2.48, 4;
    %pushi/vec4 7, 0, 32;
    %assign/vec4 v0000000001176810_0, 0;
    %pushi/vec4 1, 0, 32;
    %store/vec4 v00000000010d2dc0_0, 0, 32;
    %pushi/vec4 0, 0, 32;
    %store/vec4 v00000000011042f0_0, 0, 32;
    %jmp T_2.49;
T_2.48 ;
    %load/vec4 v00000000011041b0_0;
    %pushi/vec4 60, 0, 8; draw_string_vec4
    %cmp/e;
    %jmp/0xz  T_2.50, 4;
    %pushi/vec4 8, 0, 32;
    %assign/vec4 v0000000001176810_0, 0;
    %pushi/vec4 0, 0, 32;
    %store/vec4 v00000000011042f0_0, 0, 32;
    %jmp T_2.51;
T_2.50 ;
    %pushi/vec4 0, 0, 32;
    %assign/vec4 v0000000001176810_0, 0;
T_2.51 ;
T_2.49 ;
T_2.43 ;
    %jmp T_2.41;
T_2.40 ;
    %load/vec4 v0000000001176810_0;
    %cmpi/e 8, 0, 32;
    %jmp/0xz  T_2.52, 4;
    %load/vec4 v00000000011041b0_0;
    %pushi/vec4 61, 0, 8; draw_string_vec4
    %cmp/e;
    %jmp/0xz  T_2.54, 4;
    %pushi/vec4 9, 0, 32;
    %assign/vec4 v0000000001176810_0, 0;
    %jmp T_2.55;
T_2.54 ;
    %pushi/vec4 0, 0, 32;
    %assign/vec4 v0000000001176810_0, 0;
T_2.55 ;
    %jmp T_2.53;
T_2.52 ;
    %load/vec4 v0000000001176810_0;
    %cmpi/e 9, 0, 32;
    %jmp/0xz  T_2.56, 4;
    %load/vec4 v00000000011041b0_0;
    %pushi/vec4 32, 0, 8; draw_string_vec4
    %cmp/e;
    %jmp/0xz  T_2.58, 4;
    %pushi/vec4 9, 0, 32;
    %assign/vec4 v0000000001176810_0, 0;
    %jmp T_2.59;
T_2.58 ;
    %pushi/vec4 48, 0, 8; draw_string_vec4
    %load/vec4 v00000000011041b0_0;
    %cmp/u;
    %flag_get/vec4 4;
    %flag_get/vec4 5;
    %or;
    %load/vec4 v00000000011041b0_0;
    %pushi/vec4 57, 0, 8; draw_string_vec4
    %cmp/u;
    %flag_get/vec4 4;
    %flag_get/vec4 5;
    %or;
    %and;
    %flag_set/vec4 8;
    %pushi/vec4 97, 0, 8; draw_string_vec4
    %load/vec4 v00000000011041b0_0;
    %cmp/u;
    %flag_get/vec4 4;
    %flag_get/vec4 5;
    %or;
    %load/vec4 v00000000011041b0_0;
    %pushi/vec4 102, 0, 8; draw_string_vec4
    %cmp/u;
    %flag_get/vec4 4;
    %flag_get/vec4 5;
    %or;
    %and;
    %flag_set/vec4 9;
    %flag_or 9, 8;
    %jmp/0xz  T_2.60, 9;
    %pushi/vec4 10, 0, 32;
    %assign/vec4 v0000000001176810_0, 0;
    %jmp T_2.61;
T_2.60 ;
    %pushi/vec4 0, 0, 32;
    %assign/vec4 v0000000001176810_0, 0;
T_2.61 ;
T_2.59 ;
    %jmp T_2.57;
T_2.56 ;
    %load/vec4 v0000000001176810_0;
    %cmpi/e 10, 0, 32;
    %jmp/0xz  T_2.62, 4;
    %pushi/vec4 48, 0, 8; draw_string_vec4
    %load/vec4 v00000000011041b0_0;
    %cmp/u;
    %flag_get/vec4 4;
    %flag_get/vec4 5;
    %or;
    %load/vec4 v00000000011041b0_0;
    %pushi/vec4 57, 0, 8; draw_string_vec4
    %cmp/u;
    %flag_get/vec4 4;
    %flag_get/vec4 5;
    %or;
    %and;
    %flag_set/vec4 8;
    %pushi/vec4 97, 0, 8; draw_string_vec4
    %load/vec4 v00000000011041b0_0;
    %cmp/u;
    %flag_get/vec4 4;
    %flag_get/vec4 5;
    %or;
    %load/vec4 v00000000011041b0_0;
    %pushi/vec4 102, 0, 8; draw_string_vec4
    %cmp/u;
    %flag_get/vec4 4;
    %flag_get/vec4 5;
    %or;
    %and;
    %flag_set/vec4 9;
    %flag_or 9, 8;
    %jmp/0xz  T_2.64, 9;
    %load/vec4 v00000000011042f0_0;
    %addi 1, 0, 32;
    %store/vec4 v00000000011042f0_0, 0, 32;
    %load/vec4 v00000000011042f0_0;
    %cmpi/e 7, 0, 32;
    %jmp/0xz  T_2.66, 4;
    %pushi/vec4 11, 0, 32;
    %assign/vec4 v0000000001176810_0, 0;
    %pushi/vec4 0, 0, 32;
    %store/vec4 v00000000011042f0_0, 0, 32;
    %jmp T_2.67;
T_2.66 ;
    %pushi/vec4 10, 0, 32;
    %assign/vec4 v0000000001176810_0, 0;
T_2.67 ;
    %jmp T_2.65;
T_2.64 ;
    %pushi/vec4 0, 0, 32;
    %assign/vec4 v0000000001176810_0, 0;
T_2.65 ;
    %jmp T_2.63;
T_2.62 ;
    %load/vec4 v0000000001176810_0;
    %cmpi/e 11, 0, 32;
    %jmp/0xz  T_2.68, 4;
    %load/vec4 v00000000011041b0_0;
    %pushi/vec4 35, 0, 8; draw_string_vec4
    %cmp/e;
    %jmp/0xz  T_2.70, 4;
    %pushi/vec4 1, 0, 2;
    %assign/vec4 v00000000010d2e60_0, 0;
    %pushi/vec4 0, 0, 32;
    %assign/vec4 v0000000001176810_0, 0;
    %jmp T_2.71;
T_2.70 ;
    %pushi/vec4 0, 0, 32;
    %assign/vec4 v0000000001176810_0, 0;
T_2.71 ;
    %jmp T_2.69;
T_2.68 ;
    %load/vec4 v0000000001176810_0;
    %cmpi/e 12, 0, 32;
    %jmp/0xz  T_2.72, 4;
    %pushi/vec4 48, 0, 8; draw_string_vec4
    %load/vec4 v00000000011041b0_0;
    %cmp/u;
    %flag_get/vec4 4;
    %flag_get/vec4 5;
    %or;
    %load/vec4 v00000000011041b0_0;
    %pushi/vec4 57, 0, 8; draw_string_vec4
    %cmp/u;
    %flag_get/vec4 4;
    %flag_get/vec4 5;
    %or;
    %and;
    %flag_set/vec4 8;
    %pushi/vec4 97, 0, 8; draw_string_vec4
    %load/vec4 v00000000011041b0_0;
    %cmp/u;
    %flag_get/vec4 4;
    %flag_get/vec4 5;
    %or;
    %load/vec4 v00000000011041b0_0;
    %pushi/vec4 102, 0, 8; draw_string_vec4
    %cmp/u;
    %flag_get/vec4 4;
    %flag_get/vec4 5;
    %or;
    %and;
    %flag_set/vec4 9;
    %flag_or 9, 8;
    %jmp/0xz  T_2.74, 9;
    %load/vec4 v00000000011042f0_0;
    %addi 1, 0, 32;
    %store/vec4 v00000000011042f0_0, 0, 32;
    %load/vec4 v00000000011042f0_0;
    %cmpi/e 8, 0, 32;
    %jmp/0xz  T_2.76, 4;
    %pushi/vec4 0, 0, 32;
    %store/vec4 v00000000011042f0_0, 0, 32;
    %pushi/vec4 13, 0, 32;
    %assign/vec4 v0000000001176810_0, 0;
    %jmp T_2.77;
T_2.76 ;
    %pushi/vec4 12, 0, 32;
    %assign/vec4 v0000000001176810_0, 0;
T_2.77 ;
    %jmp T_2.75;
T_2.74 ;
    %pushi/vec4 0, 0, 32;
    %assign/vec4 v0000000001176810_0, 0;
T_2.75 ;
    %jmp T_2.73;
T_2.72 ;
    %load/vec4 v0000000001176810_0;
    %cmpi/e 13, 0, 32;
    %jmp/0xz  T_2.78, 4;
    %load/vec4 v00000000011041b0_0;
    %pushi/vec4 32, 0, 8; draw_string_vec4
    %cmp/e;
    %jmp/0xz  T_2.80, 4;
    %pushi/vec4 13, 0, 32;
    %assign/vec4 v0000000001176810_0, 0;
    %jmp T_2.81;
T_2.80 ;
    %load/vec4 v00000000011041b0_0;
    %pushi/vec4 60, 0, 8; draw_string_vec4
    %cmp/e;
    %jmp/0xz  T_2.82, 4;
    %pushi/vec4 14, 0, 32;
    %assign/vec4 v0000000001176810_0, 0;
    %jmp T_2.83;
T_2.82 ;
    %pushi/vec4 0, 0, 32;
    %assign/vec4 v0000000001176810_0, 0;
T_2.83 ;
T_2.81 ;
    %jmp T_2.79;
T_2.78 ;
    %load/vec4 v0000000001176810_0;
    %cmpi/e 14, 0, 32;
    %jmp/0xz  T_2.84, 4;
    %load/vec4 v00000000011041b0_0;
    %pushi/vec4 61, 0, 8; draw_string_vec4
    %cmp/e;
    %jmp/0xz  T_2.86, 4;
    %pushi/vec4 15, 0, 32;
    %assign/vec4 v0000000001176810_0, 0;
    %jmp T_2.87;
T_2.86 ;
    %pushi/vec4 0, 0, 32;
    %assign/vec4 v0000000001176810_0, 0;
T_2.87 ;
    %jmp T_2.85;
T_2.84 ;
    %load/vec4 v0000000001176810_0;
    %cmpi/e 15, 0, 32;
    %jmp/0xz  T_2.88, 4;
    %load/vec4 v00000000011041b0_0;
    %pushi/vec4 32, 0, 8; draw_string_vec4
    %cmp/e;
    %jmp/0xz  T_2.90, 4;
    %pushi/vec4 15, 0, 32;
    %assign/vec4 v0000000001176810_0, 0;
    %jmp T_2.91;
T_2.90 ;
    %pushi/vec4 48, 0, 8; draw_string_vec4
    %load/vec4 v00000000011041b0_0;
    %cmp/u;
    %flag_get/vec4 4;
    %flag_get/vec4 5;
    %or;
    %load/vec4 v00000000011041b0_0;
    %pushi/vec4 57, 0, 8; draw_string_vec4
    %cmp/u;
    %flag_get/vec4 4;
    %flag_get/vec4 5;
    %or;
    %and;
    %flag_set/vec4 8;
    %pushi/vec4 97, 0, 8; draw_string_vec4
    %load/vec4 v00000000011041b0_0;
    %cmp/u;
    %flag_get/vec4 4;
    %flag_get/vec4 5;
    %or;
    %load/vec4 v00000000011041b0_0;
    %pushi/vec4 102, 0, 8; draw_string_vec4
    %cmp/u;
    %flag_get/vec4 4;
    %flag_get/vec4 5;
    %or;
    %and;
    %flag_set/vec4 9;
    %flag_or 9, 8;
    %jmp/0xz  T_2.92, 9;
    %pushi/vec4 16, 0, 32;
    %assign/vec4 v0000000001176810_0, 0;
    %jmp T_2.93;
T_2.92 ;
    %pushi/vec4 0, 0, 32;
    %assign/vec4 v0000000001176810_0, 0;
T_2.93 ;
T_2.91 ;
    %jmp T_2.89;
T_2.88 ;
    %load/vec4 v0000000001176810_0;
    %cmpi/e 16, 0, 32;
    %jmp/0xz  T_2.94, 4;
    %pushi/vec4 48, 0, 8; draw_string_vec4
    %load/vec4 v00000000011041b0_0;
    %cmp/u;
    %flag_get/vec4 4;
    %flag_get/vec4 5;
    %or;
    %load/vec4 v00000000011041b0_0;
    %pushi/vec4 57, 0, 8; draw_string_vec4
    %cmp/u;
    %flag_get/vec4 4;
    %flag_get/vec4 5;
    %or;
    %and;
    %flag_set/vec4 8;
    %pushi/vec4 97, 0, 8; draw_string_vec4
    %load/vec4 v00000000011041b0_0;
    %cmp/u;
    %flag_get/vec4 4;
    %flag_get/vec4 5;
    %or;
    %load/vec4 v00000000011041b0_0;
    %pushi/vec4 102, 0, 8; draw_string_vec4
    %cmp/u;
    %flag_get/vec4 4;
    %flag_get/vec4 5;
    %or;
    %and;
    %flag_set/vec4 9;
    %flag_or 9, 8;
    %jmp/0xz  T_2.96, 9;
    %load/vec4 v00000000011042f0_0;
    %addi 1, 0, 32;
    %store/vec4 v00000000011042f0_0, 0, 32;
    %load/vec4 v00000000011042f0_0;
    %cmpi/e 7, 0, 32;
    %jmp/0xz  T_2.98, 4;
    %pushi/vec4 17, 0, 32;
    %assign/vec4 v0000000001176810_0, 0;
    %pushi/vec4 0, 0, 32;
    %store/vec4 v00000000011042f0_0, 0, 32;
    %jmp T_2.99;
T_2.98 ;
    %pushi/vec4 16, 0, 32;
    %assign/vec4 v0000000001176810_0, 0;
T_2.99 ;
    %jmp T_2.97;
T_2.96 ;
    %pushi/vec4 0, 0, 32;
    %assign/vec4 v0000000001176810_0, 0;
T_2.97 ;
    %jmp T_2.95;
T_2.94 ;
    %load/vec4 v0000000001176810_0;
    %cmpi/e 17, 0, 32;
    %jmp/0xz  T_2.100, 4;
    %load/vec4 v00000000011041b0_0;
    %pushi/vec4 35, 0, 8; draw_string_vec4
    %cmp/e;
    %jmp/0xz  T_2.102, 4;
    %pushi/vec4 2, 0, 2;
    %assign/vec4 v00000000010d2e60_0, 0;
    %pushi/vec4 0, 0, 32;
    %assign/vec4 v0000000001176810_0, 0;
    %jmp T_2.103;
T_2.102 ;
    %pushi/vec4 0, 0, 32;
    %assign/vec4 v0000000001176810_0, 0;
T_2.103 ;
T_2.100 ;
T_2.95 ;
T_2.89 ;
T_2.85 ;
T_2.79 ;
T_2.73 ;
T_2.69 ;
T_2.63 ;
T_2.57 ;
T_2.53 ;
T_2.41 ;
T_2.37 ;
T_2.29 ;
T_2.25 ;
T_2.19 ;
T_2.11 ;
T_2.7 ;
T_2.3 ;
T_2.1 ;
    %jmp T_2;
    .thread T_2;
# The file index is used to find the file name in the following table.
:file_names 3;
    "N/A";
    "<interactive>";
    "vvco.v";
