#! /usr/local/iverilog/bin/vvp
:ivl_version "11.0 (devel)" "(s20150603-642-g3bdb50da)";
:ivl_delay_selection "TYPICAL";
:vpi_time_precision - 12;
:vpi_module "system";
:vpi_module "vhdl_sys";
:vpi_module "vhdl_textio";
:vpi_module "v2005_math";
:vpi_module "va_math";
S_0000000001132b20 .scope module, "code" "code" 2 2;
 .timescale -9 -12;
    .port_info 0 /INPUT 1 "Clk";
    .port_info 1 /INPUT 1 "Reset";
    .port_info 2 /INPUT 1 "Slt";
    .port_info 3 /INPUT 1 "En";
    .port_info 4 /OUTPUT 64 "Output0";
    .port_info 5 /OUTPUT 64 "Output1";
o0000000001166fa8 .functor BUFZ 1, C4<z>; HiZ drive
v0000000001132cb0_0 .net "Clk", 0 0, o0000000001166fa8;  0 drivers
o0000000001166fd8 .functor BUFZ 1, C4<z>; HiZ drive
v0000000001132d50_0 .net "En", 0 0, o0000000001166fd8;  0 drivers
v000000000089dc80_0 .var "Output0", 63 0;
v000000000089dd20_0 .var "Output1", 63 0;
o0000000001167068 .functor BUFZ 1, C4<z>; HiZ drive
v000000000089ddc0_0 .net "Reset", 0 0, o0000000001167068;  0 drivers
o0000000001167098 .functor BUFZ 1, C4<z>; HiZ drive
v000000000089de60_0 .net "Slt", 0 0, o0000000001167098;  0 drivers
v000000000089df00_0 .var/i "temp", 31 0;
E_00000000011650c0 .event posedge, v0000000001132cb0_0;
    .scope S_0000000001132b20;
T_0 ;
    %pushi/vec4 0, 0, 32;
    %store/vec4 v000000000089df00_0, 0, 32;
    %end;
    .thread T_0;
    .scope S_0000000001132b20;
T_1 ;
    %pushi/vec4 0, 0, 64;
    %assign/vec4 v000000000089dc80_0, 0;
    %pushi/vec4 0, 0, 64;
    %assign/vec4 v000000000089dd20_0, 0;
    %end;
    .thread T_1;
    .scope S_0000000001132b20;
T_2 ;
    %wait E_00000000011650c0;
    %load/vec4 v000000000089ddc0_0;
    %flag_set/vec4 8;
    %jmp/0xz  T_2.0, 8;
    %pushi/vec4 0, 0, 64;
    %assign/vec4 v000000000089dc80_0, 0;
    %pushi/vec4 0, 0, 64;
    %assign/vec4 v000000000089dd20_0, 0;
    %pushi/vec4 0, 0, 32;
    %assign/vec4 v000000000089df00_0, 0;
    %jmp T_2.1;
T_2.0 ;
    %load/vec4 v0000000001132d50_0;
    %flag_set/vec4 8;
    %jmp/0xz  T_2.2, 8;
    %load/vec4 v000000000089de60_0;
    %nor/r;
    %flag_set/vec4 8;
    %jmp/0xz  T_2.4, 8;
    %load/vec4 v000000000089dc80_0;
    %addi 1, 0, 64;
    %assign/vec4 v000000000089dc80_0, 0;
    %jmp T_2.5;
T_2.4 ;
    %load/vec4 v000000000089df00_0;
    %addi 1, 0, 32;
    %store/vec4 v000000000089df00_0, 0, 32;
    %load/vec4 v000000000089df00_0;
    %cmpi/e 4, 0, 32;
    %jmp/0xz  T_2.6, 4;
    %load/vec4 v000000000089dd20_0;
    %addi 1, 0, 64;
    %assign/vec4 v000000000089dd20_0, 0;
    %pushi/vec4 0, 0, 32;
    %assign/vec4 v000000000089df00_0, 0;
T_2.6 ;
T_2.5 ;
T_2.2 ;
T_2.1 ;
    %jmp T_2;
    .thread T_2;
# The file index is used to find the file name in the following table.
:file_names 3;
    "N/A";
    "<interactive>";
    "counter.v";
