#! /usr/local/iverilog/bin/vvp
:ivl_version "11.0 (devel)" "(s20150603-642-g3bdb50da)";
:ivl_delay_selection "TYPICAL";
:vpi_time_precision - 12;
:vpi_module "system";
:vpi_module "vhdl_sys";
:vpi_module "vhdl_textio";
:vpi_module "v2005_math";
:vpi_module "va_math";
S_0000000001132a50 .scope module, "tb_counter" "tb_counter" 2 3;
 .timescale -9 -12;
P_0000000001154330 .param/l "PERIOD" 0 2 6, +C4<00000000000000000000000000001010>;
v0000000001161880_0 .var "Clk", 0 0;
v0000000001161920_0 .var "En", 0 0;
v00000000011619c0_0 .net "Output0", 63 0, v0000000001161560_0;  1 drivers
v0000000001161a60_0 .net "Output1", 63 0, v0000000001161600_0;  1 drivers
v0000000001161b00_0 .var "Reset", 0 0;
v0000000001161ba0_0 .var "Slt", 0 0;
S_0000000001132be0 .scope module, "u_code" "code" 2 23, 3 2 0, S_0000000001132a50;
 .timescale -9 -12;
    .port_info 0 /INPUT 1 "Clk";
    .port_info 1 /INPUT 1 "Reset";
    .port_info 2 /INPUT 1 "Slt";
    .port_info 3 /INPUT 1 "En";
    .port_info 4 /OUTPUT 64 "Output0";
    .port_info 5 /OUTPUT 64 "Output1";
v000000000097df00_0 .net "Clk", 0 0, v0000000001161880_0;  1 drivers
v0000000001132d70_0 .net "En", 0 0, v0000000001161920_0;  1 drivers
v0000000001161560_0 .var "Output0", 63 0;
v0000000001161600_0 .var "Output1", 63 0;
v00000000011616a0_0 .net "Reset", 0 0, v0000000001161b00_0;  1 drivers
v0000000001161740_0 .net "Slt", 0 0, v0000000001161ba0_0;  1 drivers
v00000000011617e0_0 .var/i "temp", 31 0;
E_0000000001154130 .event posedge, v000000000097df00_0;
    .scope S_0000000001132be0;
T_0 ;
    %pushi/vec4 0, 0, 32;
    %store/vec4 v00000000011617e0_0, 0, 32;
    %end;
    .thread T_0;
    .scope S_0000000001132be0;
T_1 ;
    %pushi/vec4 0, 0, 64;
    %store/vec4 v0000000001161560_0, 0, 64;
    %pushi/vec4 0, 0, 64;
    %store/vec4 v0000000001161600_0, 0, 64;
    %end;
    .thread T_1;
    .scope S_0000000001132be0;
T_2 ;
    %wait E_0000000001154130;
    %load/vec4 v00000000011616a0_0;
    %flag_set/vec4 8;
    %jmp/0xz  T_2.0, 8;
    %pushi/vec4 0, 0, 64;
    %assign/vec4 v0000000001161560_0, 0;
    %pushi/vec4 0, 0, 64;
    %assign/vec4 v0000000001161600_0, 0;
    %pushi/vec4 0, 0, 32;
    %assign/vec4 v00000000011617e0_0, 0;
    %jmp T_2.1;
T_2.0 ;
    %load/vec4 v0000000001132d70_0;
    %flag_set/vec4 8;
    %jmp/0xz  T_2.2, 8;
    %load/vec4 v0000000001161740_0;
    %nor/r;
    %flag_set/vec4 8;
    %jmp/0xz  T_2.4, 8;
    %load/vec4 v0000000001161560_0;
    %addi 1, 0, 64;
    %assign/vec4 v0000000001161560_0, 0;
    %jmp T_2.5;
T_2.4 ;
    %load/vec4 v00000000011617e0_0;
    %addi 1, 0, 32;
    %store/vec4 v00000000011617e0_0, 0, 32;
    %load/vec4 v00000000011617e0_0;
    %cmpi/e 4, 0, 32;
    %jmp/0xz  T_2.6, 4;
    %load/vec4 v0000000001161600_0;
    %addi 1, 0, 64;
    %assign/vec4 v0000000001161600_0, 0;
    %pushi/vec4 0, 0, 32;
    %assign/vec4 v00000000011617e0_0, 0;
T_2.6 ;
T_2.5 ;
T_2.2 ;
T_2.1 ;
    %jmp T_2;
    .thread T_2;
    .scope S_0000000001132a50;
T_3 ;
    %pushi/vec4 0, 0, 1;
    %store/vec4 v0000000001161880_0, 0, 1;
    %pushi/vec4 0, 0, 1;
    %store/vec4 v0000000001161b00_0, 0, 1;
    %pushi/vec4 0, 0, 1;
    %store/vec4 v0000000001161ba0_0, 0, 1;
    %pushi/vec4 0, 0, 1;
    %store/vec4 v0000000001161920_0, 0, 1;
    %end;
    .thread T_3;
    .scope S_0000000001132a50;
T_4 ;
T_4.0 ;
    %delay 5000, 0;
    %load/vec4 v0000000001161880_0;
    %inv;
    %store/vec4 v0000000001161880_0, 0, 1;
    %jmp T_4.0;
    %end;
    .thread T_4;
    .scope S_0000000001132a50;
T_5 ;
    %pushi/vec4 0, 0, 1;
    %store/vec4 v0000000001161b00_0, 0, 1;
    %pushi/vec4 0, 0, 1;
    %store/vec4 v0000000001161920_0, 0, 1;
    %pushi/vec4 0, 0, 1;
    %store/vec4 v0000000001161ba0_0, 0, 1;
    %delay 20000, 0;
    %pushi/vec4 0, 0, 1;
    %store/vec4 v0000000001161b00_0, 0, 1;
    %pushi/vec4 1, 0, 1;
    %store/vec4 v0000000001161920_0, 0, 1;
    %pushi/vec4 0, 0, 1;
    %store/vec4 v0000000001161ba0_0, 0, 1;
    %delay 10000, 0;
    %vpi_call 2 43 "$display", "%d %d", v00000000011619c0_0, v0000000001161a60_0 {0 0 0};
    %pushi/vec4 0, 0, 1;
    %store/vec4 v0000000001161b00_0, 0, 1;
    %pushi/vec4 1, 0, 1;
    %store/vec4 v0000000001161920_0, 0, 1;
    %pushi/vec4 0, 0, 1;
    %store/vec4 v0000000001161ba0_0, 0, 1;
    %delay 10000, 0;
    %vpi_call 2 48 "$display", "%d %d", v00000000011619c0_0, v0000000001161a60_0 {0 0 0};
    %pushi/vec4 0, 0, 1;
    %store/vec4 v0000000001161b00_0, 0, 1;
    %pushi/vec4 1, 0, 1;
    %store/vec4 v0000000001161920_0, 0, 1;
    %pushi/vec4 1, 0, 1;
    %store/vec4 v0000000001161ba0_0, 0, 1;
    %delay 10000, 0;
    %vpi_call 2 53 "$display", "%d %d", v00000000011619c0_0, v0000000001161a60_0 {0 0 0};
    %pushi/vec4 0, 0, 1;
    %store/vec4 v0000000001161b00_0, 0, 1;
    %pushi/vec4 1, 0, 1;
    %store/vec4 v0000000001161920_0, 0, 1;
    %pushi/vec4 1, 0, 1;
    %store/vec4 v0000000001161ba0_0, 0, 1;
    %delay 10000, 0;
    %vpi_call 2 58 "$display", "%d %d", v00000000011619c0_0, v0000000001161a60_0 {0 0 0};
    %pushi/vec4 0, 0, 1;
    %store/vec4 v0000000001161b00_0, 0, 1;
    %pushi/vec4 1, 0, 1;
    %store/vec4 v0000000001161920_0, 0, 1;
    %pushi/vec4 1, 0, 1;
    %store/vec4 v0000000001161ba0_0, 0, 1;
    %delay 10000, 0;
    %vpi_call 2 63 "$display", "%d %d", v00000000011619c0_0, v0000000001161a60_0 {0 0 0};
    %pushi/vec4 0, 0, 1;
    %store/vec4 v0000000001161b00_0, 0, 1;
    %pushi/vec4 1, 0, 1;
    %store/vec4 v0000000001161920_0, 0, 1;
    %pushi/vec4 1, 0, 1;
    %store/vec4 v0000000001161ba0_0, 0, 1;
    %delay 10000, 0;
    %vpi_call 2 68 "$display", "%d %d", v00000000011619c0_0, v0000000001161a60_0 {0 0 0};
    %pushi/vec4 0, 0, 1;
    %store/vec4 v0000000001161b00_0, 0, 1;
    %pushi/vec4 1, 0, 1;
    %store/vec4 v0000000001161920_0, 0, 1;
    %pushi/vec4 1, 0, 1;
    %store/vec4 v0000000001161ba0_0, 0, 1;
    %delay 10000, 0;
    %vpi_call 2 73 "$display", "%d %d", v00000000011619c0_0, v0000000001161a60_0 {0 0 0};
    %pushi/vec4 1, 0, 1;
    %store/vec4 v0000000001161b00_0, 0, 1;
    %pushi/vec4 1, 0, 1;
    %store/vec4 v0000000001161920_0, 0, 1;
    %pushi/vec4 1, 0, 1;
    %store/vec4 v0000000001161ba0_0, 0, 1;
    %delay 10000, 0;
    %vpi_call 2 78 "$display", "%d %d", v00000000011619c0_0, v0000000001161a60_0 {0 0 0};
    %pushi/vec4 0, 0, 1;
    %store/vec4 v0000000001161b00_0, 0, 1;
    %pushi/vec4 1, 0, 1;
    %store/vec4 v0000000001161920_0, 0, 1;
    %pushi/vec4 1, 0, 1;
    %store/vec4 v0000000001161ba0_0, 0, 1;
    %delay 10000, 0;
    %vpi_call 2 83 "$display", "%d %d", v00000000011619c0_0, v0000000001161a60_0 {0 0 0};
    %pushi/vec4 0, 0, 1;
    %store/vec4 v0000000001161b00_0, 0, 1;
    %pushi/vec4 1, 0, 1;
    %store/vec4 v0000000001161920_0, 0, 1;
    %pushi/vec4 1, 0, 1;
    %store/vec4 v0000000001161ba0_0, 0, 1;
    %delay 10000, 0;
    %vpi_call 2 88 "$display", "%d %d", v00000000011619c0_0, v0000000001161a60_0 {0 0 0};
    %pushi/vec4 0, 0, 1;
    %store/vec4 v0000000001161b00_0, 0, 1;
    %pushi/vec4 1, 0, 1;
    %store/vec4 v0000000001161920_0, 0, 1;
    %pushi/vec4 1, 0, 1;
    %store/vec4 v0000000001161ba0_0, 0, 1;
    %delay 10000, 0;
    %vpi_call 2 93 "$display", "%d %d", v00000000011619c0_0, v0000000001161a60_0 {0 0 0};
    %pushi/vec4 0, 0, 1;
    %store/vec4 v0000000001161b00_0, 0, 1;
    %pushi/vec4 1, 0, 1;
    %store/vec4 v0000000001161920_0, 0, 1;
    %pushi/vec4 1, 0, 1;
    %store/vec4 v0000000001161ba0_0, 0, 1;
    %delay 10000, 0;
    %vpi_call 2 98 "$display", "%d %d", v00000000011619c0_0, v0000000001161a60_0 {0 0 0};
    %delay 5000, 0;
    %vpi_call 2 100 "$finish" {0 0 0};
    %end;
    .thread T_5;
    .scope S_0000000001132a50;
T_6 ;
    %vpi_call 2 105 "$dumpfile", "tb_counter.vcd" {0 0 0};
    %vpi_call 2 106 "$dumpvars", 32'sb00000000000000000000000000000000, S_0000000001132a50 {0 0 0};
    %end;
    .thread T_6;
# The file index is used to find the file name in the following table.
:file_names 4;
    "N/A";
    "<interactive>";
    "tb_counter.v";
    "./counter.v";
