#! /usr/local/iverilog/bin/vvp
:ivl_version "11.0 (devel)" "(s20150603-642-g3bdb50da)";
:ivl_delay_selection "TYPICAL";
:vpi_time_precision - 12;
:vpi_module "system";
:vpi_module "vhdl_sys";
:vpi_module "vhdl_textio";
:vpi_module "v2005_math";
:vpi_module "va_math";
S_0000000001086d00 .scope module, "tb_counting" "tb_counting" 2 3;
 .timescale -9 -12;
P_0000000001086170 .param/l "PERIOD" 0 2 6, +C4<00000000000000000000000000001010>;
v0000000001087750_0 .net "ans", 0 0, L_0000000001087e30;  1 drivers
v00000000010877f0_0 .var "clk", 0 0;
v0000000001087890_0 .var "num", 1 0;
E_00000000010861f0 .event negedge, v0000000001087c50_0;
S_0000000001089300 .scope module, "u_counting" "counting" 2 20, 3 7 0, S_0000000001086d00;
 .timescale -9 -12;
    .port_info 0 /INPUT 2 "num";
    .port_info 1 /INPUT 1 "clk";
    .port_info 2 /OUTPUT 1 "ans";
L_00000000010ee838 .functor BUFT 1, C4<11>, C4<0>, C4<0>, C4<0>;
v0000000001087cf0_0 .net/2u *"_s0", 1 0, L_00000000010ee838;  1 drivers
v0000000001087390_0 .net *"_s2", 0 0, L_0000000001087bb0;  1 drivers
L_00000000010ee880 .functor BUFT 1, C4<1>, C4<0>, C4<0>, C4<0>;
v0000000001087b10_0 .net/2u *"_s4", 0 0, L_00000000010ee880;  1 drivers
L_00000000010ee8c8 .functor BUFT 1, C4<0>, C4<0>, C4<0>, C4<0>;
v0000000001087d90_0 .net/2u *"_s6", 0 0, L_00000000010ee8c8;  1 drivers
v00000000010871b0_0 .net "ans", 0 0, L_0000000001087e30;  alias, 1 drivers
v0000000001087c50_0 .net "clk", 0 0, v00000000010877f0_0;  1 drivers
v0000000001087570_0 .net "num", 1 0, v0000000001087890_0;  1 drivers
v0000000001086f30_0 .var "status", 1 0;
E_0000000001086230 .event posedge, v0000000001087c50_0;
L_0000000001087bb0 .cmp/eq 2, v0000000001086f30_0, L_00000000010ee838;
L_0000000001087e30 .functor MUXZ 1, L_00000000010ee8c8, L_00000000010ee880, L_0000000001087bb0, C4<>;
    .scope S_0000000001089300;
T_0 ;
    %pushi/vec4 0, 0, 2;
    %store/vec4 v0000000001086f30_0, 0, 2;
    %end;
    .thread T_0;
    .scope S_0000000001089300;
T_1 ;
    %wait E_0000000001086230;
    %load/vec4 v0000000001086f30_0;
    %cmpi/e 0, 0, 2;
    %jmp/0xz  T_1.0, 4;
    %load/vec4 v0000000001087570_0;
    %pad/u 32;
    %cmpi/e 1, 0, 32;
    %jmp/0xz  T_1.2, 4;
    %pushi/vec4 1, 0, 2;
    %assign/vec4 v0000000001086f30_0, 0;
    %jmp T_1.3;
T_1.2 ;
    %pushi/vec4 0, 0, 2;
    %assign/vec4 v0000000001086f30_0, 0;
T_1.3 ;
    %jmp T_1.1;
T_1.0 ;
    %load/vec4 v0000000001086f30_0;
    %cmpi/e 1, 0, 2;
    %jmp/0xz  T_1.4, 4;
    %load/vec4 v0000000001087570_0;
    %pad/u 32;
    %cmpi/e 2, 0, 32;
    %jmp/0xz  T_1.6, 4;
    %pushi/vec4 2, 0, 2;
    %assign/vec4 v0000000001086f30_0, 0;
    %jmp T_1.7;
T_1.6 ;
    %load/vec4 v0000000001087570_0;
    %pad/u 32;
    %cmpi/e 1, 0, 32;
    %jmp/0xz  T_1.8, 4;
    %pushi/vec4 1, 0, 2;
    %assign/vec4 v0000000001086f30_0, 0;
    %jmp T_1.9;
T_1.8 ;
    %pushi/vec4 0, 0, 2;
    %assign/vec4 v0000000001086f30_0, 0;
T_1.9 ;
T_1.7 ;
    %jmp T_1.5;
T_1.4 ;
    %load/vec4 v0000000001086f30_0;
    %cmpi/e 2, 0, 2;
    %jmp/0xz  T_1.10, 4;
    %load/vec4 v0000000001087570_0;
    %pad/u 32;
    %cmpi/e 3, 0, 32;
    %jmp/0xz  T_1.12, 4;
    %pushi/vec4 3, 0, 2;
    %assign/vec4 v0000000001086f30_0, 0;
    %jmp T_1.13;
T_1.12 ;
    %load/vec4 v0000000001087570_0;
    %pad/u 32;
    %cmpi/e 2, 0, 32;
    %jmp/0xz  T_1.14, 4;
    %pushi/vec4 2, 0, 2;
    %assign/vec4 v0000000001086f30_0, 0;
    %jmp T_1.15;
T_1.14 ;
    %load/vec4 v0000000001087570_0;
    %pad/u 32;
    %cmpi/e 1, 0, 32;
    %jmp/0xz  T_1.16, 4;
    %pushi/vec4 1, 0, 2;
    %assign/vec4 v0000000001086f30_0, 0;
    %jmp T_1.17;
T_1.16 ;
    %pushi/vec4 0, 0, 2;
    %assign/vec4 v0000000001086f30_0, 0;
T_1.17 ;
T_1.15 ;
T_1.13 ;
    %jmp T_1.11;
T_1.10 ;
    %load/vec4 v0000000001086f30_0;
    %cmpi/e 3, 0, 2;
    %jmp/0xz  T_1.18, 4;
    %load/vec4 v0000000001087570_0;
    %pad/u 32;
    %cmpi/e 3, 0, 32;
    %jmp/0xz  T_1.20, 4;
    %pushi/vec4 3, 0, 2;
    %assign/vec4 v0000000001086f30_0, 0;
    %jmp T_1.21;
T_1.20 ;
    %load/vec4 v0000000001087570_0;
    %pad/u 32;
    %cmpi/e 1, 0, 32;
    %jmp/0xz  T_1.22, 4;
    %pushi/vec4 1, 0, 2;
    %assign/vec4 v0000000001086f30_0, 0;
    %jmp T_1.23;
T_1.22 ;
    %pushi/vec4 0, 0, 2;
    %assign/vec4 v0000000001086f30_0, 0;
T_1.23 ;
T_1.21 ;
    %jmp T_1.19;
T_1.18 ;
    %pushi/vec4 0, 0, 2;
    %assign/vec4 v0000000001086f30_0, 0;
T_1.19 ;
T_1.11 ;
T_1.5 ;
T_1.1 ;
    %jmp T_1;
    .thread T_1;
    .scope S_0000000001086d00;
T_2 ;
    %pushi/vec4 0, 0, 2;
    %store/vec4 v0000000001087890_0, 0, 2;
    %pushi/vec4 0, 0, 1;
    %store/vec4 v00000000010877f0_0, 0, 1;
    %end;
    .thread T_2;
    .scope S_0000000001086d00;
T_3 ;
T_3.0 ;
    %delay 5000, 0;
    %load/vec4 v00000000010877f0_0;
    %inv;
    %store/vec4 v00000000010877f0_0, 0, 1;
    %jmp T_3.0;
    %end;
    .thread T_3;
    .scope S_0000000001086d00;
T_4 ;
    %pushi/vec4 0, 0, 2;
    %store/vec4 v0000000001087890_0, 0, 2;
    %pushi/vec4 0, 0, 1;
    %store/vec4 v00000000010877f0_0, 0, 1;
    %delay 20000, 0;
    %pushi/vec4 1, 0, 2;
    %store/vec4 v0000000001087890_0, 0, 2;
    %wait E_00000000010861f0;
    %vpi_call 2 34 "$display", "%d ", v0000000001087750_0 {0 0 0};
    %pushi/vec4 1, 0, 2;
    %store/vec4 v0000000001087890_0, 0, 2;
    %wait E_00000000010861f0;
    %vpi_call 2 38 "$display", "%d ", v0000000001087750_0 {0 0 0};
    %pushi/vec4 2, 0, 2;
    %store/vec4 v0000000001087890_0, 0, 2;
    %wait E_00000000010861f0;
    %vpi_call 2 42 "$display", "%d ", v0000000001087750_0 {0 0 0};
    %pushi/vec4 3, 0, 2;
    %store/vec4 v0000000001087890_0, 0, 2;
    %wait E_00000000010861f0;
    %vpi_call 2 45 "$display", "%d ", v0000000001087750_0 {0 0 0};
    %pushi/vec4 3, 0, 2;
    %store/vec4 v0000000001087890_0, 0, 2;
    %wait E_00000000010861f0;
    %vpi_call 2 49 "$display", "%d ", v0000000001087750_0 {0 0 0};
    %pushi/vec4 1, 0, 2;
    %store/vec4 v0000000001087890_0, 0, 2;
    %wait E_00000000010861f0;
    %vpi_call 2 53 "$display", "%d ", v0000000001087750_0 {0 0 0};
    %pushi/vec4 2, 0, 2;
    %store/vec4 v0000000001087890_0, 0, 2;
    %wait E_00000000010861f0;
    %vpi_call 2 57 "$display", "%d ", v0000000001087750_0 {0 0 0};
    %pushi/vec4 1, 0, 2;
    %store/vec4 v0000000001087890_0, 0, 2;
    %wait E_00000000010861f0;
    %vpi_call 2 61 "$display", "%d ", v0000000001087750_0 {0 0 0};
    %pushi/vec4 1, 0, 2;
    %store/vec4 v0000000001087890_0, 0, 2;
    %wait E_00000000010861f0;
    %vpi_call 2 65 "$display", "%d ", v0000000001087750_0 {0 0 0};
    %pushi/vec4 1, 0, 2;
    %store/vec4 v0000000001087890_0, 0, 2;
    %wait E_00000000010861f0;
    %vpi_call 2 69 "$display", "%d ", v0000000001087750_0 {0 0 0};
    %pushi/vec4 2, 0, 2;
    %store/vec4 v0000000001087890_0, 0, 2;
    %wait E_00000000010861f0;
    %vpi_call 2 73 "$display", "%d ", v0000000001087750_0 {0 0 0};
    %pushi/vec4 2, 0, 2;
    %store/vec4 v0000000001087890_0, 0, 2;
    %wait E_00000000010861f0;
    %vpi_call 2 77 "$display", "%d ", v0000000001087750_0 {0 0 0};
    %pushi/vec4 3, 0, 2;
    %store/vec4 v0000000001087890_0, 0, 2;
    %wait E_00000000010861f0;
    %vpi_call 2 81 "$display", "%d ", v0000000001087750_0 {0 0 0};
    %pushi/vec4 3, 0, 2;
    %store/vec4 v0000000001087890_0, 0, 2;
    %wait E_00000000010861f0;
    %vpi_call 2 85 "$display", "%d ", v0000000001087750_0 {0 0 0};
    %pushi/vec4 3, 0, 2;
    %store/vec4 v0000000001087890_0, 0, 2;
    %wait E_00000000010861f0;
    %vpi_call 2 89 "$display", "%d ", v0000000001087750_0 {0 0 0};
    %pushi/vec4 1, 0, 2;
    %store/vec4 v0000000001087890_0, 0, 2;
    %wait E_00000000010861f0;
    %vpi_call 2 93 "$display", "%d ", v0000000001087750_0 {0 0 0};
    %delay 20000, 0;
    %vpi_call 2 96 "$finish" {0 0 0};
    %end;
    .thread T_4;
    .scope S_0000000001086d00;
T_5 ;
    %vpi_call 2 100 "$dumpfile", "tb_counting.vcd" {0 0 0};
    %vpi_call 2 101 "$dumpvars", 32'sb00000000000000000000000000000000, S_0000000001086d00 {0 0 0};
    %end;
    .thread T_5;
# The file index is used to find the file name in the following table.
:file_names 4;
    "N/A";
    "<interactive>";
    "tb_counting.v";
    "./counting123.v";
