#! /usr/local/iverilog/bin/vvp
:ivl_version "11.0 (devel)" "(s20150603-642-g3bdb50da)";
:ivl_delay_selection "TYPICAL";
:vpi_time_precision - 12;
:vpi_module "system";
:vpi_module "vhdl_sys";
:vpi_module "vhdl_textio";
:vpi_module "v2005_math";
:vpi_module "va_math";
S_00000000011db8f0 .scope module, "tb_id_fsm" "tb_id_fsm" 2 3;
 .timescale -9 -12;
P_00000000010d8e20 .param/l "PERIOD" 0 2 5, +C4<00000000000000000000000000001010>;
v000000000111d820_0 .var "char", 7 0;
v000000000111d8c0_0 .var "clk", 0 0;
v000000000111d960_0 .net "out", 0 0, v00000000010a30d0_0;  1 drivers
S_00000000010a2d60 .scope module, "u_id_fsm" "id_fsm" 2 19, 3 1 0, S_00000000011db8f0;
 .timescale -9 -12;
    .port_info 0 /INPUT 8 "char";
    .port_info 1 /INPUT 1 "clk";
    .port_info 2 /OUTPUT 1 "out";
v00000000010a2ef0_0 .net "char", 7 0, v000000000111d820_0;  1 drivers
v00000000010a2f90_0 .net "clk", 0 0, v000000000111d8c0_0;  1 drivers
v00000000010a3030_0 .var "flag", 0 0;
v00000000010a30d0_0 .var "out", 0 0;
E_00000000010d90e0 .event posedge, v00000000010a2f90_0;
    .scope S_00000000010a2d60;
T_0 ;
    %pushi/vec4 0, 0, 1;
    %store/vec4 v00000000010a30d0_0, 0, 1;
    %end;
    .thread T_0;
    .scope S_00000000010a2d60;
T_1 ;
    %wait E_00000000010d90e0;
    %pushi/vec4 97, 0, 32;
    %load/vec4 v00000000010a2ef0_0;
    %pad/u 32;
    %cmp/u;
    %flag_get/vec4 4;
    %flag_get/vec4 5;
    %or;
    %load/vec4 v00000000010a2ef0_0;
    %pad/u 32;
    %cmpi/u 122, 0, 32;
    %flag_get/vec4 4;
    %flag_get/vec4 5;
    %or;
    %and;
    %flag_set/vec4 8;
    %pushi/vec4 65, 0, 32;
    %load/vec4 v00000000010a2ef0_0;
    %pad/u 32;
    %cmp/u;
    %flag_get/vec4 4;
    %flag_get/vec4 5;
    %or;
    %load/vec4 v00000000010a2ef0_0;
    %pad/u 32;
    %cmpi/u 90, 0, 32;
    %flag_get/vec4 4;
    %flag_get/vec4 5;
    %or;
    %and;
    %flag_set/vec4 9;
    %flag_or 9, 8;
    %jmp/0xz  T_1.0, 9;
    %pushi/vec4 1, 0, 1;
    %assign/vec4 v00000000010a3030_0, 0;
    %pushi/vec4 0, 0, 1;
    %assign/vec4 v00000000010a30d0_0, 0;
    %jmp T_1.1;
T_1.0 ;
    %pushi/vec4 30, 0, 32;
    %load/vec4 v00000000010a2ef0_0;
    %pad/u 32;
    %cmp/u;
    %flag_get/vec4 4;
    %flag_get/vec4 5;
    %or;
    %load/vec4 v00000000010a2ef0_0;
    %pad/u 32;
    %cmpi/u 39, 0, 32;
    %flag_get/vec4 4;
    %flag_get/vec4 5;
    %or;
    %and;
    %flag_set/vec4 8;
    %jmp/0xz  T_1.2, 8;
    %load/vec4 v00000000010a3030_0;
    %flag_set/vec4 8;
    %jmp/0xz  T_1.4, 8;
    %pushi/vec4 1, 0, 1;
    %assign/vec4 v00000000010a30d0_0, 0;
    %jmp T_1.5;
T_1.4 ;
    %pushi/vec4 0, 0, 1;
    %assign/vec4 v00000000010a30d0_0, 0;
T_1.5 ;
    %jmp T_1.3;
T_1.2 ;
    %pushi/vec4 0, 0, 1;
    %assign/vec4 v00000000010a30d0_0, 0;
    %pushi/vec4 0, 0, 1;
    %assign/vec4 v00000000010a3030_0, 0;
T_1.3 ;
T_1.1 ;
    %jmp T_1;
    .thread T_1;
    .scope S_00000000011db8f0;
T_2 ;
    %pushi/vec4 0, 0, 8;
    %store/vec4 v000000000111d820_0, 0, 8;
    %pushi/vec4 0, 0, 1;
    %store/vec4 v000000000111d8c0_0, 0, 1;
    %end;
    .thread T_2;
    .scope S_00000000011db8f0;
T_3 ;
T_3.0 ;
    %delay 5000, 0;
    %load/vec4 v000000000111d8c0_0;
    %inv;
    %store/vec4 v000000000111d8c0_0, 0, 1;
    %jmp T_3.0;
    %end;
    .thread T_3;
    .scope S_00000000011db8f0;
T_4 ;
    %pushi/vec4 30, 0, 8;
    %store/vec4 v000000000111d820_0, 0, 8;
    %delay 20000, 0;
    %vpi_call 2 30 "$display", "%d", v000000000111d960_0 {0 0 0};
    %pushi/vec4 88, 0, 8;
    %store/vec4 v000000000111d820_0, 0, 8;
    %delay 10000, 0;
    %vpi_call 2 33 "$display", "%d", v000000000111d960_0 {0 0 0};
    %pushi/vec4 30, 0, 8;
    %store/vec4 v000000000111d820_0, 0, 8;
    %delay 10000, 0;
    %vpi_call 2 36 "$display", "%d", v000000000111d960_0 {0 0 0};
    %pushi/vec4 30, 0, 8;
    %store/vec4 v000000000111d820_0, 0, 8;
    %delay 10000, 0;
    %vpi_call 2 39 "$display", "%d", v000000000111d960_0 {0 0 0};
    %pushi/vec4 29, 0, 8;
    %store/vec4 v000000000111d820_0, 0, 8;
    %delay 10000, 0;
    %vpi_call 2 42 "$display", "%d", v000000000111d960_0 {0 0 0};
    %pushi/vec4 89, 0, 8;
    %store/vec4 v000000000111d820_0, 0, 8;
    %delay 10000, 0;
    %vpi_call 2 45 "$display", "%d", v000000000111d960_0 {0 0 0};
    %vpi_call 2 46 "$finish" {0 0 0};
    %end;
    .thread T_4;
    .scope S_00000000011db8f0;
T_5 ;
    %vpi_call 2 50 "$dumpfile", "tb_id_fsm.vcd" {0 0 0};
    %vpi_call 2 51 "$dumpvars", 32'sb00000000000000000000000000000000, S_00000000011db8f0 {0 0 0};
    %end;
    .thread T_5;
# The file index is used to find the file name in the following table.
:file_names 4;
    "N/A";
    "<interactive>";
    "tb_id_fsm.v";
    "./id_fsm.v";
