#! /usr/local/iverilog/bin/vvp
:ivl_version "11.0 (devel)" "(s20150603-642-g3bdb50da)";
:ivl_delay_selection "TYPICAL";
:vpi_time_precision - 12;
:vpi_module "system";
:vpi_module "vhdl_sys";
:vpi_module "vhdl_textio";
:vpi_module "v2005_math";
:vpi_module "va_math";
S_0000000001205b00 .scope module, "tb_ALU" "tb_ALU" 2 3;
 .timescale -9 -12;
v00000000011d2be0_0 .net "ans", 3 0, v0000000001205c90_0;  1 drivers
v00000000011d2c80_0 .var "clk", 0 0;
v00000000011d2d20_0 .var "inA", 3 0;
v00000000011d2dc0_0 .var "inB", 3 0;
v0000000001202d50_0 .var "op", 1 0;
S_00000000011d2a50 .scope module, "dut" "ALU" 2 37, 3 2 0, S_0000000001205b00;
 .timescale -9 -12;
    .port_info 0 /INPUT 4 "inA";
    .port_info 1 /INPUT 4 "inB";
    .port_info 2 /INPUT 2 "op";
    .port_info 3 /INPUT 2 "inC";
    .port_info 4 /OUTPUT 4 "ans";
v0000000001205c90_0 .var "ans", 3 0;
v0000000001205d30_0 .net "inA", 3 0, v00000000011d2d20_0;  1 drivers
v00000000011bddd0_0 .net "inB", 3 0, v00000000011d2dc0_0;  1 drivers
o000000000120a038 .functor BUFZ 2, C4<zz>; HiZ drive
v00000000011bde70_0 .net "inC", 1 0, o000000000120a038;  0 drivers
v00000000011bdf10_0 .net "op", 1 0, v0000000001202d50_0;  1 drivers
E_00000000011ba2d0 .event edge, v00000000011bdf10_0, v0000000001205d30_0, v00000000011bde70_0, v00000000011bddd0_0;
    .scope S_00000000011d2a50;
T_0 ;
    %wait E_00000000011ba2d0;
    %load/vec4 v00000000011bdf10_0;
    %dup/vec4;
    %pushi/vec4 0, 0, 2;
    %cmp/u;
    %jmp/1 T_0.0, 6;
    %dup/vec4;
    %pushi/vec4 1, 0, 2;
    %cmp/u;
    %jmp/1 T_0.1, 6;
    %dup/vec4;
    %pushi/vec4 2, 0, 2;
    %cmp/u;
    %jmp/1 T_0.2, 6;
    %dup/vec4;
    %pushi/vec4 3, 0, 2;
    %cmp/u;
    %jmp/1 T_0.3, 6;
    %pushi/vec4 0, 0, 4;
    %store/vec4 v0000000001205c90_0, 0, 4;
    %jmp T_0.5;
T_0.0 ;
    %load/vec4 v0000000001205d30_0;
    %ix/getv 4, v00000000011bde70_0;
    %shiftr/s 4;
    %store/vec4 v0000000001205c90_0, 0, 4;
    %jmp T_0.5;
T_0.1 ;
    %load/vec4 v0000000001205d30_0;
    %ix/getv 4, v00000000011bde70_0;
    %shiftr 4;
    %store/vec4 v0000000001205c90_0, 0, 4;
    %jmp T_0.5;
T_0.2 ;
    %load/vec4 v0000000001205d30_0;
    %load/vec4 v00000000011bddd0_0;
    %sub;
    %store/vec4 v0000000001205c90_0, 0, 4;
    %jmp T_0.5;
T_0.3 ;
    %load/vec4 v0000000001205d30_0;
    %load/vec4 v00000000011bddd0_0;
    %add;
    %store/vec4 v0000000001205c90_0, 0, 4;
    %jmp T_0.5;
T_0.5 ;
    %pop/vec4 1;
    %jmp T_0;
    .thread T_0, $push;
    .scope S_0000000001205b00;
T_1 ;
    %pushi/vec4 0, 0, 1;
    %store/vec4 v00000000011d2c80_0, 0, 1;
    %end;
    .thread T_1;
    .scope S_0000000001205b00;
T_2 ;
    %delay 1000, 0;
    %load/vec4 v00000000011d2c80_0;
    %inv;
    %store/vec4 v00000000011d2c80_0, 0, 1;
    %jmp T_2;
    .thread T_2;
    .scope S_0000000001205b00;
T_3 ;
    %pushi/vec4 0, 0, 4;
    %store/vec4 v00000000011d2d20_0, 0, 4;
    %pushi/vec4 0, 0, 4;
    %store/vec4 v00000000011d2dc0_0, 0, 4;
    %pushi/vec4 0, 0, 2;
    %store/vec4 v0000000001202d50_0, 0, 2;
    %delay 10000, 0;
    %pushi/vec4 2, 0, 4;
    %store/vec4 v00000000011d2d20_0, 0, 4;
    %pushi/vec4 3, 0, 4;
    %store/vec4 v00000000011d2dc0_0, 0, 4;
    %pushi/vec4 2, 0, 2;
    %store/vec4 v0000000001202d50_0, 0, 2;
    %delay 2000, 0;
    %vpi_call 2 24 "$display", "%d", v00000000011d2be0_0 {0 0 0};
    %pushi/vec4 2, 0, 4;
    %store/vec4 v00000000011d2d20_0, 0, 4;
    %pushi/vec4 3, 0, 4;
    %store/vec4 v00000000011d2dc0_0, 0, 4;
    %pushi/vec4 3, 0, 2;
    %store/vec4 v0000000001202d50_0, 0, 2;
    %delay 2000, 0;
    %vpi_call 2 30 "$display", "%d", v00000000011d2be0_0 {0 0 0};
    %delay 2000, 0;
    %vpi_call 2 33 "$finish" {0 0 0};
    %end;
    .thread T_3;
    .scope S_0000000001205b00;
T_4 ;
    %vpi_call 2 40 "$dumpfile", "tb_ALU.vcd" {0 0 0};
    %vpi_call 2 41 "$dumpvars", 32'sb00000000000000000000000000000000, S_0000000001205b00 {0 0 0};
    %end;
    .thread T_4;
# The file index is used to find the file name in the following table.
:file_names 4;
    "N/A";
    "<interactive>";
    "tb_ALU.v";
    "./ALU.v";
